2023-04-10 07:08:13.105 [info] Extension host with pid 422629 started
2023-04-10 07:08:13.121 [info] Lock '/root/.vscode-server/data/User/workspaceStorage/34e4a3fbf9cd61ff4a3f8f58cd70a61f/vscode.lock': Lock acquired.
2023-04-10 07:08:13.240 [info] ExtensionService#_doActivateExtension vscode.emmet, startup: false, activationEvent: 'onLanguage'
2023-04-10 07:08:13.241 [info] ExtensionService#_doActivateExtension vscode.git-base, startup: false, activationEvent: '*', root cause: vscode.git
2023-04-10 07:08:13.241 [info] ExtensionService#_doActivateExtension vscode.typescript-language-features, startup: false, activationEvent: 'onLanguage:typescript'
2023-04-10 07:08:13.786 [info] ExtensionService#_doActivateExtension vscode.git, startup: false, activationEvent: '*'
2023-04-10 07:08:13.787 [info] ExtensionService#_doActivateExtension vscode.github, startup: false, activationEvent: '*'
2023-04-10 07:08:14.358 [info] Eager extensions activated
2023-04-10 07:08:14.367 [info] ExtensionService#_doActivateExtension vscode.debug-auto-launch, startup: false, activationEvent: 'onStartupFinished'
2023-04-10 07:08:14.371 [info] ExtensionService#_doActivateExtension vscode.merge-conflict, startup: false, activationEvent: 'onStartupFinished'
2023-04-10 07:08:59.556 [info] Extension host terminating: parent process 422154 does not exist anymore: kill ESRCH (code: ESRCH) (errno: -3)
2023-04-10 07:08:59.557 [info] Lock '/root/.vscode-server/data/User/workspaceStorage/34e4a3fbf9cd61ff4a3f8f58cd70a61f/vscode.lock': Marking the lockfile as scheduled to be released in 6000 ms.
2023-04-10 07:08:59.576 [error] Canceled: Canceled
	at new l (/root/.vscode-server/bin/b7886d7461186a5eac768481578c1d7ca80e2d21/out/vs/workbench/api/node/extensionHostProcess.js:99:105190)
	at c.O (/root/.vscode-server/bin/b7886d7461186a5eac768481578c1d7ca80e2d21/out/vs/workbench/api/node/extensionHostProcess.js:109:11692)
	at Proxy.G.<computed>.Q.charCodeAt.G.<computed> (/root/.vscode-server/bin/b7886d7461186a5eac768481578c1d7ca80e2d21/out/vs/workbench/api/node/extensionHostProcess.js:109:8967)
	at m.g (/root/.vscode-server/bin/b7886d7461186a5eac768481578c1d7ca80e2d21/out/vs/workbench/api/node/extensionHostProcess.js:99:125211)
	at m.executeCommand (/root/.vscode-server/bin/b7886d7461186a5eac768481578c1d7ca80e2d21/out/vs/workbench/api/node/extensionHostProcess.js:99:124587)
	at L.registerCommand.description (/root/.vscode-server/bin/b7886d7461186a5eac768481578c1d7ca80e2d21/out/vs/workbench/api/node/extensionHostProcess.js:99:123880)
	at m.h (/root/.vscode-server/bin/b7886d7461186a5eac768481578c1d7ca80e2d21/out/vs/workbench/api/node/extensionHostProcess.js:99:125797)
	at m.g (/root/.vscode-server/bin/b7886d7461186a5eac768481578c1d7ca80e2d21/out/vs/workbench/api/node/extensionHostProcess.js:99:124687)
	at m.executeCommand (/root/.vscode-server/bin/b7886d7461186a5eac768481578c1d7ca80e2d21/out/vs/workbench/api/node/extensionHostProcess.js:99:124587)
	at Object.executeCommand (/root/.vscode-server/bin/b7886d7461186a5eac768481578c1d7ca80e2d21/out/vs/workbench/api/node/extensionHostProcess.js:115:23801)
	at D (/root/.vscode-server/bin/b7886d7461186a5eac768481578c1d7ca80e2d21/extensions/git/dist/main.js:2:1467156)
	at E.invoke (/root/.vscode-server/bin/b7886d7461186a5eac768481578c1d7ca80e2d21/out/vs/workbench/api/node/extensionHostProcess.js:63:145)
	at h.deliver (/root/.vscode-server/bin/b7886d7461186a5eac768481578c1d7ca80e2d21/out/vs/workbench/api/node/extensionHostProcess.js:63:2121)
	at n.fire (/root/.vscode-server/bin/b7886d7461186a5eac768481578c1d7ca80e2d21/out/vs/workbench/api/node/extensionHostProcess.js:63:1729)
	at Object.m [as dispose] (/root/.vscode-server/bin/b7886d7461186a5eac768481578c1d7ca80e2d21/extensions/git/dist/main.js:2:1481885)
	at /root/.vscode-server/bin/b7886d7461186a5eac768481578c1d7ca80e2d21/extensions/git/dist/main.js:2:1485952
	at Array.forEach (<anonymous>)
	at g.dispose (/root/.vscode-server/bin/b7886d7461186a5eac768481578c1d7ca80e2d21/extensions/git/dist/main.js:2:1485938)
	at t.<anonymous> (/root/.vscode-server/bin/b7886d7461186a5eac768481578c1d7ca80e2d21/out/vs/workbench/api/node/extensionHostProcess.js:97:12398)
	at t.dispose (/root/.vscode-server/bin/b7886d7461186a5eac768481578c1d7ca80e2d21/out/vs/workbench/api/node/extensionHostProcess.js:97:12533)
	at t.<anonymous> (/root/.vscode-server/bin/b7886d7461186a5eac768481578c1d7ca80e2d21/extensions/git/dist/main.js:2:1469286)
	at t.dispose (/root/.vscode-server/bin/b7886d7461186a5eac768481578c1d7ca80e2d21/out/vs/workbench/api/node/extensionHostProcess.js:97:12533)
	at I (/root/.vscode-server/bin/b7886d7461186a5eac768481578c1d7ca80e2d21/out/vs/workbench/api/node/extensionHostProcess.js:10:12084)
	at E.Y (/root/.vscode-server/bin/b7886d7461186a5eac768481578c1d7ca80e2d21/out/vs/workbench/api/node/extensionHostProcess.js:111:11147)
	at /root/.vscode-server/bin/b7886d7461186a5eac768481578c1d7ca80e2d21/out/vs/workbench/api/node/extensionHostProcess.js:111:9131
	at Array.map (<anonymous>)
	at E.R (/root/.vscode-server/bin/b7886d7461186a5eac768481578c1d7ca80e2d21/out/vs/workbench/api/node/extensionHostProcess.js:111:9118)
	at E.terminate (/root/.vscode-server/bin/b7886d7461186a5eac768481578c1d7ca80e2d21/out/vs/workbench/api/node/extensionHostProcess.js:111:9389)
	at d.terminate (/root/.vscode-server/bin/b7886d7461186a5eac768481578c1d7ca80e2d21/out/vs/workbench/api/node/extensionHostProcess.js:115:1544)
	at p (/root/.vscode-server/bin/b7886d7461186a5eac768481578c1d7ca80e2d21/out/vs/workbench/api/node/extensionHostProcess.js:125:18690)
	at Timeout._onTimeout (/root/.vscode-server/bin/b7886d7461186a5eac768481578c1d7ca80e2d21/out/vs/workbench/api/node/extensionHostProcess.js:125:17135)
	at listOnTimeout (node:internal/timers:559:17)
	at processTimers (node:internal/timers:502:7) setContext undefined
2023-04-10 07:08:59.576 [error] Canceled: Canceled
	at new l (/root/.vscode-server/bin/b7886d7461186a5eac768481578c1d7ca80e2d21/out/vs/workbench/api/node/extensionHostProcess.js:99:105190)
	at c.O (/root/.vscode-server/bin/b7886d7461186a5eac768481578c1d7ca80e2d21/out/vs/workbench/api/node/extensionHostProcess.js:109:11692)
	at Proxy.G.<computed>.Q.charCodeAt.G.<computed> (/root/.vscode-server/bin/b7886d7461186a5eac768481578c1d7ca80e2d21/out/vs/workbench/api/node/extensionHostProcess.js:109:8967)
	at m.g (/root/.vscode-server/bin/b7886d7461186a5eac768481578c1d7ca80e2d21/out/vs/workbench/api/node/extensionHostProcess.js:99:125211)
	at m.executeCommand (/root/.vscode-server/bin/b7886d7461186a5eac768481578c1d7ca80e2d21/out/vs/workbench/api/node/extensionHostProcess.js:99:124587)
	at L.registerCommand.description (/root/.vscode-server/bin/b7886d7461186a5eac768481578c1d7ca80e2d21/out/vs/workbench/api/node/extensionHostProcess.js:99:123880)
	at m.h (/root/.vscode-server/bin/b7886d7461186a5eac768481578c1d7ca80e2d21/out/vs/workbench/api/node/extensionHostProcess.js:99:125797)
	at m.g (/root/.vscode-server/bin/b7886d7461186a5eac768481578c1d7ca80e2d21/out/vs/workbench/api/node/extensionHostProcess.js:99:124687)
	at m.executeCommand (/root/.vscode-server/bin/b7886d7461186a5eac768481578c1d7ca80e2d21/out/vs/workbench/api/node/extensionHostProcess.js:99:124587)
	at Object.executeCommand (/root/.vscode-server/bin/b7886d7461186a5eac768481578c1d7ca80e2d21/out/vs/workbench/api/node/extensionHostProcess.js:115:23801)
	at D (/root/.vscode-server/bin/b7886d7461186a5eac768481578c1d7ca80e2d21/extensions/git/dist/main.js:2:1467156)
	at E.invoke (/root/.vscode-server/bin/b7886d7461186a5eac768481578c1d7ca80e2d21/out/vs/workbench/api/node/extensionHostProcess.js:63:145)
	at h.deliver (/root/.vscode-server/bin/b7886d7461186a5eac768481578c1d7ca80e2d21/out/vs/workbench/api/node/extensionHostProcess.js:63:2121)
	at n.fire (/root/.vscode-server/bin/b7886d7461186a5eac768481578c1d7ca80e2d21/out/vs/workbench/api/node/extensionHostProcess.js:63:1729)
	at Object.m [as dispose] (/root/.vscode-server/bin/b7886d7461186a5eac768481578c1d7ca80e2d21/extensions/git/dist/main.js:2:1481885)
	at /root/.vscode-server/bin/b7886d7461186a5eac768481578c1d7ca80e2d21/extensions/git/dist/main.js:2:1485952
	at Array.forEach (<anonymous>)
	at g.dispose (/root/.vscode-server/bin/b7886d7461186a5eac768481578c1d7ca80e2d21/extensions/git/dist/main.js:2:1485938)
	at t.<anonymous> (/root/.vscode-server/bin/b7886d7461186a5eac768481578c1d7ca80e2d21/out/vs/workbench/api/node/extensionHostProcess.js:97:12398)
	at t.dispose (/root/.vscode-server/bin/b7886d7461186a5eac768481578c1d7ca80e2d21/out/vs/workbench/api/node/extensionHostProcess.js:97:12533)
	at t.<anonymous> (/root/.vscode-server/bin/b7886d7461186a5eac768481578c1d7ca80e2d21/extensions/git/dist/main.js:2:1469286)
	at t.dispose (/root/.vscode-server/bin/b7886d7461186a5eac768481578c1d7ca80e2d21/out/vs/workbench/api/node/extensionHostProcess.js:97:12533)
	at I (/root/.vscode-server/bin/b7886d7461186a5eac768481578c1d7ca80e2d21/out/vs/workbench/api/node/extensionHostProcess.js:10:12084)
	at E.Y (/root/.vscode-server/bin/b7886d7461186a5eac768481578c1d7ca80e2d21/out/vs/workbench/api/node/extensionHostProcess.js:111:11147)
	at /root/.vscode-server/bin/b7886d7461186a5eac768481578c1d7ca80e2d21/out/vs/workbench/api/node/extensionHostProcess.js:111:9131
	at Array.map (<anonymous>)
	at E.R (/root/.vscode-server/bin/b7886d7461186a5eac768481578c1d7ca80e2d21/out/vs/workbench/api/node/extensionHostProcess.js:111:9118)
	at E.terminate (/root/.vscode-server/bin/b7886d7461186a5eac768481578c1d7ca80e2d21/out/vs/workbench/api/node/extensionHostProcess.js:111:9389)
	at d.terminate (/root/.vscode-server/bin/b7886d7461186a5eac768481578c1d7ca80e2d21/out/vs/workbench/api/node/extensionHostProcess.js:115:1544)
	at p (/root/.vscode-server/bin/b7886d7461186a5eac768481578c1d7ca80e2d21/out/vs/workbench/api/node/extensionHostProcess.js:125:18690)
	at Timeout._onTimeout (/root/.vscode-server/bin/b7886d7461186a5eac768481578c1d7ca80e2d21/out/vs/workbench/api/node/extensionHostProcess.js:125:17135)
	at listOnTimeout (node:internal/timers:559:17)
	at processTimers (node:internal/timers:502:7) setContext undefined
2023-04-10 07:08:59.576 [info] Extension host with pid 422629 exiting with code 0
