2023-04-04 03:50:44.378 [info] Log level: Info
2023-04-04 03:50:44.378 [info] Validating found git in: "git"
2023-04-04 03:50:44.378 [info] Using git "2.25.1" from "git"
2023-04-04 03:50:44.378 [info] > git rev-parse --show-toplevel [94ms]
2023-04-04 03:50:44.378 [info] > git rev-parse --git-dir --git-common-dir [3ms]
2023-04-04 03:50:44.378 [info] Open repository: /root/GenXIoT
2023-04-04 03:50:44.378 [info] > git rev-parse --show-toplevel [23ms]
2023-04-04 03:50:44.378 [info] > git config --get commit.template [22ms]
2023-04-04 03:50:44.378 [info] > git for-each-ref --format=%(refname)%00%(upstream:short)%00%(objectname)%00%(upstream:track)%00%(upstream:remotename)%00%(upstream:remoteref) refs/heads/master refs/remotes/master [3ms]
2023-04-04 03:50:44.378 [info] > git rev-parse --show-toplevel [56ms]
2023-04-04 03:50:44.378 [info] > git status -z -uall [15ms]
2023-04-04 03:50:44.378 [info] > git rev-parse --show-toplevel [50ms]
2023-04-04 03:50:44.378 [info] > git config --get commit.template [16ms]
2023-04-04 03:50:44.378 [info] > git rev-parse --show-toplevel [2ms]
2023-04-04 03:50:44.378 [info] > git rev-parse --show-toplevel [17ms]
2023-04-04 03:50:44.378 [info] > git rev-parse --show-toplevel [53ms]
2023-04-04 03:50:44.378 [info] > git for-each-ref --format=%(refname)%00%(upstream:short)%00%(objectname)%00%(upstream:track)%00%(upstream:remotename)%00%(upstream:remoteref) refs/heads/master refs/remotes/master [94ms]
2023-04-04 03:50:44.378 [info] > git rev-parse --show-toplevel [12ms]
2023-04-04 03:50:44.378 [info] > git status -z -uall [20ms]
2023-04-04 03:50:44.378 [info] > git rev-parse --show-toplevel [27ms]
2023-04-04 03:50:44.378 [info] > git rev-parse --show-toplevel [3ms]
2023-04-04 03:50:44.378 [info] > git rev-parse --show-toplevel [105ms]
2023-04-04 03:50:44.470 [info] > git show --textconv :server/src/models/DeviceData.ts [13ms]
2023-04-04 03:50:44.486 [info] > git ls-files --stage -- /root/GenXIoT/server/src/models/DeviceData.ts [16ms]
2023-04-04 03:50:44.520 [info] > git cat-file -s d3e726396899582f486544f8b2a51f34be649742 [18ms]
2023-04-04 03:50:44.837 [info] > git check-ignore -v -z --stdin [2ms]
2023-04-04 03:50:46.803 [info] > git check-ignore -v -z --stdin [2ms]
2023-04-04 03:56:37.900 [info] > git check-ignore -v -z --stdin [1ms]
2023-04-04 03:56:42.654 [info] > git show --textconv :server/src/server.ts [6ms]
2023-04-04 03:56:42.655 [info] > git ls-files --stage -- /root/GenXIoT/server/src/server.ts [2ms]
2023-04-04 03:56:42.661 [info] > git cat-file -s f253bb67c9051da7a9965aed930bcf70219854e9 [2ms]
2023-04-04 03:57:21.497 [info] > git show --textconv :server/src/socket.ts [10ms]
2023-04-04 03:57:21.498 [info] > git ls-files --stage -- /root/GenXIoT/server/src/socket.ts [3ms]
2023-04-04 03:57:21.506 [info] > git cat-file -s 7499ed6bdc971165f6c6ef858390314ad8429a15 [2ms]
2023-04-04 03:58:21.094 [info] > git config --get commit.template [1ms]
2023-04-04 03:58:21.102 [info] > git for-each-ref --format=%(refname)%00%(upstream:short)%00%(objectname)%00%(upstream:track)%00%(upstream:remotename)%00%(upstream:remoteref) refs/heads/master refs/remotes/master [1ms]
2023-04-04 03:58:21.113 [info] > git status -z -uall [4ms]
2023-04-04 03:58:37.221 [info] > git config --get commit.template [7ms]
2023-04-04 03:58:37.221 [info] > git for-each-ref --format=%(refname)%00%(upstream:short)%00%(objectname)%00%(upstream:track)%00%(upstream:remotename)%00%(upstream:remoteref) refs/heads/master refs/remotes/master [1ms]
2023-04-04 03:58:37.230 [info] > git status -z -uall [4ms]
2023-04-04 03:59:12.910 [info] > git config --get commit.template [6ms]
2023-04-04 03:59:12.912 [info] > git for-each-ref --format=%(refname)%00%(upstream:short)%00%(objectname)%00%(upstream:track)%00%(upstream:remotename)%00%(upstream:remoteref) refs/heads/master refs/remotes/master [2ms]
2023-04-04 03:59:12.921 [info] > git status -z -uall [4ms]
2023-04-04 03:59:17.938 [info] > git config --get commit.template [7ms]
2023-04-04 03:59:17.940 [info] > git for-each-ref --format=%(refname)%00%(upstream:short)%00%(objectname)%00%(upstream:track)%00%(upstream:remotename)%00%(upstream:remoteref) refs/heads/master refs/remotes/master [3ms]
2023-04-04 03:59:17.948 [info] > git status -z -uall [4ms]
2023-04-04 03:59:22.964 [info] > git config --get commit.template [5ms]
2023-04-04 03:59:22.965 [info] > git for-each-ref --format=%(refname)%00%(upstream:short)%00%(objectname)%00%(upstream:track)%00%(upstream:remotename)%00%(upstream:remoteref) refs/heads/master refs/remotes/master [1ms]
2023-04-04 03:59:22.978 [info] > git status -z -uall [3ms]
2023-04-04 04:00:12.638 [info] > git config --get commit.template [6ms]
2023-04-04 04:00:12.638 [info] > git for-each-ref --format=%(refname)%00%(upstream:short)%00%(objectname)%00%(upstream:track)%00%(upstream:remotename)%00%(upstream:remoteref) refs/heads/master refs/remotes/master [1ms]
2023-04-04 04:00:12.646 [info] > git status -z -uall [3ms]
2023-04-04 04:00:17.661 [info] > git config --get commit.template [6ms]
2023-04-04 04:00:17.662 [info] > git for-each-ref --format=%(refname)%00%(upstream:short)%00%(objectname)%00%(upstream:track)%00%(upstream:remotename)%00%(upstream:remoteref) refs/heads/master refs/remotes/master [2ms]
2023-04-04 04:00:17.670 [info] > git status -z -uall [3ms]
2023-04-04 04:00:23.692 [info] > git config --get commit.template [14ms]
2023-04-04 04:00:23.695 [info] > git for-each-ref --format=%(refname)%00%(upstream:short)%00%(objectname)%00%(upstream:track)%00%(upstream:remotename)%00%(upstream:remoteref) refs/heads/master refs/remotes/master [4ms]
2023-04-04 04:00:23.712 [info] > git status -z -uall [6ms]
2023-04-04 04:00:28.738 [info] > git for-each-ref --format=%(refname)%00%(upstream:short)%00%(objectname)%00%(upstream:track)%00%(upstream:remotename)%00%(upstream:remoteref) refs/heads/master refs/remotes/master [1ms]
2023-04-04 04:00:28.739 [info] > git config --get commit.template [12ms]
2023-04-04 04:00:28.747 [info] > git status -z -uall [4ms]
2023-04-04 04:00:33.763 [info] > git config --get commit.template [7ms]
2023-04-04 04:00:33.765 [info] > git for-each-ref --format=%(refname)%00%(upstream:short)%00%(objectname)%00%(upstream:track)%00%(upstream:remotename)%00%(upstream:remoteref) refs/heads/master refs/remotes/master [2ms]
2023-04-04 04:00:33.772 [info] > git status -z -uall [3ms]
2023-04-04 04:00:43.058 [info] > git config --get commit.template [7ms]
2023-04-04 04:00:43.059 [info] > git for-each-ref --format=%(refname)%00%(upstream:short)%00%(objectname)%00%(upstream:track)%00%(upstream:remotename)%00%(upstream:remoteref) refs/heads/master refs/remotes/master [1ms]
2023-04-04 04:00:43.068 [info] > git status -z -uall [3ms]
2023-04-04 04:04:13.847 [info] > git check-ignore -v -z --stdin [2ms]
2023-04-04 04:05:26.873 [info] > git config --get commit.template [3ms]
2023-04-04 04:05:26.879 [info] > git for-each-ref --format=%(refname)%00%(upstream:short)%00%(objectname)%00%(upstream:track)%00%(upstream:remotename)%00%(upstream:remoteref) refs/heads/master refs/remotes/master [2ms]
2023-04-04 04:05:26.887 [info] > git status -z -uall [3ms]
2023-04-04 04:25:00.898 [info] > git config --get commit.template [8ms]
2023-04-04 04:25:00.898 [info] > git for-each-ref --format=%(refname)%00%(upstream:short)%00%(objectname)%00%(upstream:track)%00%(upstream:remotename)%00%(upstream:remoteref) refs/heads/master refs/remotes/master [1ms]
2023-04-04 04:25:00.908 [info] > git status -z -uall [4ms]
2023-04-04 04:34:50.852 [info] > git config --get commit.template [6ms]
2023-04-04 04:34:50.853 [info] > git for-each-ref --format=%(refname)%00%(upstream:short)%00%(objectname)%00%(upstream:track)%00%(upstream:remotename)%00%(upstream:remoteref) refs/heads/master refs/remotes/master [1ms]
2023-04-04 04:34:50.862 [info] > git status -z -uall [1ms]
2023-04-04 04:34:52.794 [info] > git check-ignore -v -z --stdin [1ms]
2023-04-04 04:34:55.612 [info] > git show --textconv :server/package.json [9ms]
2023-04-04 04:34:55.615 [info] > git ls-files --stage -- /root/GenXIoT/server/package.json [4ms]
2023-04-04 04:34:55.623 [info] > git cat-file -s 22144bb183999e370d0eef3da450a404f00fd24a [2ms]
2023-04-04 04:46:25.705 [info] > git config --get commit.template [11ms]
2023-04-04 04:46:25.706 [info] > git for-each-ref --format=%(refname)%00%(upstream:short)%00%(objectname)%00%(upstream:track)%00%(upstream:remotename)%00%(upstream:remoteref) refs/heads/master refs/remotes/master [2ms]
2023-04-04 04:46:25.719 [info] > git status -z -uall [3ms]
2023-04-04 05:21:59.621 [info] > git for-each-ref --format=%(refname)%00%(upstream:short)%00%(objectname)%00%(upstream:track)%00%(upstream:remotename)%00%(upstream:remoteref) refs/heads/master refs/remotes/master [0ms]
2023-04-04 05:21:59.621 [info] > git config --get commit.template [12ms]
2023-04-04 05:21:59.632 [info] > git status -z -uall [3ms]
2023-04-04 05:22:08.294 [info] > git config --get commit.template [9ms]
2023-04-04 05:22:08.294 [info] > git for-each-ref --format=%(refname)%00%(upstream:short)%00%(objectname)%00%(upstream:track)%00%(upstream:remotename)%00%(upstream:remoteref) refs/heads/master refs/remotes/master [1ms]
2023-04-04 05:22:08.306 [info] > git status -z -uall [3ms]
2023-04-04 05:22:19.236 [info] > git check-ignore -v -z --stdin [1ms]
2023-04-04 05:22:35.327 [info] > git show --textconv :server/tsconfig.json [11ms]
2023-04-04 05:22:35.330 [info] > git ls-files --stage -- /root/GenXIoT/server/tsconfig.json [4ms]
2023-04-04 05:22:35.338 [info] > git cat-file -s 17f3eeaa6141a09323d7d62d2e7bfc3fb70833c2 [1ms]
