2023-04-06 12:00:12.901 [info] Log level: Info
2023-04-06 12:00:12.901 [info] Validating found git in: "git"
2023-04-06 12:00:12.901 [info] Using git "2.25.1" from "git"
2023-04-06 12:00:12.901 [info] > git rev-parse --show-toplevel [64ms]
2023-04-06 12:00:12.901 [info] > git rev-parse --git-dir --git-common-dir [8ms]
2023-04-06 12:00:12.901 [info] Open repository: /root/GenXIoT
2023-04-06 12:00:12.901 [info] > git rev-parse --show-toplevel [18ms]
2023-04-06 12:00:12.901 [info] > git config --get commit.template [9ms]
2023-04-06 12:00:12.901 [info] > git rev-parse --show-toplevel [13ms]
2023-04-06 12:00:12.901 [info] > git for-each-ref --format=%(refname)%00%(upstream:short)%00%(objectname)%00%(upstream:track)%00%(upstream:remotename)%00%(upstream:remoteref) refs/heads/master refs/remotes/master [14ms]
2023-04-06 12:00:12.901 [info] > git rev-parse --show-toplevel [9ms]
2023-04-06 12:00:12.901 [info] > git status -z -uall [32ms]
2023-04-06 12:00:12.901 [info] > git rev-parse --show-toplevel [22ms]
2023-04-06 12:00:12.901 [info] > git config --get commit.template [13ms]
2023-04-06 12:00:12.901 [info] > git rev-parse --show-toplevel [22ms]
2023-04-06 12:00:12.901 [info] > git for-each-ref --format=%(refname)%00%(upstream:short)%00%(objectname)%00%(upstream:track)%00%(upstream:remotename)%00%(upstream:remoteref) refs/heads/master refs/remotes/master [10ms]
2023-04-06 12:00:12.901 [info] > git status -z -uall [29ms]
2023-04-06 12:00:12.901 [info] > git rev-parse --show-toplevel [48ms]
2023-04-06 12:00:12.901 [info] > git rev-parse --show-toplevel [54ms]
2023-04-06 12:00:12.901 [info] > git rev-parse --show-toplevel [19ms]
2023-04-06 12:00:12.901 [info] > git rev-parse --show-toplevel [18ms]
2023-04-06 12:00:12.901 [info] > git rev-parse --show-toplevel [12ms]
2023-04-06 12:00:13.023 [info] > git check-ignore -v -z --stdin [2ms]
2023-04-06 12:00:13.105 [info] > git show --textconv :docker-compose.yml [11ms]
2023-04-06 12:00:13.107 [info] > git ls-files --stage -- /root/GenXIoT/docker-compose.yml [3ms]
2023-04-06 12:00:13.117 [info] > git cat-file -s 840ea51beafaa458caf35f67d4eec32a0013580b [2ms]
2023-04-06 12:00:14.190 [info] > git config --get commit.template [8ms]
2023-04-06 12:00:14.191 [info] > git for-each-ref --format=%(refname)%00%(upstream:short)%00%(objectname)%00%(upstream:track)%00%(upstream:remotename)%00%(upstream:remoteref) refs/heads/master refs/remotes/master [2ms]
2023-04-06 12:00:14.203 [info] > git status -z -uall [4ms]
2023-04-06 12:00:32.936 [info] > git config --get commit.template [1ms]
2023-04-06 12:00:32.941 [info] > git for-each-ref --format=%(refname)%00%(upstream:short)%00%(objectname)%00%(upstream:track)%00%(upstream:remotename)%00%(upstream:remoteref) refs/heads/master refs/remotes/master [1ms]
2023-04-06 12:00:32.949 [info] > git status -z -uall [4ms]
2023-04-06 12:00:33.826 [info] > git check-ignore -v -z --stdin [1ms]
2023-04-06 12:00:34.927 [info] > git show --textconv :mongo/mongod.conf [5ms]
2023-04-06 12:00:34.930 [info] > git ls-files --stage -- /root/GenXIoT/mongo/mongod.conf [4ms]
2023-04-06 12:00:37.965 [info] > git config --get commit.template [2ms]
2023-04-06 12:00:37.971 [info] > git for-each-ref --format=%(refname)%00%(upstream:short)%00%(objectname)%00%(upstream:track)%00%(upstream:remotename)%00%(upstream:remoteref) refs/heads/master refs/remotes/master [1ms]
2023-04-06 12:00:37.983 [info] > git status -z -uall [3ms]
2023-04-06 12:00:44.145 [info] > git config --get commit.template [1ms]
2023-04-06 12:00:44.150 [info] > git for-each-ref --format=%(refname)%00%(upstream:short)%00%(objectname)%00%(upstream:track)%00%(upstream:remotename)%00%(upstream:remoteref) refs/heads/master refs/remotes/master [1ms]
2023-04-06 12:00:44.157 [info] > git status -z -uall [3ms]
2023-04-06 12:00:50.954 [info] > git config --get commit.template [8ms]
2023-04-06 12:00:50.954 [info] > git for-each-ref --format=%(refname)%00%(upstream:short)%00%(objectname)%00%(upstream:track)%00%(upstream:remotename)%00%(upstream:remoteref) refs/heads/master refs/remotes/master [1ms]
2023-04-06 12:00:50.966 [info] > git status -z -uall [4ms]
2023-04-06 12:00:55.981 [info] > git config --get commit.template [2ms]
2023-04-06 12:00:55.989 [info] > git for-each-ref --format=%(refname)%00%(upstream:short)%00%(objectname)%00%(upstream:track)%00%(upstream:remotename)%00%(upstream:remoteref) refs/heads/master refs/remotes/master [2ms]
2023-04-06 12:00:55.999 [info] > git status -z -uall [3ms]
2023-04-06 12:01:03.860 [info] > git show --textconv :mongo/Dockerfile [8ms]
2023-04-06 12:01:03.862 [info] > git ls-files --stage -- /root/GenXIoT/mongo/Dockerfile [2ms]
2023-04-06 12:01:04.152 [info] > git config --get commit.template [5ms]
2023-04-06 12:01:04.153 [info] > git for-each-ref --format=%(refname)%00%(upstream:short)%00%(objectname)%00%(upstream:track)%00%(upstream:remotename)%00%(upstream:remoteref) refs/heads/master refs/remotes/master [2ms]
2023-04-06 12:01:04.163 [info] > git status -z -uall [4ms]
2023-04-06 12:01:14.178 [info] > git config --get commit.template [2ms]
2023-04-06 12:01:14.183 [info] > git for-each-ref --format=%(refname)%00%(upstream:short)%00%(objectname)%00%(upstream:track)%00%(upstream:remotename)%00%(upstream:remoteref) refs/heads/master refs/remotes/master [1ms]
2023-04-06 12:01:14.191 [info] > git status -z -uall [3ms]
2023-04-06 12:01:24.229 [info] > git config --get commit.template [5ms]
2023-04-06 12:01:24.230 [info] > git for-each-ref --format=%(refname)%00%(upstream:short)%00%(objectname)%00%(upstream:track)%00%(upstream:remotename)%00%(upstream:remoteref) refs/heads/master refs/remotes/master [2ms]
2023-04-06 12:01:24.240 [info] > git status -z -uall [4ms]
2023-04-06 12:01:34.148 [info] > git config --get commit.template [1ms]
2023-04-06 12:01:34.156 [info] > git for-each-ref --format=%(refname)%00%(upstream:short)%00%(objectname)%00%(upstream:track)%00%(upstream:remotename)%00%(upstream:remoteref) refs/heads/master refs/remotes/master [1ms]
2023-04-06 12:01:34.168 [info] > git status -z -uall [4ms]
2023-04-06 12:01:44.156 [info] > git config --get commit.template [1ms]
2023-04-06 12:01:44.164 [info] > git for-each-ref --format=%(refname)%00%(upstream:short)%00%(objectname)%00%(upstream:track)%00%(upstream:remotename)%00%(upstream:remoteref) refs/heads/master refs/remotes/master [2ms]
2023-04-06 12:01:44.174 [info] > git status -z -uall [3ms]
2023-04-06 12:01:59.664 [info] > git config --get commit.template [1ms]
2023-04-06 12:01:59.670 [info] > git for-each-ref --format=%(refname)%00%(upstream:short)%00%(objectname)%00%(upstream:track)%00%(upstream:remotename)%00%(upstream:remoteref) refs/heads/master refs/remotes/master [1ms]
2023-04-06 12:01:59.678 [info] > git status -z -uall [3ms]
2023-04-06 12:02:04.697 [info] > git config --get commit.template [7ms]
2023-04-06 12:02:04.698 [info] > git for-each-ref --format=%(refname)%00%(upstream:short)%00%(objectname)%00%(upstream:track)%00%(upstream:remotename)%00%(upstream:remoteref) refs/heads/master refs/remotes/master [1ms]
2023-04-06 12:02:04.708 [info] > git status -z -uall [4ms]
2023-04-06 12:02:08.408 [info] > git show --textconv :mongo/Dockerfile_old [7ms]
2023-04-06 12:02:08.409 [info] > git ls-files --stage -- /root/GenXIoT/mongo/Dockerfile_old [2ms]
2023-04-06 12:02:08.532 [info] > git check-ignore -v -z --stdin [1ms]
2023-04-06 12:02:09.722 [info] > git config --get commit.template [0ms]
2023-04-06 12:02:09.728 [info] > git for-each-ref --format=%(refname)%00%(upstream:short)%00%(objectname)%00%(upstream:track)%00%(upstream:remotename)%00%(upstream:remoteref) refs/heads/master refs/remotes/master [2ms]
2023-04-06 12:02:09.736 [info] > git status -z -uall [3ms]
2023-04-06 12:02:14.757 [info] > git config --get commit.template [9ms]
2023-04-06 12:02:14.758 [info] > git for-each-ref --format=%(refname)%00%(upstream:short)%00%(objectname)%00%(upstream:track)%00%(upstream:remotename)%00%(upstream:remoteref) refs/heads/master refs/remotes/master [2ms]
2023-04-06 12:02:14.768 [info] > git status -z -uall [3ms]
2023-04-06 12:02:24.154 [info] > git config --get commit.template [1ms]
2023-04-06 12:02:24.163 [info] > git for-each-ref --format=%(refname)%00%(upstream:short)%00%(objectname)%00%(upstream:track)%00%(upstream:remotename)%00%(upstream:remoteref) refs/heads/master refs/remotes/master [1ms]
2023-04-06 12:02:24.173 [info] > git status -z -uall [3ms]
2023-04-06 12:02:27.684 [info] > git show --textconv :mongo/Dockerfile [5ms]
2023-04-06 12:02:27.686 [info] > git ls-files --stage -- /root/GenXIoT/mongo/Dockerfile [1ms]
2023-04-06 12:02:29.196 [info] > git config --get commit.template [8ms]
2023-04-06 12:02:29.196 [info] > git for-each-ref --format=%(refname)%00%(upstream:short)%00%(objectname)%00%(upstream:track)%00%(upstream:remotename)%00%(upstream:remoteref) refs/heads/master refs/remotes/master [1ms]
2023-04-06 12:02:29.207 [info] > git status -z -uall [4ms]
2023-04-06 12:02:34.220 [info] > git config --get commit.template [1ms]
2023-04-06 12:02:34.228 [info] > git for-each-ref --format=%(refname)%00%(upstream:short)%00%(objectname)%00%(upstream:track)%00%(upstream:remotename)%00%(upstream:remoteref) refs/heads/master refs/remotes/master [2ms]
2023-04-06 12:02:34.240 [info] > git status -z -uall [3ms]
2023-04-06 12:02:45.866 [info] > git config --get commit.template [1ms]
2023-04-06 12:02:45.875 [info] > git for-each-ref --format=%(refname)%00%(upstream:short)%00%(objectname)%00%(upstream:track)%00%(upstream:remotename)%00%(upstream:remoteref) refs/heads/master refs/remotes/master [2ms]
2023-04-06 12:02:45.887 [info] > git status -z -uall [4ms]
2023-04-06 12:02:50.903 [info] > git config --get commit.template [1ms]
2023-04-06 12:02:50.910 [info] > git for-each-ref --format=%(refname)%00%(upstream:short)%00%(objectname)%00%(upstream:track)%00%(upstream:remotename)%00%(upstream:remoteref) refs/heads/master refs/remotes/master [1ms]
2023-04-06 12:02:50.922 [info] > git status -z -uall [3ms]
2023-04-06 12:02:55.939 [info] > git config --get commit.template [1ms]
2023-04-06 12:02:55.948 [info] > git for-each-ref --format=%(refname)%00%(upstream:short)%00%(objectname)%00%(upstream:track)%00%(upstream:remotename)%00%(upstream:remoteref) refs/heads/master refs/remotes/master [2ms]
2023-04-06 12:02:55.960 [info] > git status -z -uall [4ms]
2023-04-06 12:03:04.246 [info] > git config --get commit.template [10ms]
2023-04-06 12:03:04.249 [info] > git for-each-ref --format=%(refname)%00%(upstream:short)%00%(objectname)%00%(upstream:track)%00%(upstream:remotename)%00%(upstream:remoteref) refs/heads/master refs/remotes/master [3ms]
2023-04-06 12:03:04.260 [info] > git status -z -uall [5ms]
2023-04-06 12:03:14.160 [info] > git config --get commit.template [6ms]
2023-04-06 12:03:14.161 [info] > git for-each-ref --format=%(refname)%00%(upstream:short)%00%(objectname)%00%(upstream:track)%00%(upstream:remotename)%00%(upstream:remoteref) refs/heads/master refs/remotes/master [1ms]
2023-04-06 12:03:14.172 [info] > git status -z -uall [4ms]
2023-04-06 12:03:24.163 [info] > git config --get commit.template [0ms]
2023-04-06 12:03:24.171 [info] > git for-each-ref --format=%(refname)%00%(upstream:short)%00%(objectname)%00%(upstream:track)%00%(upstream:remotename)%00%(upstream:remoteref) refs/heads/master refs/remotes/master [1ms]
2023-04-06 12:03:24.179 [info] > git status -z -uall [3ms]
2023-04-06 12:03:34.159 [info] > git config --get commit.template [6ms]
2023-04-06 12:03:34.160 [info] > git for-each-ref --format=%(refname)%00%(upstream:short)%00%(objectname)%00%(upstream:track)%00%(upstream:remotename)%00%(upstream:remoteref) refs/heads/master refs/remotes/master [2ms]
2023-04-06 12:03:34.170 [info] > git status -z -uall [4ms]
2023-04-06 12:03:44.163 [info] > git config --get commit.template [9ms]
2023-04-06 12:03:44.164 [info] > git for-each-ref --format=%(refname)%00%(upstream:short)%00%(objectname)%00%(upstream:track)%00%(upstream:remotename)%00%(upstream:remoteref) refs/heads/master refs/remotes/master [2ms]
2023-04-06 12:03:44.176 [info] > git status -z -uall [4ms]
2023-04-06 12:03:51.073 [info] > git config --get commit.template [8ms]
2023-04-06 12:03:51.073 [info] > git for-each-ref --format=%(refname)%00%(upstream:short)%00%(objectname)%00%(upstream:track)%00%(upstream:remotename)%00%(upstream:remoteref) refs/heads/master refs/remotes/master [1ms]
2023-04-06 12:03:51.087 [info] > git status -z -uall [6ms]
2023-04-06 12:03:56.106 [info] > git config --get commit.template [7ms]
2023-04-06 12:03:56.107 [info] > git for-each-ref --format=%(refname)%00%(upstream:short)%00%(objectname)%00%(upstream:track)%00%(upstream:remotename)%00%(upstream:remoteref) refs/heads/master refs/remotes/master [2ms]
2023-04-06 12:03:56.115 [info] > git status -z -uall [3ms]
2023-04-06 12:04:04.163 [info] > git config --get commit.template [2ms]
2023-04-06 12:04:04.171 [info] > git for-each-ref --format=%(refname)%00%(upstream:short)%00%(objectname)%00%(upstream:track)%00%(upstream:remotename)%00%(upstream:remoteref) refs/heads/master refs/remotes/master [2ms]
2023-04-06 12:04:04.183 [info] > git status -z -uall [4ms]
2023-04-06 12:04:14.169 [info] > git config --get commit.template [8ms]
2023-04-06 12:04:14.170 [info] > git for-each-ref --format=%(refname)%00%(upstream:short)%00%(objectname)%00%(upstream:track)%00%(upstream:remotename)%00%(upstream:remoteref) refs/heads/master refs/remotes/master [1ms]
2023-04-06 12:04:14.179 [info] > git status -z -uall [4ms]
2023-04-06 12:04:24.203 [info] > git config --get commit.template [1ms]
2023-04-06 12:04:24.210 [info] > git for-each-ref --format=%(refname)%00%(upstream:short)%00%(objectname)%00%(upstream:track)%00%(upstream:remotename)%00%(upstream:remoteref) refs/heads/master refs/remotes/master [2ms]
2023-04-06 12:04:24.221 [info] > git status -z -uall [4ms]
2023-04-06 12:04:34.463 [info] > git config --get commit.template [7ms]
2023-04-06 12:04:34.463 [info] > git for-each-ref --format=%(refname)%00%(upstream:short)%00%(objectname)%00%(upstream:track)%00%(upstream:remotename)%00%(upstream:remoteref) refs/heads/master refs/remotes/master [1ms]
2023-04-06 12:04:34.472 [info] > git status -z -uall [3ms]
2023-04-06 12:04:43.183 [info] > git config --get commit.template [10ms]
2023-04-06 12:04:43.184 [info] > git for-each-ref --format=%(refname)%00%(upstream:short)%00%(objectname)%00%(upstream:track)%00%(upstream:remotename)%00%(upstream:remoteref) refs/heads/master refs/remotes/master [2ms]
2023-04-06 12:04:43.194 [info] > git status -z -uall [4ms]
2023-04-06 12:04:51.006 [info] > git config --get commit.template [2ms]
2023-04-06 12:04:51.013 [info] > git for-each-ref --format=%(refname)%00%(upstream:short)%00%(objectname)%00%(upstream:track)%00%(upstream:remotename)%00%(upstream:remoteref) refs/heads/master refs/remotes/master [1ms]
2023-04-06 12:04:51.022 [info] > git status -z -uall [4ms]
2023-04-06 12:04:56.038 [info] > git config --get commit.template [6ms]
2023-04-06 12:04:56.038 [info] > git for-each-ref --format=%(refname)%00%(upstream:short)%00%(objectname)%00%(upstream:track)%00%(upstream:remotename)%00%(upstream:remoteref) refs/heads/master refs/remotes/master [1ms]
2023-04-06 12:04:56.048 [info] > git status -z -uall [3ms]
2023-04-06 12:05:04.147 [info] > git config --get commit.template [2ms]
2023-04-06 12:05:04.156 [info] > git for-each-ref --format=%(refname)%00%(upstream:short)%00%(objectname)%00%(upstream:track)%00%(upstream:remotename)%00%(upstream:remoteref) refs/heads/master refs/remotes/master [1ms]
2023-04-06 12:05:04.167 [info] > git status -z -uall [3ms]
2023-04-06 12:05:14.147 [info] > git config --get commit.template [1ms]
2023-04-06 12:05:14.153 [info] > git for-each-ref --format=%(refname)%00%(upstream:short)%00%(objectname)%00%(upstream:track)%00%(upstream:remotename)%00%(upstream:remoteref) refs/heads/master refs/remotes/master [1ms]
2023-04-06 12:05:14.160 [info] > git status -z -uall [3ms]
2023-04-06 12:05:24.253 [info] > git config --get commit.template [6ms]
2023-04-06 12:05:24.254 [info] > git for-each-ref --format=%(refname)%00%(upstream:short)%00%(objectname)%00%(upstream:track)%00%(upstream:remotename)%00%(upstream:remoteref) refs/heads/master refs/remotes/master [1ms]
2023-04-06 12:05:24.266 [info] > git status -z -uall [5ms]
2023-04-06 12:05:34.162 [info] > git config --get commit.template [1ms]
2023-04-06 12:05:34.170 [info] > git for-each-ref --format=%(refname)%00%(upstream:short)%00%(objectname)%00%(upstream:track)%00%(upstream:remotename)%00%(upstream:remoteref) refs/heads/master refs/remotes/master [1ms]
2023-04-06 12:05:34.179 [info] > git status -z -uall [3ms]
2023-04-06 12:05:42.830 [info] > git check-ignore -v -z --stdin [2ms]
2023-04-06 12:05:44.143 [info] > git config --get commit.template [5ms]
2023-04-06 12:05:44.144 [info] > git for-each-ref --format=%(refname)%00%(upstream:short)%00%(objectname)%00%(upstream:track)%00%(upstream:remotename)%00%(upstream:remoteref) refs/heads/master refs/remotes/master [1ms]
2023-04-06 12:05:44.152 [info] > git status -z -uall [3ms]
2023-04-06 12:05:45.015 [info] > git show --textconv :deploy/server.env [9ms]
2023-04-06 12:05:45.017 [info] > git ls-files --stage -- /root/GenXIoT/deploy/server.env [2ms]
2023-04-06 12:05:45.026 [info] > git cat-file -s 94478d1725b9aadd76d29917141c321bed1a282c [1ms]
2023-04-06 12:05:56.223 [info] > git config --get commit.template [6ms]
2023-04-06 12:05:56.224 [info] > git for-each-ref --format=%(refname)%00%(upstream:short)%00%(objectname)%00%(upstream:track)%00%(upstream:remotename)%00%(upstream:remoteref) refs/heads/master refs/remotes/master [2ms]
2023-04-06 12:05:56.232 [info] > git status -z -uall [3ms]
2023-04-06 12:06:01.254 [info] > git config --get commit.template [9ms]
2023-04-06 12:06:01.255 [info] > git for-each-ref --format=%(refname)%00%(upstream:short)%00%(objectname)%00%(upstream:track)%00%(upstream:remotename)%00%(upstream:remoteref) refs/heads/master refs/remotes/master [2ms]
2023-04-06 12:06:01.263 [info] > git status -z -uall [3ms]
2023-04-06 12:06:06.283 [info] > git config --get commit.template [9ms]
2023-04-06 12:06:06.284 [info] > git for-each-ref --format=%(refname)%00%(upstream:short)%00%(objectname)%00%(upstream:track)%00%(upstream:remotename)%00%(upstream:remoteref) refs/heads/master refs/remotes/master [2ms]
2023-04-06 12:06:06.292 [info] > git status -z -uall [3ms]
2023-04-06 12:06:14.230 [info] > git config --get commit.template [1ms]
2023-04-06 12:06:14.240 [info] > git for-each-ref --format=%(refname)%00%(upstream:short)%00%(objectname)%00%(upstream:track)%00%(upstream:remotename)%00%(upstream:remoteref) refs/heads/master refs/remotes/master [2ms]
2023-04-06 12:06:14.257 [info] > git status -z -uall [5ms]
2023-04-06 12:06:19.269 [info] > git config --get commit.template [2ms]
2023-04-06 12:06:19.303 [info] > git for-each-ref --format=%(refname)%00%(upstream:short)%00%(objectname)%00%(upstream:track)%00%(upstream:remotename)%00%(upstream:remoteref) refs/heads/master refs/remotes/master [4ms]
2023-04-06 12:06:19.313 [info] > git status -z -uall [4ms]
2023-04-06 12:06:24.331 [info] > git config --get commit.template [7ms]
2023-04-06 12:06:24.333 [info] > git for-each-ref --format=%(refname)%00%(upstream:short)%00%(objectname)%00%(upstream:track)%00%(upstream:remotename)%00%(upstream:remoteref) refs/heads/master refs/remotes/master [1ms]
2023-04-06 12:06:24.344 [info] > git status -z -uall [5ms]
2023-04-06 12:06:34.152 [info] > git config --get commit.template [8ms]
2023-04-06 12:06:34.152 [info] > git for-each-ref --format=%(refname)%00%(upstream:short)%00%(objectname)%00%(upstream:track)%00%(upstream:remotename)%00%(upstream:remoteref) refs/heads/master refs/remotes/master [1ms]
2023-04-06 12:06:34.164 [info] > git status -z -uall [4ms]
2023-04-06 12:06:39.186 [info] > git config --get commit.template [7ms]
2023-04-06 12:06:39.187 [info] > git for-each-ref --format=%(refname)%00%(upstream:short)%00%(objectname)%00%(upstream:track)%00%(upstream:remotename)%00%(upstream:remoteref) refs/heads/master refs/remotes/master [2ms]
2023-04-06 12:06:39.197 [info] > git status -z -uall [4ms]
2023-04-06 12:06:42.973 [info] > git check-ignore -v -z --stdin [2ms]
2023-04-06 12:06:44.214 [info] > git config --get commit.template [7ms]
2023-04-06 12:06:44.214 [info] > git for-each-ref --format=%(refname)%00%(upstream:short)%00%(objectname)%00%(upstream:track)%00%(upstream:remotename)%00%(upstream:remoteref) refs/heads/master refs/remotes/master [1ms]
2023-04-06 12:06:44.223 [info] > git status -z -uall [4ms]
2023-04-06 12:06:45.143 [info] > git check-ignore -v -z --stdin [2ms]
2023-04-06 12:06:47.390 [info] > git check-ignore -v -z --stdin [1ms]
2023-04-06 12:06:51.018 [info] > git config --get commit.template [8ms]
2023-04-06 12:06:51.018 [info] > git for-each-ref --format=%(refname)%00%(upstream:short)%00%(objectname)%00%(upstream:track)%00%(upstream:remotename)%00%(upstream:remoteref) refs/heads/master refs/remotes/master [1ms]
2023-04-06 12:06:51.029 [info] > git status -z -uall [3ms]
2023-04-06 12:06:51.926 [info] > git check-ignore -v -z --stdin [1ms]
2023-04-06 12:06:54.182 [info] > git show --textconv :server/src/server.ts [17ms]
2023-04-06 12:06:54.183 [info] > git ls-files --stage -- /root/GenXIoT/server/src/server.ts [5ms]
2023-04-06 12:06:54.203 [info] > git cat-file -s f253bb67c9051da7a9965aed930bcf70219854e9 [9ms]
2023-04-06 12:06:56.064 [info] > git config --get commit.template [10ms]
2023-04-06 12:06:56.066 [info] > git for-each-ref --format=%(refname)%00%(upstream:short)%00%(objectname)%00%(upstream:track)%00%(upstream:remotename)%00%(upstream:remoteref) refs/heads/master refs/remotes/master [3ms]
2023-04-06 12:06:56.118 [info] > git status -z -uall [40ms]
2023-04-06 12:07:04.149 [info] > git config --get commit.template [1ms]
2023-04-06 12:07:04.158 [info] > git for-each-ref --format=%(refname)%00%(upstream:short)%00%(objectname)%00%(upstream:track)%00%(upstream:remotename)%00%(upstream:remoteref) refs/heads/master refs/remotes/master [2ms]
2023-04-06 12:07:04.169 [info] > git status -z -uall [4ms]
2023-04-06 12:07:14.420 [info] > git config --get commit.template [7ms]
2023-04-06 12:07:14.420 [info] > git for-each-ref --format=%(refname)%00%(upstream:short)%00%(objectname)%00%(upstream:track)%00%(upstream:remotename)%00%(upstream:remoteref) refs/heads/master refs/remotes/master [2ms]
2023-04-06 12:07:14.429 [info] > git status -z -uall [5ms]
2023-04-06 12:07:24.175 [info] > git config --get commit.template [7ms]
2023-04-06 12:07:24.176 [info] > git for-each-ref --format=%(refname)%00%(upstream:short)%00%(objectname)%00%(upstream:track)%00%(upstream:remotename)%00%(upstream:remoteref) refs/heads/master refs/remotes/master [2ms]
2023-04-06 12:07:24.187 [info] > git status -z -uall [5ms]
2023-04-06 12:07:34.153 [info] > git config --get commit.template [1ms]
2023-04-06 12:07:34.162 [info] > git for-each-ref --format=%(refname)%00%(upstream:short)%00%(objectname)%00%(upstream:track)%00%(upstream:remotename)%00%(upstream:remoteref) refs/heads/master refs/remotes/master [1ms]
2023-04-06 12:07:34.174 [info] > git status -z -uall [4ms]
2023-04-06 12:07:54.669 [info] > git config --get commit.template [1ms]
2023-04-06 12:07:54.676 [info] > git for-each-ref --format=%(refname)%00%(upstream:short)%00%(objectname)%00%(upstream:track)%00%(upstream:remotename)%00%(upstream:remoteref) refs/heads/master refs/remotes/master [2ms]
2023-04-06 12:07:54.689 [info] > git status -z -uall [5ms]
2023-04-06 12:07:59.702 [info] > git config --get commit.template [2ms]
2023-04-06 12:07:59.709 [info] > git for-each-ref --format=%(refname)%00%(upstream:short)%00%(objectname)%00%(upstream:track)%00%(upstream:remotename)%00%(upstream:remoteref) refs/heads/master refs/remotes/master [1ms]
2023-04-06 12:07:59.722 [info] > git status -z -uall [5ms]
2023-04-06 12:08:04.734 [info] > git config --get commit.template [2ms]
2023-04-06 12:08:04.742 [info] > git for-each-ref --format=%(refname)%00%(upstream:short)%00%(objectname)%00%(upstream:track)%00%(upstream:remotename)%00%(upstream:remoteref) refs/heads/master refs/remotes/master [2ms]
2023-04-06 12:08:04.752 [info] > git status -z -uall [4ms]
2023-04-06 12:08:14.150 [info] > git config --get commit.template [1ms]
2023-04-06 12:08:14.158 [info] > git for-each-ref --format=%(refname)%00%(upstream:short)%00%(objectname)%00%(upstream:track)%00%(upstream:remotename)%00%(upstream:remoteref) refs/heads/master refs/remotes/master [2ms]
2023-04-06 12:08:14.167 [info] > git status -z -uall [4ms]
2023-04-06 12:08:24.211 [info] > git config --get commit.template [8ms]
2023-04-06 12:08:24.212 [info] > git for-each-ref --format=%(refname)%00%(upstream:short)%00%(objectname)%00%(upstream:track)%00%(upstream:remotename)%00%(upstream:remoteref) refs/heads/master refs/remotes/master [1ms]
2023-04-06 12:08:24.222 [info] > git status -z -uall [3ms]
2023-04-06 12:08:34.200 [info] > git config --get commit.template [2ms]
2023-04-06 12:08:34.207 [info] > git for-each-ref --format=%(refname)%00%(upstream:short)%00%(objectname)%00%(upstream:track)%00%(upstream:remotename)%00%(upstream:remoteref) refs/heads/master refs/remotes/master [1ms]
2023-04-06 12:08:34.220 [info] > git status -z -uall [4ms]
2023-04-06 12:08:46.786 [info] > git config --get commit.template [1ms]
2023-04-06 12:08:46.793 [info] > git for-each-ref --format=%(refname)%00%(upstream:short)%00%(objectname)%00%(upstream:track)%00%(upstream:remotename)%00%(upstream:remoteref) refs/heads/master refs/remotes/master [0ms]
2023-04-06 12:08:46.802 [info] > git status -z -uall [4ms]
2023-04-06 12:08:51.817 [info] > git config --get commit.template [1ms]
2023-04-06 12:08:51.826 [info] > git for-each-ref --format=%(refname)%00%(upstream:short)%00%(objectname)%00%(upstream:track)%00%(upstream:remotename)%00%(upstream:remoteref) refs/heads/master refs/remotes/master [2ms]
2023-04-06 12:08:51.838 [info] > git status -z -uall [5ms]
2023-04-06 12:08:51.989 [info] > git check-ignore -v -z --stdin [1ms]
2023-04-06 12:08:56.863 [info] > git config --get commit.template [9ms]
2023-04-06 12:08:56.864 [info] > git for-each-ref --format=%(refname)%00%(upstream:short)%00%(objectname)%00%(upstream:track)%00%(upstream:remotename)%00%(upstream:remoteref) refs/heads/master refs/remotes/master [2ms]
2023-04-06 12:08:56.874 [info] > git status -z -uall [3ms]
2023-04-06 12:10:07.073 [info] > git config --get commit.template [1ms]
2023-04-06 12:10:07.081 [info] > git for-each-ref --format=%(refname)%00%(upstream:short)%00%(objectname)%00%(upstream:track)%00%(upstream:remotename)%00%(upstream:remoteref) refs/heads/master refs/remotes/master [2ms]
2023-04-06 12:10:07.093 [info] > git status -z -uall [4ms]
2023-04-06 12:10:12.105 [info] > git config --get commit.template [1ms]
2023-04-06 12:10:12.114 [info] > git for-each-ref --format=%(refname)%00%(upstream:short)%00%(objectname)%00%(upstream:track)%00%(upstream:remotename)%00%(upstream:remoteref) refs/heads/master refs/remotes/master [2ms]
2023-04-06 12:10:12.125 [info] > git status -z -uall [4ms]
2023-04-06 12:10:17.140 [info] > git config --get commit.template [2ms]
2023-04-06 12:10:17.148 [info] > git for-each-ref --format=%(refname)%00%(upstream:short)%00%(objectname)%00%(upstream:track)%00%(upstream:remotename)%00%(upstream:remoteref) refs/heads/master refs/remotes/master [2ms]
2023-04-06 12:10:17.157 [info] > git status -z -uall [4ms]
2023-04-06 12:10:24.849 [info] > git config --get commit.template [2ms]
2023-04-06 12:10:24.857 [info] > git for-each-ref --format=%(refname)%00%(upstream:short)%00%(objectname)%00%(upstream:track)%00%(upstream:remotename)%00%(upstream:remoteref) refs/heads/master refs/remotes/master [1ms]
2023-04-06 12:10:24.866 [info] > git status -z -uall [3ms]
2023-04-06 12:10:29.886 [info] > git config --get commit.template [8ms]
2023-04-06 12:10:29.887 [info] > git for-each-ref --format=%(refname)%00%(upstream:short)%00%(objectname)%00%(upstream:track)%00%(upstream:remotename)%00%(upstream:remoteref) refs/heads/master refs/remotes/master [2ms]
2023-04-06 12:10:29.897 [info] > git status -z -uall [4ms]
2023-04-06 12:10:46.233 [info] > git config --get commit.template [5ms]
2023-04-06 12:10:46.233 [info] > git for-each-ref --format=%(refname)%00%(upstream:short)%00%(objectname)%00%(upstream:track)%00%(upstream:remotename)%00%(upstream:remoteref) refs/heads/master refs/remotes/master [1ms]
2023-04-06 12:10:46.241 [info] > git status -z -uall [3ms]
2023-04-06 12:10:51.255 [info] > git config --get commit.template [2ms]
2023-04-06 12:10:51.264 [info] > git for-each-ref --format=%(refname)%00%(upstream:short)%00%(objectname)%00%(upstream:track)%00%(upstream:remotename)%00%(upstream:remoteref) refs/heads/master refs/remotes/master [2ms]
2023-04-06 12:10:51.274 [info] > git status -z -uall [4ms]
2023-04-06 12:10:56.296 [info] > git config --get commit.template [9ms]
2023-04-06 12:10:56.297 [info] > git for-each-ref --format=%(refname)%00%(upstream:short)%00%(objectname)%00%(upstream:track)%00%(upstream:remotename)%00%(upstream:remoteref) refs/heads/master refs/remotes/master [1ms]
2023-04-06 12:10:56.307 [info] > git status -z -uall [5ms]
2023-04-06 12:11:01.342 [info] > git config --get commit.template [16ms]
2023-04-06 12:11:01.342 [info] > git for-each-ref --format=%(refname)%00%(upstream:short)%00%(objectname)%00%(upstream:track)%00%(upstream:remotename)%00%(upstream:remoteref) refs/heads/master refs/remotes/master [3ms]
2023-04-06 12:11:01.367 [info] > git status -z -uall [12ms]
2023-04-06 12:14:58.163 [info] > git config --get commit.template [3ms]
2023-04-06 12:14:58.172 [info] > git for-each-ref --format=%(refname)%00%(upstream:short)%00%(objectname)%00%(upstream:track)%00%(upstream:remotename)%00%(upstream:remoteref) refs/heads/master refs/remotes/master [1ms]
2023-04-06 12:14:58.186 [info] > git status -z -uall [4ms]
2023-04-06 12:15:38.077 [info] > git config --get commit.template [2ms]
2023-04-06 12:15:38.085 [info] > git for-each-ref --format=%(refname)%00%(upstream:short)%00%(objectname)%00%(upstream:track)%00%(upstream:remotename)%00%(upstream:remoteref) refs/heads/master refs/remotes/master [2ms]
2023-04-06 12:15:38.095 [info] > git status -z -uall [4ms]
2023-04-06 12:22:01.500 [info] > git show --textconv :mongo/entrypoint.sh [9ms]
2023-04-06 12:22:01.502 [info] > git ls-files --stage -- /root/GenXIoT/mongo/entrypoint.sh [3ms]
2023-04-06 12:22:01.617 [info] > git check-ignore -v -z --stdin [2ms]
2023-04-06 12:22:02.119 [info] > git config --get commit.template [8ms]
2023-04-06 12:22:02.120 [info] > git for-each-ref --format=%(refname)%00%(upstream:short)%00%(objectname)%00%(upstream:track)%00%(upstream:remotename)%00%(upstream:remoteref) refs/heads/master refs/remotes/master [1ms]
2023-04-06 12:22:02.131 [info] > git status -z -uall [4ms]
2023-04-06 12:22:36.060 [info] > git config --get commit.template [5ms]
2023-04-06 12:22:36.060 [info] > git for-each-ref --format=%(refname)%00%(upstream:short)%00%(objectname)%00%(upstream:track)%00%(upstream:remotename)%00%(upstream:remoteref) refs/heads/master refs/remotes/master [1ms]
2023-04-06 12:22:36.068 [info] > git status -z -uall [3ms]
2023-04-06 12:23:41.977 [info] > git config --get commit.template [1ms]
2023-04-06 12:23:41.985 [info] > git for-each-ref --format=%(refname)%00%(upstream:short)%00%(objectname)%00%(upstream:track)%00%(upstream:remotename)%00%(upstream:remoteref) refs/heads/master refs/remotes/master [1ms]
2023-04-06 12:23:41.995 [info] > git status -z -uall [4ms]
2023-04-06 12:23:48.153 [info] > git config --get commit.template [7ms]
2023-04-06 12:23:48.155 [info] > git for-each-ref --format=%(refname)%00%(upstream:short)%00%(objectname)%00%(upstream:track)%00%(upstream:remotename)%00%(upstream:remoteref) refs/heads/master refs/remotes/master [3ms]
2023-04-06 12:23:48.165 [info] > git status -z -uall [4ms]
2023-04-06 12:23:53.183 [info] > git config --get commit.template [7ms]
2023-04-06 12:23:53.184 [info] > git for-each-ref --format=%(refname)%00%(upstream:short)%00%(objectname)%00%(upstream:track)%00%(upstream:remotename)%00%(upstream:remoteref) refs/heads/master refs/remotes/master [1ms]
2023-04-06 12:23:53.194 [info] > git status -z -uall [3ms]
2023-04-06 12:23:58.211 [info] > git config --get commit.template [7ms]
2023-04-06 12:23:58.212 [info] > git for-each-ref --format=%(refname)%00%(upstream:short)%00%(objectname)%00%(upstream:track)%00%(upstream:remotename)%00%(upstream:remoteref) refs/heads/master refs/remotes/master [1ms]
2023-04-06 12:23:58.223 [info] > git status -z -uall [4ms]
2023-04-06 12:24:04.161 [info] > git config --get commit.template [8ms]
2023-04-06 12:24:04.161 [info] > git for-each-ref --format=%(refname)%00%(upstream:short)%00%(objectname)%00%(upstream:track)%00%(upstream:remotename)%00%(upstream:remoteref) refs/heads/master refs/remotes/master [1ms]
2023-04-06 12:24:04.173 [info] > git status -z -uall [5ms]
2023-04-06 12:24:14.150 [info] > git config --get commit.template [5ms]
2023-04-06 12:24:14.150 [info] > git for-each-ref --format=%(refname)%00%(upstream:short)%00%(objectname)%00%(upstream:track)%00%(upstream:remotename)%00%(upstream:remoteref) refs/heads/master refs/remotes/master [1ms]
2023-04-06 12:24:14.157 [info] > git status -z -uall [3ms]
2023-04-06 12:24:24.163 [info] > git config --get commit.template [8ms]
2023-04-06 12:24:24.163 [info] > git for-each-ref --format=%(refname)%00%(upstream:short)%00%(objectname)%00%(upstream:track)%00%(upstream:remotename)%00%(upstream:remoteref) refs/heads/master refs/remotes/master [1ms]
2023-04-06 12:24:24.171 [info] > git status -z -uall [3ms]
2023-04-06 12:40:18.853 [info] > git config --get commit.template [6ms]
2023-04-06 12:40:18.854 [info] > git for-each-ref --format=%(refname)%00%(upstream:short)%00%(objectname)%00%(upstream:track)%00%(upstream:remotename)%00%(upstream:remoteref) refs/heads/master refs/remotes/master [1ms]
2023-04-06 12:40:18.864 [info] > git status -z -uall [5ms]
2023-04-06 12:40:23.881 [info] > git config --get commit.template [7ms]
2023-04-06 12:40:23.882 [info] > git for-each-ref --format=%(refname)%00%(upstream:short)%00%(objectname)%00%(upstream:track)%00%(upstream:remotename)%00%(upstream:remoteref) refs/heads/master refs/remotes/master [1ms]
2023-04-06 12:40:23.893 [info] > git status -z -uall [4ms]
2023-04-06 12:40:28.914 [info] > git config --get commit.template [9ms]
2023-04-06 12:40:28.915 [info] > git for-each-ref --format=%(refname)%00%(upstream:short)%00%(objectname)%00%(upstream:track)%00%(upstream:remotename)%00%(upstream:remoteref) refs/heads/master refs/remotes/master [1ms]
2023-04-06 12:40:28.925 [info] > git status -z -uall [3ms]
2023-04-06 12:40:34.149 [info] > git config --get commit.template [7ms]
2023-04-06 12:40:34.149 [info] > git for-each-ref --format=%(refname)%00%(upstream:short)%00%(objectname)%00%(upstream:track)%00%(upstream:remotename)%00%(upstream:remoteref) refs/heads/master refs/remotes/master [1ms]
2023-04-06 12:40:34.158 [info] > git status -z -uall [4ms]
2023-04-06 12:40:40.783 [info] > git config --get commit.template [6ms]
2023-04-06 12:40:40.784 [info] > git for-each-ref --format=%(refname)%00%(upstream:short)%00%(objectname)%00%(upstream:track)%00%(upstream:remotename)%00%(upstream:remoteref) refs/heads/master refs/remotes/master [2ms]
2023-04-06 12:40:40.796 [info] > git status -z -uall [6ms]
2023-04-06 12:40:45.815 [info] > git config --get commit.template [8ms]
2023-04-06 12:40:45.816 [info] > git for-each-ref --format=%(refname)%00%(upstream:short)%00%(objectname)%00%(upstream:track)%00%(upstream:remotename)%00%(upstream:remoteref) refs/heads/master refs/remotes/master [2ms]
2023-04-06 12:40:45.826 [info] > git status -z -uall [4ms]
2023-04-06 12:40:54.178 [info] > git config --get commit.template [1ms]
2023-04-06 12:40:54.189 [info] > git for-each-ref --format=%(refname)%00%(upstream:short)%00%(objectname)%00%(upstream:track)%00%(upstream:remotename)%00%(upstream:remoteref) refs/heads/master refs/remotes/master [1ms]
2023-04-06 12:40:54.200 [info] > git status -z -uall [3ms]
2023-04-06 12:41:04.154 [info] > git config --get commit.template [8ms]
2023-04-06 12:41:04.155 [info] > git for-each-ref --format=%(refname)%00%(upstream:short)%00%(objectname)%00%(upstream:track)%00%(upstream:remotename)%00%(upstream:remoteref) refs/heads/master refs/remotes/master [2ms]
2023-04-06 12:41:04.166 [info] > git status -z -uall [3ms]
2023-04-06 12:41:14.156 [info] > git config --get commit.template [1ms]
2023-04-06 12:41:14.165 [info] > git for-each-ref --format=%(refname)%00%(upstream:short)%00%(objectname)%00%(upstream:track)%00%(upstream:remotename)%00%(upstream:remoteref) refs/heads/master refs/remotes/master [1ms]
2023-04-06 12:41:14.174 [info] > git status -z -uall [3ms]
2023-04-06 12:41:24.156 [info] > git config --get commit.template [9ms]
2023-04-06 12:41:24.157 [info] > git for-each-ref --format=%(refname)%00%(upstream:short)%00%(objectname)%00%(upstream:track)%00%(upstream:remotename)%00%(upstream:remoteref) refs/heads/master refs/remotes/master [2ms]
2023-04-06 12:41:24.166 [info] > git status -z -uall [3ms]
2023-04-06 12:41:34.145 [info] > git config --get commit.template [1ms]
2023-04-06 12:41:34.154 [info] > git for-each-ref --format=%(refname)%00%(upstream:short)%00%(objectname)%00%(upstream:track)%00%(upstream:remotename)%00%(upstream:remoteref) refs/heads/master refs/remotes/master [2ms]
2023-04-06 12:41:34.164 [info] > git status -z -uall [3ms]
2023-04-06 12:41:40.736 [info] > git config --get commit.template [6ms]
2023-04-06 12:41:40.737 [info] > git for-each-ref --format=%(refname)%00%(upstream:short)%00%(objectname)%00%(upstream:track)%00%(upstream:remotename)%00%(upstream:remoteref) refs/heads/master refs/remotes/master [2ms]
2023-04-06 12:41:40.745 [info] > git status -z -uall [4ms]
2023-04-06 12:41:45.764 [info] > git config --get commit.template [8ms]
2023-04-06 12:41:45.764 [info] > git for-each-ref --format=%(refname)%00%(upstream:short)%00%(objectname)%00%(upstream:track)%00%(upstream:remotename)%00%(upstream:remoteref) refs/heads/master refs/remotes/master [1ms]
2023-04-06 12:41:45.774 [info] > git status -z -uall [3ms]
2023-04-06 12:41:54.230 [info] > git config --get commit.template [7ms]
2023-04-06 12:41:54.231 [info] > git for-each-ref --format=%(refname)%00%(upstream:short)%00%(objectname)%00%(upstream:track)%00%(upstream:remotename)%00%(upstream:remoteref) refs/heads/master refs/remotes/master [2ms]
2023-04-06 12:41:54.241 [info] > git status -z -uall [3ms]
2023-04-06 12:42:04.168 [info] > git config --get commit.template [7ms]
2023-04-06 12:42:04.169 [info] > git for-each-ref --format=%(refname)%00%(upstream:short)%00%(objectname)%00%(upstream:track)%00%(upstream:remotename)%00%(upstream:remoteref) refs/heads/master refs/remotes/master [2ms]
2023-04-06 12:42:04.180 [info] > git status -z -uall [4ms]
2023-04-06 12:42:14.218 [info] > git config --get commit.template [7ms]
2023-04-06 12:42:14.219 [info] > git for-each-ref --format=%(refname)%00%(upstream:short)%00%(objectname)%00%(upstream:track)%00%(upstream:remotename)%00%(upstream:remoteref) refs/heads/master refs/remotes/master [2ms]
2023-04-06 12:42:14.231 [info] > git status -z -uall [4ms]
2023-04-06 12:42:24.144 [info] > git config --get commit.template [1ms]
2023-04-06 12:42:24.149 [info] > git for-each-ref --format=%(refname)%00%(upstream:short)%00%(objectname)%00%(upstream:track)%00%(upstream:remotename)%00%(upstream:remoteref) refs/heads/master refs/remotes/master [1ms]
2023-04-06 12:42:24.157 [info] > git status -z -uall [3ms]
2023-04-06 12:42:34.184 [info] > git config --get commit.template [1ms]
2023-04-06 12:42:34.196 [info] > git for-each-ref --format=%(refname)%00%(upstream:short)%00%(objectname)%00%(upstream:track)%00%(upstream:remotename)%00%(upstream:remoteref) refs/heads/master refs/remotes/master [2ms]
2023-04-06 12:42:34.206 [info] > git status -z -uall [3ms]
2023-04-06 12:42:40.725 [info] > git config --get commit.template [1ms]
2023-04-06 12:42:40.735 [info] > git for-each-ref --format=%(refname)%00%(upstream:short)%00%(objectname)%00%(upstream:track)%00%(upstream:remotename)%00%(upstream:remoteref) refs/heads/master refs/remotes/master [1ms]
2023-04-06 12:42:40.746 [info] > git status -z -uall [3ms]
2023-04-06 12:42:45.767 [info] > git config --get commit.template [8ms]
2023-04-06 12:42:45.767 [info] > git for-each-ref --format=%(refname)%00%(upstream:short)%00%(objectname)%00%(upstream:track)%00%(upstream:remotename)%00%(upstream:remoteref) refs/heads/master refs/remotes/master [1ms]
2023-04-06 12:42:45.779 [info] > git status -z -uall [5ms]
2023-04-06 12:42:54.156 [info] > git config --get commit.template [1ms]
2023-04-06 12:42:54.166 [info] > git for-each-ref --format=%(refname)%00%(upstream:short)%00%(objectname)%00%(upstream:track)%00%(upstream:remotename)%00%(upstream:remoteref) refs/heads/master refs/remotes/master [1ms]
2023-04-06 12:42:54.180 [info] > git status -z -uall [6ms]
2023-04-06 12:43:04.149 [info] > git config --get commit.template [6ms]
2023-04-06 12:43:04.150 [info] > git for-each-ref --format=%(refname)%00%(upstream:short)%00%(objectname)%00%(upstream:track)%00%(upstream:remotename)%00%(upstream:remoteref) refs/heads/master refs/remotes/master [1ms]
2023-04-06 12:43:04.157 [info] > git status -z -uall [3ms]
2023-04-06 12:43:14.149 [info] > git config --get commit.template [1ms]
2023-04-06 12:43:14.156 [info] > git for-each-ref --format=%(refname)%00%(upstream:short)%00%(objectname)%00%(upstream:track)%00%(upstream:remotename)%00%(upstream:remoteref) refs/heads/master refs/remotes/master [1ms]
2023-04-06 12:43:14.165 [info] > git status -z -uall [4ms]
2023-04-06 12:43:55.475 [info] > git config --get commit.template [1ms]
2023-04-06 12:43:55.486 [info] > git for-each-ref --format=%(refname)%00%(upstream:short)%00%(objectname)%00%(upstream:track)%00%(upstream:remotename)%00%(upstream:remoteref) refs/heads/master refs/remotes/master [2ms]
2023-04-06 12:43:55.501 [info] > git status -z -uall [1ms]
2023-04-06 12:44:00.515 [info] > git config --get commit.template [2ms]
2023-04-06 12:44:00.524 [info] > git for-each-ref --format=%(refname)%00%(upstream:short)%00%(objectname)%00%(upstream:track)%00%(upstream:remotename)%00%(upstream:remoteref) refs/heads/master refs/remotes/master [1ms]
2023-04-06 12:44:00.535 [info] > git status -z -uall [4ms]
2023-04-06 12:44:05.549 [info] > git config --get commit.template [1ms]
2023-04-06 12:44:05.558 [info] > git for-each-ref --format=%(refname)%00%(upstream:short)%00%(objectname)%00%(upstream:track)%00%(upstream:remotename)%00%(upstream:remoteref) refs/heads/master refs/remotes/master [1ms]
2023-04-06 12:44:05.569 [info] > git status -z -uall [3ms]
2023-04-06 12:51:29.600 [info] > git config --get commit.template [2ms]
2023-04-06 12:51:29.610 [info] > git for-each-ref --format=%(refname)%00%(upstream:short)%00%(objectname)%00%(upstream:track)%00%(upstream:remotename)%00%(upstream:remoteref) refs/heads/master refs/remotes/master [2ms]
2023-04-06 12:51:29.621 [info] > git status -z -uall [4ms]
2023-04-06 13:01:46.546 [info] > git config --get commit.template [8ms]
2023-04-06 13:01:46.547 [info] > git for-each-ref --format=%(refname)%00%(upstream:short)%00%(objectname)%00%(upstream:track)%00%(upstream:remotename)%00%(upstream:remoteref) refs/heads/master refs/remotes/master [1ms]
2023-04-06 13:01:46.556 [info] > git status -z -uall [3ms]
2023-04-06 13:03:16.343 [info] > git config --get commit.template [1ms]
2023-04-06 13:03:16.352 [info] > git for-each-ref --format=%(refname)%00%(upstream:short)%00%(objectname)%00%(upstream:track)%00%(upstream:remotename)%00%(upstream:remoteref) refs/heads/master refs/remotes/master [1ms]
2023-04-06 13:03:16.363 [info] > git status -z -uall [4ms]
2023-04-06 13:05:28.955 [info] > git config --get commit.template [7ms]
2023-04-06 13:05:28.956 [info] > git for-each-ref --format=%(refname)%00%(upstream:short)%00%(objectname)%00%(upstream:track)%00%(upstream:remotename)%00%(upstream:remoteref) refs/heads/master refs/remotes/master [2ms]
2023-04-06 13:05:28.965 [info] > git status -z -uall [3ms]
2023-04-06 13:05:45.300 [info] > git config --get commit.template [5ms]
2023-04-06 13:05:45.319 [info] > git for-each-ref --format=%(refname)%00%(upstream:short)%00%(objectname)%00%(upstream:track)%00%(upstream:remotename)%00%(upstream:remoteref) refs/heads/master refs/remotes/master [3ms]
2023-04-06 13:05:45.341 [info] > git status -z -uall [8ms]
2023-04-06 13:05:50.372 [info] > git config --get commit.template [16ms]
2023-04-06 13:05:50.374 [info] > git for-each-ref --format=%(refname)%00%(upstream:short)%00%(objectname)%00%(upstream:track)%00%(upstream:remotename)%00%(upstream:remoteref) refs/heads/master refs/remotes/master [6ms]
2023-04-06 13:05:50.395 [info] > git status -z -uall [6ms]
2023-04-06 13:06:50.598 [info] > git config --get commit.template [7ms]
2023-04-06 13:06:50.599 [info] > git for-each-ref --format=%(refname)%00%(upstream:short)%00%(objectname)%00%(upstream:track)%00%(upstream:remotename)%00%(upstream:remoteref) refs/heads/master refs/remotes/master [1ms]
2023-04-06 13:06:50.607 [info] > git status -z -uall [3ms]
2023-04-06 13:07:10.869 [info] > git config --get commit.template [9ms]
2023-04-06 13:07:10.871 [info] > git for-each-ref --format=%(refname)%00%(upstream:short)%00%(objectname)%00%(upstream:track)%00%(upstream:remotename)%00%(upstream:remoteref) refs/heads/master refs/remotes/master [3ms]
2023-04-06 13:07:10.884 [info] > git status -z -uall [5ms]
2023-04-06 13:08:21.154 [info] > git config --get commit.template [2ms]
2023-04-06 13:08:21.162 [info] > git for-each-ref --format=%(refname)%00%(upstream:short)%00%(objectname)%00%(upstream:track)%00%(upstream:remotename)%00%(upstream:remoteref) refs/heads/master refs/remotes/master [2ms]
2023-04-06 13:08:21.171 [info] > git status -z -uall [3ms]
2023-04-06 13:08:32.092 [info] > git config --get commit.template [1ms]
2023-04-06 13:08:32.102 [info] > git for-each-ref --format=%(refname)%00%(upstream:short)%00%(objectname)%00%(upstream:track)%00%(upstream:remotename)%00%(upstream:remoteref) refs/heads/master refs/remotes/master [2ms]
2023-04-06 13:08:32.116 [info] > git status -z -uall [5ms]
2023-04-06 13:08:39.288 [info] > git config --get commit.template [9ms]
2023-04-06 13:08:39.288 [info] > git for-each-ref --format=%(refname)%00%(upstream:short)%00%(objectname)%00%(upstream:track)%00%(upstream:remotename)%00%(upstream:remoteref) refs/heads/master refs/remotes/master [1ms]
2023-04-06 13:08:39.300 [info] > git status -z -uall [4ms]
2023-04-06 13:08:51.912 [info] > git for-each-ref --format=%(refname)%00%(upstream:short)%00%(objectname)%00%(upstream:track)%00%(upstream:remotename)%00%(upstream:remoteref) refs/heads/master refs/remotes/master [0ms]
2023-04-06 13:08:51.912 [info] > git config --get commit.template [11ms]
2023-04-06 13:08:51.934 [info] > git status -z -uall [7ms]
2023-04-06 13:08:56.969 [info] > git config --get commit.template [22ms]
2023-04-06 13:08:56.972 [info] > git for-each-ref --format=%(refname)%00%(upstream:short)%00%(objectname)%00%(upstream:track)%00%(upstream:remotename)%00%(upstream:remoteref) refs/heads/master refs/remotes/master [3ms]
2023-04-06 13:08:56.992 [info] > git status -z -uall [9ms]
2023-04-06 13:09:02.027 [info] > git config --get commit.template [14ms]
2023-04-06 13:09:02.030 [info] > git for-each-ref --format=%(refname)%00%(upstream:short)%00%(objectname)%00%(upstream:track)%00%(upstream:remotename)%00%(upstream:remoteref) refs/heads/master refs/remotes/master [4ms]
2023-04-06 13:09:02.048 [info] > git status -z -uall [8ms]
2023-04-06 13:09:13.367 [info] > git config --get commit.template [8ms]
2023-04-06 13:09:13.368 [info] > git for-each-ref --format=%(refname)%00%(upstream:short)%00%(objectname)%00%(upstream:track)%00%(upstream:remotename)%00%(upstream:remoteref) refs/heads/master refs/remotes/master [2ms]
2023-04-06 13:09:13.378 [info] > git status -z -uall [4ms]
2023-04-06 13:29:55.908 [info] > git config --get commit.template [7ms]
2023-04-06 13:29:55.909 [info] > git for-each-ref --format=%(refname)%00%(upstream:short)%00%(objectname)%00%(upstream:track)%00%(upstream:remotename)%00%(upstream:remoteref) refs/heads/master refs/remotes/master [1ms]
2023-04-06 13:29:55.921 [info] > git status -z -uall [4ms]
2023-04-06 13:30:30.976 [info] > git config --get commit.template [9ms]
2023-04-06 13:30:30.979 [info] > git for-each-ref --format=%(refname)%00%(upstream:short)%00%(objectname)%00%(upstream:track)%00%(upstream:remotename)%00%(upstream:remoteref) refs/heads/master refs/remotes/master [4ms]
2023-04-06 13:30:30.990 [info] > git status -z -uall [5ms]
2023-04-06 13:30:36.012 [info] > git config --get commit.template [7ms]
2023-04-06 13:30:36.013 [info] > git for-each-ref --format=%(refname)%00%(upstream:short)%00%(objectname)%00%(upstream:track)%00%(upstream:remotename)%00%(upstream:remoteref) refs/heads/master refs/remotes/master [1ms]
2023-04-06 13:30:36.025 [info] > git status -z -uall [5ms]
2023-04-06 13:30:46.447 [info] > git config --get commit.template [7ms]
2023-04-06 13:30:46.447 [info] > git for-each-ref --format=%(refname)%00%(upstream:short)%00%(objectname)%00%(upstream:track)%00%(upstream:remotename)%00%(upstream:remoteref) refs/heads/master refs/remotes/master [1ms]
2023-04-06 13:30:46.456 [info] > git status -z -uall [4ms]
2023-04-06 13:33:19.231 [info] > git show --textconv :server/start_server.sh [9ms]
2023-04-06 13:33:19.231 [info] > git ls-files --stage -- /root/GenXIoT/server/start_server.sh [1ms]
2023-04-06 13:33:19.238 [info] > git cat-file -s 4b3c3d900559c9f903bcd45470a27cfd6d3d62ba [1ms]
2023-04-06 13:37:54.895 [info] > git config --get commit.template [10ms]
2023-04-06 13:37:54.896 [info] > git for-each-ref --format=%(refname)%00%(upstream:short)%00%(objectname)%00%(upstream:track)%00%(upstream:remotename)%00%(upstream:remoteref) refs/heads/master refs/remotes/master [2ms]
2023-04-06 13:37:54.906 [info] > git status -z -uall [3ms]
2023-04-06 13:38:30.699 [info] > git config --get commit.template [12ms]
2023-04-06 13:38:30.701 [info] > git for-each-ref --format=%(refname)%00%(upstream:short)%00%(objectname)%00%(upstream:track)%00%(upstream:remotename)%00%(upstream:remoteref) refs/heads/master refs/remotes/master [2ms]
2023-04-06 13:38:30.713 [info] > git status -z -uall [4ms]
2023-04-06 13:38:35.727 [info] > git config --get commit.template [1ms]
2023-04-06 13:38:35.734 [info] > git for-each-ref --format=%(refname)%00%(upstream:short)%00%(objectname)%00%(upstream:track)%00%(upstream:remotename)%00%(upstream:remoteref) refs/heads/master refs/remotes/master [2ms]
2023-04-06 13:38:35.745 [info] > git status -z -uall [4ms]
2023-04-06 13:38:46.311 [info] > git config --get commit.template [1ms]
2023-04-06 13:38:46.321 [info] > git for-each-ref --format=%(refname)%00%(upstream:short)%00%(objectname)%00%(upstream:track)%00%(upstream:remotename)%00%(upstream:remoteref) refs/heads/master refs/remotes/master [1ms]
2023-04-06 13:38:46.335 [info] > git status -z -uall [5ms]
2023-04-06 13:43:07.156 [info] > git config --get commit.template [7ms]
2023-04-06 13:43:07.156 [info] > git for-each-ref --format=%(refname)%00%(upstream:short)%00%(objectname)%00%(upstream:track)%00%(upstream:remotename)%00%(upstream:remoteref) refs/heads/master refs/remotes/master [1ms]
2023-04-06 13:43:07.167 [info] > git status -z -uall [3ms]
2023-04-06 13:43:41.333 [info] > git config --get commit.template [6ms]
2023-04-06 13:43:41.333 [info] > git for-each-ref --format=%(refname)%00%(upstream:short)%00%(objectname)%00%(upstream:track)%00%(upstream:remotename)%00%(upstream:remoteref) refs/heads/master refs/remotes/master [1ms]
2023-04-06 13:43:41.342 [info] > git status -z -uall [4ms]
2023-04-06 13:44:01.518 [info] > git config --get commit.template [9ms]
2023-04-06 13:44:01.519 [info] > git for-each-ref --format=%(refname)%00%(upstream:short)%00%(objectname)%00%(upstream:track)%00%(upstream:remotename)%00%(upstream:remoteref) refs/heads/master refs/remotes/master [2ms]
2023-04-06 13:44:01.533 [info] > git status -z -uall [5ms]
2023-04-06 13:44:28.902 [info] > git config --get commit.template [8ms]
2023-04-06 13:44:28.903 [info] > git for-each-ref --format=%(refname)%00%(upstream:short)%00%(objectname)%00%(upstream:track)%00%(upstream:remotename)%00%(upstream:remoteref) refs/heads/master refs/remotes/master [2ms]
2023-04-06 13:44:28.914 [info] > git status -z -uall [4ms]
2023-04-06 13:44:45.746 [info] > git config --get commit.template [10ms]
2023-04-06 13:44:45.748 [info] > git for-each-ref --format=%(refname)%00%(upstream:short)%00%(objectname)%00%(upstream:track)%00%(upstream:remotename)%00%(upstream:remoteref) refs/heads/master refs/remotes/master [2ms]
2023-04-06 13:44:45.758 [info] > git status -z -uall [4ms]
2023-04-06 13:44:51.025 [info] > git config --get commit.template [12ms]
2023-04-06 13:44:51.026 [info] > git for-each-ref --format=%(refname)%00%(upstream:short)%00%(objectname)%00%(upstream:track)%00%(upstream:remotename)%00%(upstream:remoteref) refs/heads/master refs/remotes/master [2ms]
2023-04-06 13:44:51.038 [info] > git status -z -uall [5ms]
2023-04-06 13:44:56.052 [info] > git config --get commit.template [2ms]
2023-04-06 13:44:56.066 [info] > git for-each-ref --format=%(refname)%00%(upstream:short)%00%(objectname)%00%(upstream:track)%00%(upstream:remotename)%00%(upstream:remoteref) refs/heads/master refs/remotes/master [4ms]
2023-04-06 13:44:56.088 [info] > git status -z -uall [13ms]
2023-04-06 13:45:04.666 [info] > git for-each-ref --format=%(refname)%00%(upstream:short)%00%(objectname)%00%(upstream:track)%00%(upstream:remotename)%00%(upstream:remoteref) refs/heads/master refs/remotes/master [13ms]
2023-04-06 13:45:04.666 [info] > git config --get commit.template [23ms]
2023-04-06 13:45:04.706 [info] > git status -z -uall [23ms]
2023-04-06 13:45:18.944 [info] > git config --get commit.template [10ms]
2023-04-06 13:45:18.945 [info] > git for-each-ref --format=%(refname)%00%(upstream:short)%00%(objectname)%00%(upstream:track)%00%(upstream:remotename)%00%(upstream:remoteref) refs/heads/master refs/remotes/master [2ms]
2023-04-06 13:45:18.959 [info] > git status -z -uall [5ms]
