2023-04-11 13:49:19.418 [info] Log level: Info
2023-04-11 13:49:19.418 [info] Validating found git in: "git"
2023-04-11 13:49:19.418 [info] Using git "2.25.1" from "git"
2023-04-11 13:49:19.418 [info] > git rev-parse --show-toplevel [61ms]
2023-04-11 13:49:19.418 [info] > git rev-parse --git-dir --git-common-dir [28ms]
2023-04-11 13:49:19.418 [info] Open repository: /root/GenXIoT
2023-04-11 13:49:19.418 [info] > git rev-parse --show-toplevel [6ms]
2023-04-11 13:49:19.418 [info] > git config --get commit.template [7ms]
2023-04-11 13:49:19.418 [info] > git rev-parse --show-toplevel [4ms]
2023-04-11 13:49:19.418 [info] > git rev-parse --show-toplevel [7ms]
2023-04-11 13:49:19.418 [info] > git for-each-ref --format=%(refname)%00%(upstream:short)%00%(objectname)%00%(upstream:track)%00%(upstream:remotename)%00%(upstream:remoteref) refs/heads/master refs/remotes/master [8ms]
2023-04-11 13:49:19.418 [info] > git rev-parse --show-toplevel [10ms]
2023-04-11 13:49:19.418 [info] > git status -z -uall [7ms]
2023-04-11 13:49:19.418 [info] > git rev-parse --show-toplevel [16ms]
2023-04-11 13:49:19.418 [info] > git rev-parse --show-toplevel [1ms]
2023-04-11 13:49:19.418 [info] > git config --get commit.template [12ms]
2023-04-11 13:49:19.418 [info] > git rev-parse --show-toplevel [2ms]
2023-04-11 13:49:19.418 [info] > git rev-parse --show-toplevel [6ms]
2023-04-11 13:49:19.418 [info] > git for-each-ref --format=%(refname)%00%(upstream:short)%00%(objectname)%00%(upstream:track)%00%(upstream:remotename)%00%(upstream:remoteref) refs/heads/master refs/remotes/master [8ms]
2023-04-11 13:49:19.418 [info] > git status -z -uall [51ms]
2023-04-11 13:49:19.418 [info] > git rev-parse --show-toplevel [62ms]
2023-04-11 13:49:19.418 [info] > git rev-parse --show-toplevel [1ms]
2023-04-11 13:49:19.418 [info] > git rev-parse --show-toplevel [2ms]
2023-04-11 13:49:19.418 [info] > git rev-parse --show-toplevel [2ms]
2023-04-11 13:49:19.418 [info] > git rev-parse --show-toplevel [2ms]
2023-04-11 13:49:19.418 [info] > git check-ignore -v -z --stdin [2ms]
2023-04-11 13:49:19.418 [info] > git show --textconv :deploy/default.conf [7ms]
2023-04-11 13:49:19.418 [info] > git ls-files --stage -- /root/GenXIoT/deploy/default.conf [2ms]
2023-04-11 13:49:19.418 [info] > git cat-file -s 52bd0b803a67f292c1231e7cfab37aa398b6d0ad [2ms]
