2023-04-10 02:33:03.302 [info] Log level: Info
2023-04-10 02:33:03.302 [info] Validating found git in: "git"
2023-04-10 02:33:03.302 [info] Using git "2.25.1" from "git"
2023-04-10 02:33:03.302 [info] > git rev-parse --show-toplevel [136ms]
2023-04-10 02:33:03.302 [info] > git rev-parse --git-dir --git-common-dir [29ms]
2023-04-10 02:33:03.302 [info] Open repository: /root/GenXIoT
2023-04-10 02:33:03.302 [info] > git config --get commit.template [25ms]
2023-04-10 02:33:03.302 [info] > git rev-parse --show-toplevel [43ms]
2023-04-10 02:33:03.302 [info] > git for-each-ref --format=%(refname)%00%(upstream:short)%00%(objectname)%00%(upstream:track)%00%(upstream:remotename)%00%(upstream:remoteref) refs/heads/master refs/remotes/master [21ms]
2023-04-10 02:33:03.302 [info] > git rev-parse --show-toplevel [19ms]
2023-04-10 02:33:03.302 [info] > git status -z -uall [14ms]
2023-04-10 02:33:03.302 [info] > git rev-parse --show-toplevel [110ms]
2023-04-10 02:33:03.302 [info] > git rev-parse --show-toplevel [189ms]
2023-04-10 02:33:03.302 [info] > git config --get commit.template [12ms]
2023-04-10 02:33:03.302 [info] > git rev-parse --show-toplevel [14ms]
2023-04-10 02:33:03.302 [info] > git for-each-ref --format=%(refname)%00%(upstream:short)%00%(objectname)%00%(upstream:track)%00%(upstream:remotename)%00%(upstream:remoteref) refs/heads/master refs/remotes/master [2ms]
2023-04-10 02:33:03.302 [info] > git rev-parse --show-toplevel [35ms]
2023-04-10 02:33:03.302 [info] > git status -z -uall [12ms]
2023-04-10 02:33:03.303 [info] > git rev-parse --show-toplevel [14ms]
2023-04-10 02:33:03.303 [info] > git rev-parse --show-toplevel [17ms]
2023-04-10 02:33:03.312 [info] > git rev-parse --show-toplevel [10ms]
2023-04-10 02:33:03.393 [info] > git rev-parse --show-toplevel [48ms]
2023-04-10 02:33:03.420 [info] > git rev-parse --show-toplevel [8ms]
2023-04-10 02:33:03.434 [info] > git rev-parse --show-toplevel [6ms]
2023-04-10 02:33:03.465 [info] > git rev-parse --show-toplevel [4ms]
2023-04-10 02:33:03.506 [info] > git show --textconv :server/src/server.ts [16ms]
2023-04-10 02:33:03.509 [info] > git ls-files --stage -- /root/GenXIoT/server/src/server.ts [4ms]
2023-04-10 02:33:03.521 [info] > git cat-file -s f253bb67c9051da7a9965aed930bcf70219854e9 [2ms]
2023-04-10 02:33:03.671 [info] > git check-ignore -v -z --stdin [4ms]
2023-04-10 02:33:34.771 [info] > git config --get commit.template [1ms]
2023-04-10 02:33:34.782 [info] > git for-each-ref --format=%(refname)%00%(upstream:short)%00%(objectname)%00%(upstream:track)%00%(upstream:remotename)%00%(upstream:remoteref) refs/heads/master refs/remotes/master [2ms]
2023-04-10 02:33:34.795 [info] > git status -z -uall [5ms]
2023-04-10 02:35:22.174 [info] > git check-ignore -v -z --stdin [1ms]
2023-04-10 02:36:15.355 [info] > git check-ignore -v -z --stdin [1ms]
