2023-04-10 03:03:48.587 [info] Log level: Info
2023-04-10 03:03:48.587 [info] Validating found git in: "git"
2023-04-10 03:03:48.587 [info] Using git "2.25.1" from "git"
2023-04-10 03:03:48.587 [info] > git rev-parse --show-toplevel [79ms]
2023-04-10 03:03:48.587 [info] > git rev-parse --git-dir --git-common-dir [10ms]
2023-04-10 03:03:48.587 [info] Open repository: /root/GenXIoT
2023-04-10 03:03:48.587 [info] > git rev-parse --show-toplevel [21ms]
2023-04-10 03:03:48.587 [info] > git rev-parse --show-toplevel [1ms]
2023-04-10 03:03:48.587 [info] > git config --get commit.template [40ms]
2023-04-10 03:03:48.587 [info] > git rev-parse --show-toplevel [17ms]
2023-04-10 03:03:48.587 [info] > git for-each-ref --format=%(refname)%00%(upstream:short)%00%(objectname)%00%(upstream:track)%00%(upstream:remotename)%00%(upstream:remoteref) refs/heads/master refs/remotes/master [19ms]
2023-04-10 03:03:48.587 [info] > git status -z -uall [115ms]
2023-04-10 03:03:48.587 [info] > git rev-parse --show-toplevel [137ms]
2023-04-10 03:03:48.587 [info] > git rev-parse --show-toplevel [165ms]
2023-04-10 03:03:48.587 [info] > git rev-parse --show-toplevel [196ms]
2023-04-10 03:03:48.587 [info] > git config --get commit.template [275ms]
2023-04-10 03:03:48.587 [info] > git rev-parse --show-toplevel [28ms]
2023-04-10 03:03:48.587 [info] > git rev-parse --show-toplevel [24ms]
2023-04-10 03:03:48.587 [info] > git for-each-ref --format=%(refname)%00%(upstream:short)%00%(objectname)%00%(upstream:track)%00%(upstream:remotename)%00%(upstream:remoteref) refs/heads/master refs/remotes/master [19ms]
2023-04-10 03:03:48.587 [info] > git rev-parse --show-toplevel [21ms]
2023-04-10 03:03:48.587 [info] > git status -z -uall [20ms]
2023-04-10 03:03:48.587 [info] > git rev-parse --show-toplevel [14ms]
2023-04-10 03:03:48.587 [info] > git rev-parse --show-toplevel [5ms]
2023-04-10 03:03:48.587 [info] > git rev-parse --show-toplevel [65ms]
2023-04-10 03:03:48.587 [info] > git rev-parse --show-toplevel [3ms]
2023-04-10 03:03:48.657 [info] > git show --textconv :server/src/server.ts [12ms]
2023-04-10 03:03:48.676 [info] > git ls-files --stage -- /root/GenXIoT/server/src/server.ts [21ms]
2023-04-10 03:03:48.700 [info] > git cat-file -s f253bb67c9051da7a9965aed930bcf70219854e9 [6ms]
2023-04-10 03:03:48.758 [info] > git check-ignore -v -z --stdin [9ms]
2023-04-10 03:03:54.735 [info] > git check-ignore -v -z --stdin [1ms]
2023-04-10 03:07:03.378 [info] > git check-ignore -v -z --stdin [2ms]
2023-04-10 03:07:04.997 [info] > git check-ignore -v -z --stdin [1ms]
2023-04-10 03:07:06.843 [info] > git check-ignore -v -z --stdin [1ms]
2023-04-10 03:07:28.910 [info] > git check-ignore -v -z --stdin [1ms]
2023-04-10 03:07:33.556 [info] > git check-ignore -v -z --stdin [1ms]
2023-04-10 03:07:38.081 [info] > git check-ignore -v -z --stdin [2ms]
2023-04-10 03:07:40.602 [info] > git check-ignore -v -z --stdin [0ms]
2023-04-10 03:07:50.758 [info] > git show --textconv :client/src/pages/DeviceList/index.tsx [5ms]
2023-04-10 03:07:50.760 [info] > git ls-files --stage -- /root/GenXIoT/client/src/pages/DeviceList/index.tsx [1ms]
2023-04-10 03:07:50.766 [info] > git cat-file -s a60171e7168828f866eca7b4479ad3bd71bfc3ef [2ms]
2023-04-10 03:08:23.226 [info] > git check-ignore -v -z --stdin [2ms]
2023-04-10 03:08:26.029 [info] > git check-ignore -v -z --stdin [1ms]
2023-04-10 03:08:28.423 [info] > git check-ignore -v -z --stdin [1ms]
2023-04-10 03:08:46.329 [info] > git check-ignore -v -z --stdin [2ms]
2023-04-10 03:09:02.828 [info] > git check-ignore -v -z --stdin [2ms]
2023-04-10 03:09:17.866 [info] > git show --textconv :client/src/pages/DeviceList/DeviceCard.module.scss [10ms]
2023-04-10 03:09:17.869 [info] > git ls-files --stage -- /root/GenXIoT/client/src/pages/DeviceList/DeviceCard.module.scss [4ms]
2023-04-10 03:09:17.878 [info] > git cat-file -s e9a780064fbe1e9c7b92d55e5cd1b1f8664c221a [1ms]
2023-04-10 03:09:47.156 [info] > git show --textconv :client/package.json [8ms]
2023-04-10 03:09:47.157 [info] > git ls-files --stage -- /root/GenXIoT/client/package.json [2ms]
2023-04-10 03:09:47.164 [info] > git cat-file -s a07c23052241d3163ab7baba78b56c1214fef986 [2ms]
2023-04-10 03:13:09.468 [info] > git show --textconv :client/src/pages/DeviceList/DeviceList.module.scss [9ms]
2023-04-10 03:13:09.470 [info] > git ls-files --stage -- /root/GenXIoT/client/src/pages/DeviceList/DeviceList.module.scss [3ms]
2023-04-10 03:13:09.479 [info] > git cat-file -s a42b701e2434c319486fa3d53a373493ce707cca [2ms]
2023-04-10 03:13:12.706 [info] > git show --textconv :client/src/pages/DeviceList/DeviceList.tsx [10ms]
2023-04-10 03:13:12.707 [info] > git ls-files --stage -- /root/GenXIoT/client/src/pages/DeviceList/DeviceList.tsx [2ms]
2023-04-10 03:13:12.717 [info] > git cat-file -s 58ac6da10faaf2f3d4691c02c122900b59474b43 [2ms]
2023-04-10 03:13:56.780 [info] > git show --textconv :client/src/pages/DeviceList/DeviceCard.tsx [7ms]
2023-04-10 03:13:56.781 [info] > git ls-files --stage -- /root/GenXIoT/client/src/pages/DeviceList/DeviceCard.tsx [2ms]
2023-04-10 03:13:56.789 [info] > git cat-file -s ef22eee65ee93a0af9cf5f6b97462fc61abf3dc7 [2ms]
2023-04-10 03:14:29.755 [info] > git check-ignore -v -z --stdin [8ms]
2023-04-10 03:14:45.649 [info] > git show --textconv :client/src/index.tsx [9ms]
2023-04-10 03:14:45.650 [info] > git ls-files --stage -- /root/GenXIoT/client/src/index.tsx [2ms]
2023-04-10 03:14:45.659 [info] > git cat-file -s aca79d10ccd4d5b508a89886c99ed68a00419862 [2ms]
2023-04-10 03:15:23.362 [info] > git check-ignore -v -z --stdin [1ms]
2023-04-10 03:15:27.455 [info] > git show --textconv :client/public/index.html [9ms]
2023-04-10 03:15:27.458 [info] > git ls-files --stage -- /root/GenXIoT/client/public/index.html [4ms]
2023-04-10 03:15:27.467 [info] > git cat-file -s aa069f27cbd9d53394428171c3989fd03db73c76 [2ms]
