2023-04-07 07:06:03.960 [info] Log level: Info
2023-04-07 07:06:03.960 [info] Validating found git in: "git"
2023-04-07 07:06:03.960 [info] Using git "2.25.1" from "git"
2023-04-07 07:06:03.960 [info] > git rev-parse --show-toplevel [42ms]
2023-04-07 07:06:03.960 [info] > git rev-parse --git-dir --git-common-dir [2ms]
2023-04-07 07:06:03.960 [info] Open repository: /root/GenXIoT
2023-04-07 07:06:03.960 [info] > git rev-parse --show-toplevel [15ms]
2023-04-07 07:06:03.960 [info] > git rev-parse --show-toplevel [1ms]
2023-04-07 07:06:03.960 [info] > git config --get commit.template [15ms]
2023-04-07 07:06:03.960 [info] > git rev-parse --show-toplevel [10ms]
2023-04-07 07:06:03.960 [info] > git for-each-ref --format=%(refname)%00%(upstream:short)%00%(objectname)%00%(upstream:track)%00%(upstream:remotename)%00%(upstream:remoteref) refs/heads/master refs/remotes/master [8ms]
2023-04-07 07:06:03.960 [info] > git rev-parse --show-toplevel [9ms]
2023-04-07 07:06:03.960 [info] > git status -z -uall [8ms]
2023-04-07 07:06:03.960 [info] > git rev-parse --show-toplevel [21ms]
2023-04-07 07:06:03.960 [info] > git rev-parse --show-toplevel [43ms]
2023-04-07 07:06:03.960 [info] > git config --get commit.template [60ms]
2023-04-07 07:06:03.960 [info] > git rev-parse --show-toplevel [3ms]
2023-04-07 07:06:03.960 [info] > git for-each-ref --format=%(refname)%00%(upstream:short)%00%(objectname)%00%(upstream:track)%00%(upstream:remotename)%00%(upstream:remoteref) refs/heads/master refs/remotes/master [3ms]
2023-04-07 07:06:03.960 [info] > git rev-parse --show-toplevel [18ms]
2023-04-07 07:06:03.960 [info] > git status -z -uall [8ms]
2023-04-07 07:06:03.960 [info] > git rev-parse --show-toplevel [7ms]
2023-04-07 07:06:03.960 [info] > git rev-parse --show-toplevel [15ms]
2023-04-07 07:06:03.960 [info] > git rev-parse --show-toplevel [6ms]
2023-04-07 07:06:03.960 [info] > git rev-parse --show-toplevel [5ms]
2023-04-07 07:06:04.241 [info] > git show --textconv :deploy/Dockerfile [9ms]
2023-04-07 07:06:04.243 [info] > git ls-files --stage -- /root/GenXIoT/deploy/Dockerfile [3ms]
2023-04-07 07:06:04.251 [info] > git cat-file -s ad8775104ac210f634df0a9db2438f27b40929b7 [1ms]
2023-04-07 07:06:04.394 [info] > git check-ignore -v -z --stdin [1ms]
2023-04-07 07:08:32.402 [info] > git config --get commit.template [1ms]
2023-04-07 07:08:32.411 [info] > git for-each-ref --format=%(refname)%00%(upstream:short)%00%(objectname)%00%(upstream:track)%00%(upstream:remotename)%00%(upstream:remoteref) refs/heads/master refs/remotes/master [2ms]
2023-04-07 07:08:32.423 [info] > git status -z -uall [4ms]
2023-04-07 08:07:44.188 [info] > git config --get commit.template [7ms]
2023-04-07 08:07:44.189 [info] > git for-each-ref --format=%(refname)%00%(upstream:short)%00%(objectname)%00%(upstream:track)%00%(upstream:remotename)%00%(upstream:remoteref) refs/heads/master refs/remotes/master [2ms]
2023-04-07 08:07:44.198 [info] > git status -z -uall [4ms]
2023-04-07 08:08:39.283 [info] > git config --get commit.template [6ms]
2023-04-07 08:08:39.284 [info] > git for-each-ref --format=%(refname)%00%(upstream:short)%00%(objectname)%00%(upstream:track)%00%(upstream:remotename)%00%(upstream:remoteref) refs/heads/master refs/remotes/master [2ms]
2023-04-07 08:08:39.292 [info] > git status -z -uall [3ms]
2023-04-07 08:08:57.672 [info] > git config --get commit.template [1ms]
2023-04-07 08:08:57.679 [info] > git for-each-ref --format=%(refname)%00%(upstream:short)%00%(objectname)%00%(upstream:track)%00%(upstream:remotename)%00%(upstream:remoteref) refs/heads/master refs/remotes/master [2ms]
2023-04-07 08:08:57.689 [info] > git status -z -uall [3ms]
2023-04-07 08:14:51.113 [info] > git show --textconv :docker-compose.yml [10ms]
2023-04-07 08:14:51.115 [info] > git ls-files --stage -- /root/GenXIoT/docker-compose.yml [2ms]
2023-04-07 08:14:51.124 [info] > git cat-file -s 840ea51beafaa458caf35f67d4eec32a0013580b [2ms]
2023-04-07 08:15:54.289 [info] > git config --get commit.template [8ms]
2023-04-07 08:15:54.290 [info] > git for-each-ref --format=%(refname)%00%(upstream:short)%00%(objectname)%00%(upstream:track)%00%(upstream:remotename)%00%(upstream:remoteref) refs/heads/master refs/remotes/master [1ms]
2023-04-07 08:15:54.300 [info] > git status -z -uall [3ms]
2023-04-07 08:21:22.688 [info] > git config --get commit.template [8ms]
2023-04-07 08:21:22.689 [info] > git for-each-ref --format=%(refname)%00%(upstream:short)%00%(objectname)%00%(upstream:track)%00%(upstream:remotename)%00%(upstream:remoteref) refs/heads/master refs/remotes/master [1ms]
2023-04-07 08:21:22.698 [info] > git status -z -uall [3ms]
2023-04-07 08:23:01.809 [info] > git config --get commit.template [7ms]
2023-04-07 08:23:01.809 [info] > git for-each-ref --format=%(refname)%00%(upstream:short)%00%(objectname)%00%(upstream:track)%00%(upstream:remotename)%00%(upstream:remoteref) refs/heads/master refs/remotes/master [1ms]
2023-04-07 08:23:01.820 [info] > git status -z -uall [4ms]
2023-04-07 08:23:14.307 [info] > git config --get commit.template [5ms]
2023-04-07 08:23:14.307 [info] > git for-each-ref --format=%(refname)%00%(upstream:short)%00%(objectname)%00%(upstream:track)%00%(upstream:remotename)%00%(upstream:remoteref) refs/heads/master refs/remotes/master [1ms]
2023-04-07 08:23:14.316 [info] > git status -z -uall [4ms]
2023-04-07 08:24:12.278 [info] > git config --get commit.template [1ms]
2023-04-07 08:24:12.288 [info] > git for-each-ref --format=%(refname)%00%(upstream:short)%00%(objectname)%00%(upstream:track)%00%(upstream:remotename)%00%(upstream:remoteref) refs/heads/master refs/remotes/master [2ms]
2023-04-07 08:24:12.300 [info] > git status -z -uall [4ms]
2023-04-07 08:24:18.453 [info] > git config --get commit.template [14ms]
2023-04-07 08:24:18.460 [info] > git for-each-ref --format=%(refname)%00%(upstream:short)%00%(objectname)%00%(upstream:track)%00%(upstream:remotename)%00%(upstream:remoteref) refs/heads/master refs/remotes/master [7ms]
2023-04-07 08:24:18.497 [info] > git status -z -uall [22ms]
2023-04-07 08:24:23.519 [info] > git config --get commit.template [9ms]
2023-04-07 08:24:23.522 [info] > git for-each-ref --format=%(refname)%00%(upstream:short)%00%(objectname)%00%(upstream:track)%00%(upstream:remotename)%00%(upstream:remoteref) refs/heads/master refs/remotes/master [4ms]
2023-04-07 08:24:23.532 [info] > git status -z -uall [4ms]
2023-04-07 08:24:33.355 [info] > git config --get commit.template [8ms]
2023-04-07 08:24:33.355 [info] > git for-each-ref --format=%(refname)%00%(upstream:short)%00%(objectname)%00%(upstream:track)%00%(upstream:remotename)%00%(upstream:remoteref) refs/heads/master refs/remotes/master [1ms]
2023-04-07 08:24:33.365 [info] > git status -z -uall [4ms]
2023-04-07 08:35:29.936 [info] > git config --get commit.template [6ms]
2023-04-07 08:35:29.936 [info] > git for-each-ref --format=%(refname)%00%(upstream:short)%00%(objectname)%00%(upstream:track)%00%(upstream:remotename)%00%(upstream:remoteref) refs/heads/master refs/remotes/master [1ms]
2023-04-07 08:35:29.945 [info] > git status -z -uall [4ms]
2023-04-07 08:35:48.451 [info] > git config --get commit.template [15ms]
2023-04-07 08:35:48.453 [info] > git for-each-ref --format=%(refname)%00%(upstream:short)%00%(objectname)%00%(upstream:track)%00%(upstream:remotename)%00%(upstream:remoteref) refs/heads/master refs/remotes/master [6ms]
2023-04-07 08:35:48.467 [info] > git status -z -uall [4ms]
2023-04-07 08:35:53.489 [info] > git config --get commit.template [8ms]
2023-04-07 08:35:53.490 [info] > git for-each-ref --format=%(refname)%00%(upstream:short)%00%(objectname)%00%(upstream:track)%00%(upstream:remotename)%00%(upstream:remoteref) refs/heads/master refs/remotes/master [2ms]
2023-04-07 08:35:53.504 [info] > git status -z -uall [4ms]
2023-04-07 08:36:03.223 [info] > git config --get commit.template [6ms]
2023-04-07 08:36:03.224 [info] > git for-each-ref --format=%(refname)%00%(upstream:short)%00%(objectname)%00%(upstream:track)%00%(upstream:remotename)%00%(upstream:remoteref) refs/heads/master refs/remotes/master [2ms]
2023-04-07 08:36:03.233 [info] > git status -z -uall [4ms]
2023-04-07 08:36:35.568 [info] > git config --get commit.template [6ms]
2023-04-07 08:36:35.569 [info] > git for-each-ref --format=%(refname)%00%(upstream:short)%00%(objectname)%00%(upstream:track)%00%(upstream:remotename)%00%(upstream:remoteref) refs/heads/master refs/remotes/master [1ms]
2023-04-07 08:36:35.578 [info] > git status -z -uall [3ms]
2023-04-07 08:44:20.492 [info] > git config --get commit.template [6ms]
2023-04-07 08:44:20.493 [info] > git for-each-ref --format=%(refname)%00%(upstream:short)%00%(objectname)%00%(upstream:track)%00%(upstream:remotename)%00%(upstream:remoteref) refs/heads/master refs/remotes/master [2ms]
2023-04-07 08:44:20.504 [info] > git status -z -uall [4ms]
2023-04-07 08:44:33.683 [info] > git config --get commit.template [1ms]
2023-04-07 08:44:33.690 [info] > git for-each-ref --format=%(refname)%00%(upstream:short)%00%(objectname)%00%(upstream:track)%00%(upstream:remotename)%00%(upstream:remoteref) refs/heads/master refs/remotes/master [1ms]
2023-04-07 08:44:33.700 [info] > git status -z -uall [4ms]
2023-04-07 08:45:26.177 [info] > git config --get commit.template [12ms]
2023-04-07 08:45:26.180 [info] > git for-each-ref --format=%(refname)%00%(upstream:short)%00%(objectname)%00%(upstream:track)%00%(upstream:remotename)%00%(upstream:remoteref) refs/heads/master refs/remotes/master [4ms]
2023-04-07 08:45:26.199 [info] > git status -z -uall [8ms]
2023-04-07 08:45:54.891 [info] > git config --get commit.template [9ms]
2023-04-07 08:45:54.894 [info] > git for-each-ref --format=%(refname)%00%(upstream:short)%00%(objectname)%00%(upstream:track)%00%(upstream:remotename)%00%(upstream:remoteref) refs/heads/master refs/remotes/master [4ms]
2023-04-07 08:45:54.913 [info] > git status -z -uall [5ms]
2023-04-07 08:45:59.945 [info] > git config --get commit.template [8ms]
2023-04-07 08:45:59.946 [info] > git for-each-ref --format=%(refname)%00%(upstream:short)%00%(objectname)%00%(upstream:track)%00%(upstream:remotename)%00%(upstream:remoteref) refs/heads/master refs/remotes/master [2ms]
2023-04-07 08:45:59.962 [info] > git status -z -uall [6ms]
2023-04-07 08:46:09.535 [info] > git config --get commit.template [1ms]
2023-04-07 08:46:09.545 [info] > git for-each-ref --format=%(refname)%00%(upstream:short)%00%(objectname)%00%(upstream:track)%00%(upstream:remotename)%00%(upstream:remoteref) refs/heads/master refs/remotes/master [2ms]
2023-04-07 08:46:09.555 [info] > git status -z -uall [3ms]
2023-04-07 08:59:08.031 [info] > git config --get commit.template [9ms]
2023-04-07 08:59:08.032 [info] > git for-each-ref --format=%(refname)%00%(upstream:short)%00%(objectname)%00%(upstream:track)%00%(upstream:remotename)%00%(upstream:remoteref) refs/heads/master refs/remotes/master [1ms]
2023-04-07 08:59:08.044 [info] > git status -z -uall [4ms]
2023-04-07 09:01:13.144 [info] > git config --get commit.template [7ms]
2023-04-07 09:01:13.145 [info] > git for-each-ref --format=%(refname)%00%(upstream:short)%00%(objectname)%00%(upstream:track)%00%(upstream:remotename)%00%(upstream:remoteref) refs/heads/master refs/remotes/master [1ms]
2023-04-07 09:01:13.155 [info] > git status -z -uall [5ms]
2023-04-07 09:01:18.175 [info] > git config --get commit.template [8ms]
2023-04-07 09:01:18.176 [info] > git for-each-ref --format=%(refname)%00%(upstream:short)%00%(objectname)%00%(upstream:track)%00%(upstream:remotename)%00%(upstream:remoteref) refs/heads/master refs/remotes/master [2ms]
2023-04-07 09:01:18.188 [info] > git status -z -uall [6ms]
2023-04-07 09:01:28.372 [info] > git config --get commit.template [2ms]
2023-04-07 09:01:28.380 [info] > git for-each-ref --format=%(refname)%00%(upstream:short)%00%(objectname)%00%(upstream:track)%00%(upstream:remotename)%00%(upstream:remoteref) refs/heads/master refs/remotes/master [2ms]
2023-04-07 09:01:28.389 [info] > git status -z -uall [4ms]
2023-04-07 09:12:10.751 [info] > git check-ignore -v -z --stdin [1ms]
2023-04-07 09:12:11.221 [info] > git config --get commit.template [5ms]
2023-04-07 09:12:11.221 [info] > git for-each-ref --format=%(refname)%00%(upstream:short)%00%(objectname)%00%(upstream:track)%00%(upstream:remotename)%00%(upstream:remoteref) refs/heads/master refs/remotes/master [1ms]
2023-04-07 09:12:11.232 [info] > git status -z -uall [4ms]
2023-04-07 09:13:53.460 [info] > git config --get commit.template [8ms]
2023-04-07 09:13:53.461 [info] > git for-each-ref --format=%(refname)%00%(upstream:short)%00%(objectname)%00%(upstream:track)%00%(upstream:remotename)%00%(upstream:remoteref) refs/heads/master refs/remotes/master [2ms]
2023-04-07 09:13:53.470 [info] > git status -z -uall [3ms]
2023-04-07 09:14:57.792 [info] > git config --get commit.template [6ms]
2023-04-07 09:14:57.793 [info] > git for-each-ref --format=%(refname)%00%(upstream:short)%00%(objectname)%00%(upstream:track)%00%(upstream:remotename)%00%(upstream:remoteref) refs/heads/master refs/remotes/master [1ms]
2023-04-07 09:14:57.803 [info] > git status -z -uall [4ms]
2023-04-07 09:15:01.931 [info] > git check-ignore -v -z --stdin [2ms]
2023-04-07 09:15:27.346 [info] > git check-ignore -v -z --stdin [1ms]
2023-04-07 09:15:27.725 [info] > git config --get commit.template [10ms]
2023-04-07 09:15:27.725 [info] > git for-each-ref --format=%(refname)%00%(upstream:short)%00%(objectname)%00%(upstream:track)%00%(upstream:remotename)%00%(upstream:remoteref) refs/heads/master refs/remotes/master [1ms]
2023-04-07 09:15:27.736 [info] > git status -z -uall [5ms]
2023-04-07 09:16:02.340 [info] > git config --get commit.template [1ms]
2023-04-07 09:16:02.350 [info] > git for-each-ref --format=%(refname)%00%(upstream:short)%00%(objectname)%00%(upstream:track)%00%(upstream:remotename)%00%(upstream:remoteref) refs/heads/master refs/remotes/master [1ms]
2023-04-07 09:16:02.363 [info] > git status -z -uall [4ms]
2023-04-07 09:16:43.954 [info] > git config --get commit.template [7ms]
2023-04-07 09:16:43.956 [info] > git for-each-ref --format=%(refname)%00%(upstream:short)%00%(objectname)%00%(upstream:track)%00%(upstream:remotename)%00%(upstream:remoteref) refs/heads/master refs/remotes/master [3ms]
2023-04-07 09:16:43.966 [info] > git status -z -uall [4ms]
2023-04-07 09:16:57.113 [info] > git config --get commit.template [9ms]
2023-04-07 09:16:57.114 [info] > git for-each-ref --format=%(refname)%00%(upstream:short)%00%(objectname)%00%(upstream:track)%00%(upstream:remotename)%00%(upstream:remoteref) refs/heads/master refs/remotes/master [1ms]
2023-04-07 09:16:57.126 [info] > git status -z -uall [4ms]
2023-04-07 09:19:14.003 [info] > git config --get commit.template [1ms]
2023-04-07 09:19:14.012 [info] > git for-each-ref --format=%(refname)%00%(upstream:short)%00%(objectname)%00%(upstream:track)%00%(upstream:remotename)%00%(upstream:remoteref) refs/heads/master refs/remotes/master [1ms]
2023-04-07 09:19:14.022 [info] > git status -z -uall [6ms]
2023-04-07 09:24:37.713 [info] > git check-ignore -v -z --stdin [1ms]
2023-04-07 09:24:39.003 [info] > git show --textconv :deploy/certs/options-ssl-nginx.conf [10ms]
2023-04-07 09:24:39.003 [info] > git ls-files --stage -- /root/GenXIoT/deploy/certs/options-ssl-nginx.conf [1ms]
2023-04-07 09:24:50.740 [info] > git show --textconv :deploy/default.conf [5ms]
2023-04-07 09:24:50.741 [info] > git ls-files --stage -- /root/GenXIoT/deploy/default.conf [2ms]
2023-04-07 09:24:50.748 [info] > git cat-file -s 52bd0b803a67f292c1231e7cfab37aa398b6d0ad [1ms]
2023-04-07 09:34:20.899 [info] > git config --get commit.template [10ms]
2023-04-07 09:34:20.900 [info] > git for-each-ref --format=%(refname)%00%(upstream:short)%00%(objectname)%00%(upstream:track)%00%(upstream:remotename)%00%(upstream:remoteref) refs/heads/master refs/remotes/master [1ms]
2023-04-07 09:34:20.914 [info] > git status -z -uall [3ms]
2023-04-07 09:34:52.306 [info] > git config --get commit.template [8ms]
2023-04-07 09:34:52.307 [info] > git for-each-ref --format=%(refname)%00%(upstream:short)%00%(objectname)%00%(upstream:track)%00%(upstream:remotename)%00%(upstream:remoteref) refs/heads/master refs/remotes/master [2ms]
2023-04-07 09:34:52.316 [info] > git status -z -uall [4ms]
2023-04-07 09:34:59.377 [info] > git config --get commit.template [8ms]
2023-04-07 09:34:59.377 [info] > git for-each-ref --format=%(refname)%00%(upstream:short)%00%(objectname)%00%(upstream:track)%00%(upstream:remotename)%00%(upstream:remoteref) refs/heads/master refs/remotes/master [1ms]
2023-04-07 09:34:59.388 [info] > git status -z -uall [4ms]
2023-04-07 09:35:11.966 [info] > git config --get commit.template [6ms]
2023-04-07 09:35:11.967 [info] > git for-each-ref --format=%(refname)%00%(upstream:short)%00%(objectname)%00%(upstream:track)%00%(upstream:remotename)%00%(upstream:remoteref) refs/heads/master refs/remotes/master [1ms]
2023-04-07 09:35:11.976 [info] > git status -z -uall [4ms]
2023-04-07 09:43:39.956 [info] > git config --get commit.template [8ms]
2023-04-07 09:43:39.957 [info] > git for-each-ref --format=%(refname)%00%(upstream:short)%00%(objectname)%00%(upstream:track)%00%(upstream:remotename)%00%(upstream:remoteref) refs/heads/master refs/remotes/master [2ms]
2023-04-07 09:43:39.967 [info] > git status -z -uall [5ms]
2023-04-07 09:44:49.375 [info] > git config --get commit.template [11ms]
2023-04-07 09:44:49.384 [info] > git for-each-ref --format=%(refname)%00%(upstream:short)%00%(objectname)%00%(upstream:track)%00%(upstream:remotename)%00%(upstream:remoteref) refs/heads/master refs/remotes/master [12ms]
2023-04-07 09:44:49.396 [info] > git status -z -uall [7ms]
2023-04-07 09:44:54.415 [info] > git config --get commit.template [7ms]
2023-04-07 09:44:54.415 [info] > git for-each-ref --format=%(refname)%00%(upstream:short)%00%(objectname)%00%(upstream:track)%00%(upstream:remotename)%00%(upstream:remoteref) refs/heads/master refs/remotes/master [1ms]
2023-04-07 09:44:54.425 [info] > git status -z -uall [4ms]
2023-04-07 09:45:04.115 [info] > git config --get commit.template [8ms]
2023-04-07 09:45:04.116 [info] > git for-each-ref --format=%(refname)%00%(upstream:short)%00%(objectname)%00%(upstream:track)%00%(upstream:remotename)%00%(upstream:remoteref) refs/heads/master refs/remotes/master [2ms]
2023-04-07 09:45:04.128 [info] > git status -z -uall [4ms]
2023-04-07 09:47:58.081 [info] > git config --get commit.template [1ms]
2023-04-07 09:47:58.090 [info] > git for-each-ref --format=%(refname)%00%(upstream:short)%00%(objectname)%00%(upstream:track)%00%(upstream:remotename)%00%(upstream:remoteref) refs/heads/master refs/remotes/master [1ms]
2023-04-07 09:47:58.101 [info] > git status -z -uall [3ms]
2023-04-07 10:10:55.383 [info] > git config --get commit.template [1ms]
2023-04-07 10:10:55.391 [info] > git for-each-ref --format=%(refname)%00%(upstream:short)%00%(objectname)%00%(upstream:track)%00%(upstream:remotename)%00%(upstream:remoteref) refs/heads/master refs/remotes/master [1ms]
2023-04-07 10:10:55.402 [info] > git status -z -uall [4ms]
2023-04-07 10:11:00.911 [info] > git for-each-ref --format=%(refname)%00%(upstream:short)%00%(objectname)%00%(upstream:track)%00%(upstream:remotename)%00%(upstream:remoteref) refs/heads/master refs/remotes/master [1ms]
2023-04-07 10:11:00.912 [info] > git config --get commit.template [8ms]
2023-04-07 10:11:00.927 [info] > git status -z -uall [5ms]
2023-04-07 10:11:22.255 [info] > git config --get commit.template [10ms]
2023-04-07 10:11:22.258 [info] > git for-each-ref --format=%(refname)%00%(upstream:short)%00%(objectname)%00%(upstream:track)%00%(upstream:remotename)%00%(upstream:remoteref) refs/heads/master refs/remotes/master [3ms]
2023-04-07 10:11:22.272 [info] > git status -z -uall [6ms]
2023-04-07 10:22:02.700 [info] > git config --get commit.template [8ms]
2023-04-07 10:22:02.701 [info] > git for-each-ref --format=%(refname)%00%(upstream:short)%00%(objectname)%00%(upstream:track)%00%(upstream:remotename)%00%(upstream:remoteref) refs/heads/master refs/remotes/master [2ms]
2023-04-07 10:22:02.710 [info] > git status -z -uall [4ms]
2023-04-07 10:22:07.723 [info] > git config --get commit.template [2ms]
2023-04-07 10:22:07.730 [info] > git for-each-ref --format=%(refname)%00%(upstream:short)%00%(objectname)%00%(upstream:track)%00%(upstream:remotename)%00%(upstream:remoteref) refs/heads/master refs/remotes/master [2ms]
2023-04-07 10:22:07.739 [info] > git status -z -uall [4ms]
2023-04-07 10:22:18.806 [info] > git config --get commit.template [9ms]
2023-04-07 10:22:18.807 [info] > git for-each-ref --format=%(refname)%00%(upstream:short)%00%(objectname)%00%(upstream:track)%00%(upstream:remotename)%00%(upstream:remoteref) refs/heads/master refs/remotes/master [2ms]
2023-04-07 10:22:18.817 [info] > git status -z -uall [4ms]
2023-04-07 11:26:22.862 [info] > git config --get commit.template [1ms]
2023-04-07 11:26:22.868 [info] > git for-each-ref --format=%(refname)%00%(upstream:short)%00%(objectname)%00%(upstream:track)%00%(upstream:remotename)%00%(upstream:remoteref) refs/heads/master refs/remotes/master [1ms]
2023-04-07 11:26:22.876 [info] > git status -z -uall [3ms]
