2023-04-11 13:53:38.996 [info] Log level: Info
2023-04-11 13:53:38.996 [info] Validating found git in: "git"
2023-04-11 13:53:38.996 [info] Using git "2.25.1" from "git"
2023-04-11 13:53:38.996 [info] > git rev-parse --show-toplevel [37ms]
2023-04-11 13:53:38.996 [info] > git rev-parse --git-dir --git-common-dir [2ms]
2023-04-11 13:53:38.996 [info] Open repository: /root/GenXIoT
2023-04-11 13:53:38.996 [info] > git config --get commit.template [13ms]
2023-04-11 13:53:38.996 [info] > git rev-parse --show-toplevel [20ms]
2023-04-11 13:53:38.996 [info] > git rev-parse --show-toplevel [7ms]
2023-04-11 13:53:38.996 [info] > git for-each-ref --format=%(refname)%00%(upstream:short)%00%(objectname)%00%(upstream:track)%00%(upstream:remotename)%00%(upstream:remoteref) refs/heads/master refs/remotes/master [14ms]
2023-04-11 13:53:38.996 [info] > git rev-parse --show-toplevel [28ms]
2023-04-11 13:53:38.996 [info] > git status -z -uall [10ms]
2023-04-11 13:53:38.996 [info] > git rev-parse --show-toplevel [82ms]
2023-04-11 13:53:38.996 [info] > git config --get commit.template [22ms]
2023-04-11 13:53:38.996 [info] > git rev-parse --show-toplevel [17ms]
2023-04-11 13:53:38.996 [info] > git rev-parse --show-toplevel [13ms]
2023-04-11 13:53:38.996 [info] > git for-each-ref --format=%(refname)%00%(upstream:short)%00%(objectname)%00%(upstream:track)%00%(upstream:remotename)%00%(upstream:remoteref) refs/heads/master refs/remotes/master [22ms]
2023-04-11 13:53:38.996 [info] > git rev-parse --show-toplevel [12ms]
2023-04-11 13:53:38.996 [info] > git status -z -uall [14ms]
2023-04-11 13:53:38.996 [info] > git rev-parse --show-toplevel [11ms]
2023-04-11 13:53:38.996 [info] > git rev-parse --show-toplevel [3ms]
2023-04-11 13:53:38.996 [info] > git rev-parse --show-toplevel [1ms]
2023-04-11 13:53:38.996 [info] > git rev-parse --show-toplevel [1ms]
2023-04-11 13:53:38.996 [info] > git rev-parse --show-toplevel [1ms]
2023-04-11 13:53:38.996 [info] > git rev-parse --show-toplevel [1ms]
2023-04-11 13:53:38.996 [info] > git show --textconv :deploy/default.conf [7ms]
2023-04-11 13:53:38.996 [info] > git ls-files --stage -- /root/GenXIoT/deploy/default.conf [2ms]
2023-04-11 13:53:38.996 [info] > git cat-file -s 52bd0b803a67f292c1231e7cfab37aa398b6d0ad [2ms]
2023-04-11 13:53:39.256 [info] > git check-ignore -v -z --stdin [2ms]
2023-04-11 13:56:08.063 [info] > git config --get commit.template [8ms]
2023-04-11 13:56:08.064 [info] > git for-each-ref --format=%(refname)%00%(upstream:short)%00%(objectname)%00%(upstream:track)%00%(upstream:remotename)%00%(upstream:remoteref) refs/heads/master refs/remotes/master [2ms]
2023-04-11 13:56:08.075 [info] > git status -z -uall [5ms]
2023-04-11 13:56:09.869 [info] > git show --textconv :deploy/Dockerfile [8ms]
2023-04-11 13:56:09.871 [info] > git ls-files --stage -- /root/GenXIoT/deploy/Dockerfile [2ms]
2023-04-11 13:56:09.878 [info] > git cat-file -s ad8775104ac210f634df0a9db2438f27b40929b7 [2ms]
2023-04-11 13:56:21.882 [info] > git show --textconv :docker-compose.yml [6ms]
2023-04-11 13:56:21.884 [info] > git ls-files --stage -- /root/GenXIoT/docker-compose.yml [2ms]
2023-04-11 13:56:21.890 [info] > git cat-file -s 840ea51beafaa458caf35f67d4eec32a0013580b [1ms]
2023-04-11 13:56:50.437 [info] > git config --get commit.template [7ms]
2023-04-11 13:56:50.438 [info] > git for-each-ref --format=%(refname)%00%(upstream:short)%00%(objectname)%00%(upstream:track)%00%(upstream:remotename)%00%(upstream:remoteref) refs/heads/master refs/remotes/master [2ms]
2023-04-11 13:56:50.447 [info] > git status -z -uall [3ms]
2023-04-11 13:58:34.173 [info] > git config --get commit.template [11ms]
2023-04-11 13:58:34.183 [info] > git for-each-ref --format=%(refname)%00%(upstream:short)%00%(objectname)%00%(upstream:track)%00%(upstream:remotename)%00%(upstream:remoteref) refs/heads/master refs/remotes/master [11ms]
2023-04-11 13:58:34.213 [info] > git status -z -uall [10ms]
2023-04-11 13:58:39.250 [info] > git config --get commit.template [8ms]
2023-04-11 13:58:39.251 [info] > git for-each-ref --format=%(refname)%00%(upstream:short)%00%(objectname)%00%(upstream:track)%00%(upstream:remotename)%00%(upstream:remoteref) refs/heads/master refs/remotes/master [1ms]
2023-04-11 13:58:39.266 [info] > git status -z -uall [1ms]
2023-04-11 13:58:44.297 [info] > git config --get commit.template [6ms]
2023-04-11 13:58:44.298 [info] > git for-each-ref --format=%(refname)%00%(upstream:short)%00%(objectname)%00%(upstream:track)%00%(upstream:remotename)%00%(upstream:remoteref) refs/heads/master refs/remotes/master [1ms]
2023-04-11 13:58:44.307 [info] > git status -z -uall [3ms]
2023-04-11 14:05:11.548 [info] > git show --textconv :deploy/options-ssl-nginx.conf [6ms]
2023-04-11 14:05:11.549 [info] > git ls-files --stage -- /root/GenXIoT/deploy/options-ssl-nginx.conf [2ms]
2023-04-11 14:05:11.657 [info] > git check-ignore -v -z --stdin [2ms]
2023-04-11 14:05:12.032 [info] > git config --get commit.template [6ms]
2023-04-11 14:05:12.033 [info] > git for-each-ref --format=%(refname)%00%(upstream:short)%00%(objectname)%00%(upstream:track)%00%(upstream:remotename)%00%(upstream:remoteref) refs/heads/master refs/remotes/master [1ms]
2023-04-11 14:05:12.048 [info] > git status -z -uall [8ms]
2023-04-11 14:06:59.944 [info] > git config --get commit.template [6ms]
2023-04-11 14:06:59.946 [info] > git for-each-ref --format=%(refname)%00%(upstream:short)%00%(objectname)%00%(upstream:track)%00%(upstream:remotename)%00%(upstream:remoteref) refs/heads/master refs/remotes/master [1ms]
2023-04-11 14:06:59.955 [info] > git status -z -uall [5ms]
2023-04-11 14:07:36.673 [info] > git config --get commit.template [10ms]
2023-04-11 14:07:36.676 [info] > git for-each-ref --format=%(refname)%00%(upstream:short)%00%(objectname)%00%(upstream:track)%00%(upstream:remotename)%00%(upstream:remoteref) refs/heads/master refs/remotes/master [3ms]
2023-04-11 14:07:36.690 [info] > git status -z -uall [8ms]
2023-04-11 14:07:52.594 [info] > git config --get commit.template [11ms]
2023-04-11 14:07:52.598 [info] > git for-each-ref --format=%(refname)%00%(upstream:short)%00%(objectname)%00%(upstream:track)%00%(upstream:remotename)%00%(upstream:remoteref) refs/heads/master refs/remotes/master [7ms]
2023-04-11 14:07:52.647 [info] > git status -z -uall [32ms]
2023-04-11 14:07:57.663 [info] > git config --get commit.template [5ms]
2023-04-11 14:07:57.665 [info] > git for-each-ref --format=%(refname)%00%(upstream:short)%00%(objectname)%00%(upstream:track)%00%(upstream:remotename)%00%(upstream:remoteref) refs/heads/master refs/remotes/master [3ms]
2023-04-11 14:07:57.678 [info] > git status -z -uall [5ms]
2023-04-11 14:08:02.697 [info] > git config --get commit.template [7ms]
2023-04-11 14:08:02.699 [info] > git for-each-ref --format=%(refname)%00%(upstream:short)%00%(objectname)%00%(upstream:track)%00%(upstream:remotename)%00%(upstream:remoteref) refs/heads/master refs/remotes/master [2ms]
2023-04-11 14:08:02.711 [info] > git status -z -uall [5ms]
2023-04-11 14:09:04.904 [info] > git check-ignore -v -z --stdin [2ms]
2023-04-11 14:09:12.153 [info] > git check-ignore -v -z --stdin [1ms]
2023-04-11 14:09:12.544 [info] > git config --get commit.template [5ms]
2023-04-11 14:09:12.545 [info] > git for-each-ref --format=%(refname)%00%(upstream:short)%00%(objectname)%00%(upstream:track)%00%(upstream:remotename)%00%(upstream:remoteref) refs/heads/master refs/remotes/master [1ms]
2023-04-11 14:09:12.552 [info] > git status -z -uall [4ms]
2023-04-11 14:12:36.238 [info] > git config --get commit.template [8ms]
2023-04-11 14:12:36.239 [info] > git for-each-ref --format=%(refname)%00%(upstream:short)%00%(objectname)%00%(upstream:track)%00%(upstream:remotename)%00%(upstream:remoteref) refs/heads/master refs/remotes/master [2ms]
2023-04-11 14:12:36.252 [info] > git status -z -uall [6ms]
