2023-04-10 07:08:15.497 [info] Log level: Info
2023-04-10 07:08:15.497 [info] Validating found git in: "git"
2023-04-10 07:08:15.497 [info] Using git "2.25.1" from "git"
2023-04-10 07:08:15.497 [info] > git rev-parse --show-toplevel [123ms]
2023-04-10 07:08:15.497 [info] fatal: not a git repository (or any of the parent directories): .git
2023-04-10 07:08:15.497 [info] > git rev-parse --show-toplevel [2ms]
2023-04-10 07:08:15.497 [info] > git rev-parse --git-dir --git-common-dir [42ms]
2023-04-10 07:08:15.497 [info] Open repository: /root/GenXIoT
2023-04-10 07:08:15.497 [info] > git rev-parse --show-toplevel [18ms]
2023-04-10 07:08:15.498 [info] fatal: not a git repository (or any of the parent directories): .git
2023-04-10 07:08:15.498 [info] > git rev-parse --show-toplevel [1ms]
2023-04-10 07:08:15.498 [info] fatal: not a git repository (or any of the parent directories): .git
2023-04-10 07:08:15.498 [info] > git config --get commit.template [41ms]
2023-04-10 07:08:15.498 [info] > git rev-parse --show-toplevel [14ms]
2023-04-10 07:08:15.498 [info] fatal: not a git repository (or any of the parent directories): .git
2023-04-10 07:08:15.498 [info] > git for-each-ref --format=%(refname)%00%(upstream:short)%00%(objectname)%00%(upstream:track)%00%(upstream:remotename)%00%(upstream:remoteref) refs/heads/master refs/remotes/master [19ms]
2023-04-10 07:08:15.498 [info] > git rev-parse --show-toplevel [20ms]
2023-04-10 07:08:15.498 [info] fatal: not a git repository (or any of the parent directories): .git
2023-04-10 07:08:15.499 [info] > git rev-parse --show-toplevel [1ms]
2023-04-10 07:08:15.499 [info] > git status -z -uall [37ms]
2023-04-10 07:08:15.499 [info] > git rev-parse --git-dir --git-common-dir [30ms]
2023-04-10 07:08:15.499 [info] Open repository: /root/.nvm
2023-04-10 07:08:15.499 [info] > git config --get commit.template [21ms]
2023-04-10 07:08:15.499 [info] > git rev-parse --show-toplevel [10ms]
2023-04-10 07:08:15.499 [info] fatal: not a git repository (or any of the parent directories): .git
2023-04-10 07:08:15.500 [info] > git config --get commit.template [35ms]
2023-04-10 07:08:15.500 [info] > git for-each-ref --format=%(refname)%00%(upstream:short)%00%(objectname)%00%(upstream:track)%00%(upstream:remotename)%00%(upstream:remoteref) refs/heads/master refs/remotes/master [26ms]
2023-04-10 07:08:15.500 [info] > git rev-parse --show-toplevel [58ms]
2023-04-10 07:08:15.500 [info] fatal: not a git repository (or any of the parent directories): .git
2023-04-10 07:08:15.500 [info] > git status -z -uall [169ms]
2023-04-10 07:08:15.500 [info] > git rev-parse --show-toplevel [145ms]
2023-04-10 07:08:15.500 [info] fatal: not a git repository (or any of the parent directories): .git
2023-04-10 07:08:15.500 [info] > git for-each-ref --format %(refname) %(objectname) %(*objectname) refs/tags [207ms]
2023-04-10 07:08:15.500 [info] > git rev-parse --show-toplevel [46ms]
2023-04-10 07:08:15.500 [info] fatal: not a git repository (or any of the parent directories): .git
2023-04-10 07:08:15.501 [info] > git rev-parse --show-toplevel [1ms]
2023-04-10 07:08:15.501 [info] fatal: not a git repository (or any of the parent directories): .git
2023-04-10 07:08:15.501 [info] > git status -z -uall [49ms]
2023-04-10 07:08:15.501 [info] > git rev-parse --show-toplevel [23ms]
2023-04-10 07:08:15.501 [info] fatal: not a git repository (or any of the parent directories): .git
2023-04-10 07:08:15.691 [info] > git show --textconv :server/src/socket.ts [25ms]
2023-04-10 07:08:15.705 [info] > git ls-files --stage -- /root/GenXIoT/server/src/socket.ts [15ms]
2023-04-10 07:08:15.736 [info] > git cat-file -s 7499ed6bdc971165f6c6ef858390314ad8429a15 [13ms]
2023-04-10 07:08:16.293 [info] > git check-ignore -v -z --stdin [2ms]
2023-04-10 07:08:18.314 [info] > git check-ignore -v -z --stdin [1ms]
2023-04-10 07:08:20.909 [info] > git check-ignore -v -z --stdin [2ms]
2023-04-10 07:08:58.712 [info] > git rev-parse --show-toplevel [15ms]
2023-04-10 07:08:58.713 [info] fatal: not a git repository (or any of the parent directories): .git
