2023-04-08 04:47:20.516 [info] Log level: Info
2023-04-08 04:47:20.516 [info] Validating found git in: "git"
2023-04-08 04:47:20.516 [info] Using git "2.25.1" from "git"
2023-04-08 04:47:20.516 [info] > git rev-parse --show-toplevel [32ms]
2023-04-08 04:47:20.516 [info] > git rev-parse --git-dir --git-common-dir [2ms]
2023-04-08 04:47:20.516 [info] Open repository: /root/GenXIoT
2023-04-08 04:47:20.516 [info] > git rev-parse --show-toplevel [7ms]
2023-04-08 04:47:20.516 [info] > git config --get commit.template [6ms]
2023-04-08 04:47:20.516 [info] > git rev-parse --show-toplevel [9ms]
2023-04-08 04:47:20.516 [info] > git for-each-ref --format=%(refname)%00%(upstream:short)%00%(objectname)%00%(upstream:track)%00%(upstream:remotename)%00%(upstream:remoteref) refs/heads/master refs/remotes/master [6ms]
2023-04-08 04:47:20.516 [info] > git rev-parse --show-toplevel [6ms]
2023-04-08 04:47:20.516 [info] > git status -z -uall [6ms]
2023-04-08 04:47:20.516 [info] > git rev-parse --show-toplevel [30ms]
2023-04-08 04:47:20.516 [info] > git config --get commit.template [14ms]
2023-04-08 04:47:20.516 [info] > git rev-parse --show-toplevel [8ms]
2023-04-08 04:47:20.516 [info] > git for-each-ref --format=%(refname)%00%(upstream:short)%00%(objectname)%00%(upstream:track)%00%(upstream:remotename)%00%(upstream:remoteref) refs/heads/master refs/remotes/master [9ms]
2023-04-08 04:47:20.516 [info] > git status -z -uall [63ms]
2023-04-08 04:47:20.516 [info] > git rev-parse --show-toplevel [101ms]
2023-04-08 04:47:20.516 [info] > git rev-parse --show-toplevel [22ms]
2023-04-08 04:47:20.516 [info] > git rev-parse --show-toplevel [4ms]
2023-04-08 04:47:20.516 [info] > git rev-parse --show-toplevel [14ms]
2023-04-08 04:47:20.516 [info] > git rev-parse --show-toplevel [62ms]
2023-04-08 04:47:20.516 [info] > git rev-parse --show-toplevel [2ms]
2023-04-08 04:47:20.683 [info] > git check-ignore -v -z --stdin [2ms]
2023-04-08 04:47:20.700 [info] > git show --textconv :docker-compose.yml [8ms]
2023-04-08 04:47:20.702 [info] > git ls-files --stage -- /root/GenXIoT/docker-compose.yml [2ms]
2023-04-08 04:47:20.709 [info] > git cat-file -s 840ea51beafaa458caf35f67d4eec32a0013580b [2ms]
2023-04-08 04:56:23.933 [info] > git config --get commit.template [7ms]
2023-04-08 04:56:23.934 [info] > git for-each-ref --format=%(refname)%00%(upstream:short)%00%(objectname)%00%(upstream:track)%00%(upstream:remotename)%00%(upstream:remoteref) refs/heads/master refs/remotes/master [3ms]
2023-04-08 04:56:23.943 [info] > git status -z -uall [4ms]
2023-04-08 04:56:28.965 [info] > git config --get commit.template [1ms]
2023-04-08 04:56:28.974 [info] > git for-each-ref --format=%(refname)%00%(upstream:short)%00%(objectname)%00%(upstream:track)%00%(upstream:remotename)%00%(upstream:remoteref) refs/heads/master refs/remotes/master [1ms]
2023-04-08 04:56:28.983 [info] > git status -z -uall [4ms]
2023-04-08 05:37:46.084 [info] > git config --get commit.template [6ms]
2023-04-08 05:37:46.085 [info] > git for-each-ref --format=%(refname)%00%(upstream:short)%00%(objectname)%00%(upstream:track)%00%(upstream:remotename)%00%(upstream:remoteref) refs/heads/master refs/remotes/master [1ms]
2023-04-08 05:37:46.093 [info] > git status -z -uall [3ms]
2023-04-08 05:37:48.352 [info] > git check-ignore -v -z --stdin [1ms]
2023-04-08 05:37:53.662 [info] > git check-ignore -v -z --stdin [1ms]
2023-04-08 05:37:55.615 [info] > git check-ignore -v -z --stdin [2ms]
2023-04-08 05:38:31.289 [info] > git check-ignore -v -z --stdin [1ms]
2023-04-08 05:38:31.793 [info] > git config --get commit.template [2ms]
2023-04-08 05:38:31.799 [info] > git for-each-ref --format=%(refname)%00%(upstream:short)%00%(objectname)%00%(upstream:track)%00%(upstream:remotename)%00%(upstream:remoteref) refs/heads/master refs/remotes/master [2ms]
2023-04-08 05:38:31.807 [info] > git status -z -uall [4ms]
2023-04-08 05:38:41.993 [info] > git check-ignore -v -z --stdin [2ms]
2023-04-08 05:38:42.544 [info] > git config --get commit.template [7ms]
2023-04-08 05:38:42.545 [info] > git for-each-ref --format=%(refname)%00%(upstream:short)%00%(objectname)%00%(upstream:track)%00%(upstream:remotename)%00%(upstream:remoteref) refs/heads/master refs/remotes/master [2ms]
2023-04-08 05:38:42.553 [info] > git status -z -uall [4ms]
2023-04-08 05:38:49.508 [info] > git show --textconv :mongo/SSL/mongodb.crt [4ms]
2023-04-08 05:38:49.509 [info] > git ls-files --stage -- /root/GenXIoT/mongo/SSL/mongodb.crt [1ms]
2023-04-08 05:38:52.985 [info] > git show --textconv :mongo/SSL/mongodb.csr [6ms]
2023-04-08 05:38:52.986 [info] > git ls-files --stage -- /root/GenXIoT/mongo/SSL/mongodb.csr [2ms]
2023-04-08 05:38:53.752 [info] > git show --textconv :mongo/SSL/mongodb.key [5ms]
2023-04-08 05:38:53.753 [info] > git ls-files --stage -- /root/GenXIoT/mongo/SSL/mongodb.key [2ms]
2023-04-08 05:39:51.386 [info] > git show --textconv :mongo/Dockerfile [5ms]
2023-04-08 05:39:51.387 [info] > git ls-files --stage -- /root/GenXIoT/mongo/Dockerfile [2ms]
2023-04-08 05:42:47.095 [info] > git config --get commit.template [8ms]
2023-04-08 05:42:47.096 [info] > git for-each-ref --format=%(refname)%00%(upstream:short)%00%(objectname)%00%(upstream:track)%00%(upstream:remotename)%00%(upstream:remoteref) refs/heads/master refs/remotes/master [2ms]
2023-04-08 05:42:47.107 [info] > git status -z -uall [5ms]
2023-04-08 05:42:47.722 [info] > git show --textconv :mongo/SSL/mongodb.pem [5ms]
2023-04-08 05:42:47.724 [info] > git ls-files --stage -- /root/GenXIoT/mongo/SSL/mongodb.pem [2ms]
2023-04-08 05:42:47.929 [info] > git check-ignore -v -z --stdin [1ms]
2023-04-08 05:42:52.130 [info] > git config --get commit.template [8ms]
2023-04-08 05:42:52.131 [info] > git for-each-ref --format=%(refname)%00%(upstream:short)%00%(objectname)%00%(upstream:track)%00%(upstream:remotename)%00%(upstream:remoteref) refs/heads/master refs/remotes/master [1ms]
2023-04-08 05:42:52.145 [info] > git status -z -uall [6ms]
2023-04-08 05:43:41.252 [info] > git config --get commit.template [6ms]
2023-04-08 05:43:41.253 [info] > git for-each-ref --format=%(refname)%00%(upstream:short)%00%(objectname)%00%(upstream:track)%00%(upstream:remotename)%00%(upstream:remoteref) refs/heads/master refs/remotes/master [2ms]
2023-04-08 05:43:41.261 [info] > git status -z -uall [4ms]
2023-04-08 05:43:51.917 [info] > git show --textconv :mongo/mongod.conf [18ms]
2023-04-08 05:43:51.918 [info] > git ls-files --stage -- /root/GenXIoT/mongo/mongod.conf [12ms]
2023-04-08 05:45:04.739 [info] > git config --get commit.template [5ms]
2023-04-08 05:45:04.739 [info] > git for-each-ref --format=%(refname)%00%(upstream:short)%00%(objectname)%00%(upstream:track)%00%(upstream:remotename)%00%(upstream:remoteref) refs/heads/master refs/remotes/master [1ms]
2023-04-08 05:45:04.747 [info] > git status -z -uall [3ms]
2023-04-08 05:48:01.716 [info] > git config --get commit.template [10ms]
2023-04-08 05:48:01.717 [info] > git for-each-ref --format=%(refname)%00%(upstream:short)%00%(objectname)%00%(upstream:track)%00%(upstream:remotename)%00%(upstream:remoteref) refs/heads/master refs/remotes/master [2ms]
2023-04-08 05:48:01.731 [info] > git status -z -uall [6ms]
2023-04-08 05:48:18.486 [info] > git show --textconv :mongo/mongod.conf [5ms]
2023-04-08 05:48:18.487 [info] > git ls-files --stage -- /root/GenXIoT/mongo/mongod.conf [2ms]
2023-04-08 05:48:43.447 [info] > git for-each-ref --format=%(refname)%00%(upstream:short)%00%(objectname)%00%(upstream:track)%00%(upstream:remotename)%00%(upstream:remoteref) refs/heads/master refs/remotes/master [2ms]
2023-04-08 05:48:43.447 [info] > git config --get commit.template [6ms]
2023-04-08 05:48:43.455 [info] > git status -z -uall [4ms]
2023-04-08 05:49:26.271 [info] > git config --get commit.template [7ms]
2023-04-08 05:49:26.271 [info] > git for-each-ref --format=%(refname)%00%(upstream:short)%00%(objectname)%00%(upstream:track)%00%(upstream:remotename)%00%(upstream:remoteref) refs/heads/master refs/remotes/master [1ms]
2023-04-08 05:49:26.281 [info] > git status -z -uall [4ms]
2023-04-08 07:25:26.842 [info] > git config --get commit.template [2ms]
2023-04-08 07:25:26.851 [info] > git for-each-ref --format=%(refname)%00%(upstream:short)%00%(objectname)%00%(upstream:track)%00%(upstream:remotename)%00%(upstream:remoteref) refs/heads/master refs/remotes/master [1ms]
2023-04-08 07:25:26.863 [info] > git status -z -uall [6ms]
2023-04-08 07:29:42.809 [info] > git config --get commit.template [6ms]
2023-04-08 07:29:42.810 [info] > git for-each-ref --format=%(refname)%00%(upstream:short)%00%(objectname)%00%(upstream:track)%00%(upstream:remotename)%00%(upstream:remoteref) refs/heads/master refs/remotes/master [1ms]
2023-04-08 07:29:42.820 [info] > git status -z -uall [4ms]
2023-04-08 07:32:55.950 [info] > git show --textconv :mongo/mongod.conf [7ms]
2023-04-08 07:32:55.950 [info] > git ls-files --stage -- /root/GenXIoT/mongo/mongod.conf [1ms]
2023-04-08 07:45:32.314 [info] > git show --textconv :mongo/SSL/mongodb.cer [9ms]
2023-04-08 07:45:32.315 [info] > git ls-files --stage -- /root/GenXIoT/mongo/SSL/mongodb.cer [2ms]
2023-04-08 07:45:32.521 [info] > git check-ignore -v -z --stdin [1ms]
2023-04-08 07:45:33.121 [info] > git config --get commit.template [6ms]
2023-04-08 07:45:33.122 [info] > git for-each-ref --format=%(refname)%00%(upstream:short)%00%(objectname)%00%(upstream:track)%00%(upstream:remotename)%00%(upstream:remoteref) refs/heads/master refs/remotes/master [1ms]
2023-04-08 07:45:33.131 [info] > git status -z -uall [4ms]
2023-04-08 08:18:47.344 [info] > git show --textconv :mongo/SSL/ca.pem [6ms]
2023-04-08 08:18:47.344 [info] > git ls-files --stage -- /root/GenXIoT/mongo/SSL/ca.pem [2ms]
2023-04-08 08:18:47.532 [info] > git check-ignore -v -z --stdin [2ms]
2023-04-08 08:18:48.034 [info] > git config --get commit.template [1ms]
2023-04-08 08:18:48.043 [info] > git for-each-ref --format=%(refname)%00%(upstream:short)%00%(objectname)%00%(upstream:track)%00%(upstream:remotename)%00%(upstream:remoteref) refs/heads/master refs/remotes/master [2ms]
2023-04-08 08:18:48.054 [info] > git status -z -uall [4ms]
2023-04-08 08:20:08.633 [info] > git config --get commit.template [9ms]
2023-04-08 08:20:08.634 [info] > git for-each-ref --format=%(refname)%00%(upstream:short)%00%(objectname)%00%(upstream:track)%00%(upstream:remotename)%00%(upstream:remoteref) refs/heads/master refs/remotes/master [1ms]
2023-04-08 08:20:08.645 [info] > git status -z -uall [4ms]
2023-04-08 08:20:57.126 [info] > git config --get commit.template [1ms]
2023-04-08 08:20:57.134 [info] > git for-each-ref --format=%(refname)%00%(upstream:short)%00%(objectname)%00%(upstream:track)%00%(upstream:remotename)%00%(upstream:remoteref) refs/heads/master refs/remotes/master [2ms]
2023-04-08 08:20:57.146 [info] > git status -z -uall [5ms]
2023-04-08 08:22:22.104 [info] > git config --get commit.template [7ms]
2023-04-08 08:22:22.105 [info] > git for-each-ref --format=%(refname)%00%(upstream:short)%00%(objectname)%00%(upstream:track)%00%(upstream:remotename)%00%(upstream:remoteref) refs/heads/master refs/remotes/master [2ms]
2023-04-08 08:22:22.117 [info] > git status -z -uall [4ms]
2023-04-08 08:25:19.176 [info] > git show --textconv :mongo/SSL/mongodb.key [5ms]
2023-04-08 08:25:19.177 [info] > git ls-files --stage -- /root/GenXIoT/mongo/SSL/mongodb.key [2ms]
2023-04-08 08:25:25.240 [info] > git config --get commit.template [1ms]
2023-04-08 08:25:25.247 [info] > git for-each-ref --format=%(refname)%00%(upstream:short)%00%(objectname)%00%(upstream:track)%00%(upstream:remotename)%00%(upstream:remoteref) refs/heads/master refs/remotes/master [1ms]
2023-04-08 08:25:25.255 [info] > git status -z -uall [3ms]
2023-04-08 08:30:14.052 [info] > git show --textconv :mongo/SSL/cert.pem [7ms]
2023-04-08 08:30:14.053 [info] > git ls-files --stage -- /root/GenXIoT/mongo/SSL/cert.pem [2ms]
2023-04-08 08:30:14.156 [info] > git check-ignore -v -z --stdin [1ms]
2023-04-08 08:30:14.846 [info] > git config --get commit.template [5ms]
2023-04-08 08:30:14.847 [info] > git for-each-ref --format=%(refname)%00%(upstream:short)%00%(objectname)%00%(upstream:track)%00%(upstream:remotename)%00%(upstream:remoteref) refs/heads/master refs/remotes/master [2ms]
2023-04-08 08:30:14.856 [info] > git status -z -uall [5ms]
2023-04-08 08:30:52.297 [info] > git config --get commit.template [5ms]
2023-04-08 08:30:52.297 [info] > git for-each-ref --format=%(refname)%00%(upstream:short)%00%(objectname)%00%(upstream:track)%00%(upstream:remotename)%00%(upstream:remoteref) refs/heads/master refs/remotes/master [1ms]
2023-04-08 08:30:52.306 [info] > git status -z -uall [4ms]
2023-04-08 08:32:53.304 [info] > git config --get commit.template [1ms]
2023-04-08 08:32:53.312 [info] > git for-each-ref --format=%(refname)%00%(upstream:short)%00%(objectname)%00%(upstream:track)%00%(upstream:remotename)%00%(upstream:remoteref) refs/heads/master refs/remotes/master [1ms]
2023-04-08 08:32:53.323 [info] > git status -z -uall [4ms]
2023-04-08 08:35:23.868 [info] > git config --get commit.template [5ms]
2023-04-08 08:35:23.868 [info] > git for-each-ref --format=%(refname)%00%(upstream:short)%00%(objectname)%00%(upstream:track)%00%(upstream:remotename)%00%(upstream:remoteref) refs/heads/master refs/remotes/master [2ms]
2023-04-08 08:35:23.878 [info] > git status -z -uall [4ms]
2023-04-08 08:38:48.923 [info] > git config --get commit.template [6ms]
2023-04-08 08:38:48.923 [info] > git for-each-ref --format=%(refname)%00%(upstream:short)%00%(objectname)%00%(upstream:track)%00%(upstream:remotename)%00%(upstream:remoteref) refs/heads/master refs/remotes/master [1ms]
2023-04-08 08:38:48.931 [info] > git status -z -uall [3ms]
2023-04-08 08:39:14.995 [info] > git show --textconv :mongo/entrypoint.sh [4ms]
2023-04-08 08:39:14.996 [info] > git ls-files --stage -- /root/GenXIoT/mongo/entrypoint.sh [1ms]
2023-04-08 08:42:37.936 [info] > git config --get commit.template [6ms]
2023-04-08 08:42:37.937 [info] > git for-each-ref --format=%(refname)%00%(upstream:short)%00%(objectname)%00%(upstream:track)%00%(upstream:remotename)%00%(upstream:remoteref) refs/heads/master refs/remotes/master [2ms]
2023-04-08 08:42:37.945 [info] > git status -z -uall [3ms]
2023-04-08 08:43:36.161 [info] > git config --get commit.template [7ms]
2023-04-08 08:43:36.162 [info] > git for-each-ref --format=%(refname)%00%(upstream:short)%00%(objectname)%00%(upstream:track)%00%(upstream:remotename)%00%(upstream:remoteref) refs/heads/master refs/remotes/master [2ms]
2023-04-08 08:43:36.173 [info] > git status -z -uall [5ms]
2023-04-08 08:45:43.711 [info] > git config --get commit.template [5ms]
2023-04-08 08:45:43.712 [info] > git for-each-ref --format=%(refname)%00%(upstream:short)%00%(objectname)%00%(upstream:track)%00%(upstream:remotename)%00%(upstream:remoteref) refs/heads/master refs/remotes/master [1ms]
2023-04-08 08:45:43.720 [info] > git status -z -uall [3ms]
2023-04-08 08:46:04.523 [info] > git config --get commit.template [8ms]
2023-04-08 08:46:04.525 [info] > git for-each-ref --format=%(refname)%00%(upstream:short)%00%(objectname)%00%(upstream:track)%00%(upstream:remotename)%00%(upstream:remoteref) refs/heads/master refs/remotes/master [3ms]
2023-04-08 08:46:04.535 [info] > git status -z -uall [6ms]
2023-04-08 08:46:04.758 [info] > git check-ignore -v -z --stdin [2ms]
2023-04-08 08:47:19.594 [info] > git config --get commit.template [5ms]
2023-04-08 08:47:19.595 [info] > git for-each-ref --format=%(refname)%00%(upstream:short)%00%(objectname)%00%(upstream:track)%00%(upstream:remotename)%00%(upstream:remoteref) refs/heads/master refs/remotes/master [2ms]
2023-04-08 08:47:19.603 [info] > git status -z -uall [3ms]
2023-04-08 08:47:31.637 [info] > git config --get commit.template [1ms]
2023-04-08 08:47:31.679 [info] > git for-each-ref --format=%(refname)%00%(upstream:short)%00%(objectname)%00%(upstream:track)%00%(upstream:remotename)%00%(upstream:remoteref) refs/heads/master refs/remotes/master [10ms]
2023-04-08 08:47:31.689 [info] > git status -z -uall [3ms]
2023-04-08 08:48:00.463 [info] > git config --get commit.template [7ms]
2023-04-08 08:48:00.464 [info] > git for-each-ref --format=%(refname)%00%(upstream:short)%00%(objectname)%00%(upstream:track)%00%(upstream:remotename)%00%(upstream:remoteref) refs/heads/master refs/remotes/master [1ms]
2023-04-08 08:48:00.473 [info] > git status -z -uall [4ms]
2023-04-08 08:54:14.427 [info] > git show --textconv :mongo/docker-compose.yml [7ms]
2023-04-08 08:54:14.428 [info] > git ls-files --stage -- /root/GenXIoT/mongo/docker-compose.yml [1ms]
2023-04-08 08:54:14.435 [info] > git cat-file -s edac6b5c7e75bf868f335ce4d4bda26fa21154fa [1ms]
2023-04-08 08:55:08.895 [info] > git config --get commit.template [5ms]
2023-04-08 08:55:08.895 [info] > git for-each-ref --format=%(refname)%00%(upstream:short)%00%(objectname)%00%(upstream:track)%00%(upstream:remotename)%00%(upstream:remoteref) refs/heads/master refs/remotes/master [1ms]
2023-04-08 08:55:08.903 [info] > git status -z -uall [4ms]
2023-04-08 08:55:43.216 [info] > git config --get commit.template [8ms]
2023-04-08 08:55:43.217 [info] > git for-each-ref --format=%(refname)%00%(upstream:short)%00%(objectname)%00%(upstream:track)%00%(upstream:remotename)%00%(upstream:remoteref) refs/heads/master refs/remotes/master [2ms]
2023-04-08 08:55:43.226 [info] > git status -z -uall [4ms]
2023-04-08 08:57:39.718 [info] > git config --get commit.template [6ms]
2023-04-08 08:57:39.719 [info] > git for-each-ref --format=%(refname)%00%(upstream:short)%00%(objectname)%00%(upstream:track)%00%(upstream:remotename)%00%(upstream:remoteref) refs/heads/master refs/remotes/master [1ms]
2023-04-08 08:57:39.729 [info] > git status -z -uall [3ms]
2023-04-08 08:57:53.370 [info] > git config --get commit.template [8ms]
2023-04-08 08:57:53.370 [info] > git for-each-ref --format=%(refname)%00%(upstream:short)%00%(objectname)%00%(upstream:track)%00%(upstream:remotename)%00%(upstream:remoteref) refs/heads/master refs/remotes/master [1ms]
2023-04-08 08:57:53.380 [info] > git status -z -uall [3ms]
2023-04-08 08:58:03.149 [info] > git show --textconv :deploy/default.conf [7ms]
2023-04-08 08:58:03.151 [info] > git ls-files --stage -- /root/GenXIoT/deploy/default.conf [1ms]
2023-04-08 08:58:03.157 [info] > git cat-file -s 52bd0b803a67f292c1231e7cfab37aa398b6d0ad [1ms]
2023-04-08 08:59:09.811 [info] > git show --textconv :mongo/SSL/cert.pem [6ms]
2023-04-08 08:59:09.812 [info] > git ls-files --stage -- /root/GenXIoT/mongo/SSL/cert.pem [2ms]
2023-04-08 08:59:17.879 [info] > git show --textconv :mongo/SSL/mongodb.pem [5ms]
2023-04-08 08:59:17.879 [info] > git ls-files --stage -- /root/GenXIoT/mongo/SSL/mongodb.pem [1ms]
2023-04-08 09:00:07.636 [info] > git config --get commit.template [1ms]
2023-04-08 09:00:07.644 [info] > git for-each-ref --format=%(refname)%00%(upstream:short)%00%(objectname)%00%(upstream:track)%00%(upstream:remotename)%00%(upstream:remoteref) refs/heads/master refs/remotes/master [1ms]
2023-04-08 09:00:07.655 [info] > git status -z -uall [3ms]
2023-04-08 09:00:17.417 [info] > git config --get commit.template [6ms]
2023-04-08 09:00:17.418 [info] > git for-each-ref --format=%(refname)%00%(upstream:short)%00%(objectname)%00%(upstream:track)%00%(upstream:remotename)%00%(upstream:remoteref) refs/heads/master refs/remotes/master [1ms]
2023-04-08 09:00:17.427 [info] > git status -z -uall [4ms]
2023-04-08 09:01:37.752 [info] > git config --get commit.template [6ms]
2023-04-08 09:01:37.753 [info] > git for-each-ref --format=%(refname)%00%(upstream:short)%00%(objectname)%00%(upstream:track)%00%(upstream:remotename)%00%(upstream:remoteref) refs/heads/master refs/remotes/master [1ms]
2023-04-08 09:01:37.762 [info] > git status -z -uall [4ms]
2023-04-08 09:01:46.621 [info] > git config --get commit.template [7ms]
2023-04-08 09:01:46.622 [info] > git for-each-ref --format=%(refname)%00%(upstream:short)%00%(objectname)%00%(upstream:track)%00%(upstream:remotename)%00%(upstream:remoteref) refs/heads/master refs/remotes/master [0ms]
2023-04-08 09:01:46.631 [info] > git status -z -uall [4ms]
2023-04-08 09:05:55.102 [info] > git check-ignore -v -z --stdin [1ms]
2023-04-08 09:05:55.606 [info] > git config --get commit.template [6ms]
2023-04-08 09:05:55.607 [info] > git for-each-ref --format=%(refname)%00%(upstream:short)%00%(objectname)%00%(upstream:track)%00%(upstream:remotename)%00%(upstream:remoteref) refs/heads/master refs/remotes/master [2ms]
2023-04-08 09:05:55.615 [info] > git status -z -uall [3ms]
2023-04-08 09:07:37.318 [info] > git config --get commit.template [6ms]
2023-04-08 09:07:37.318 [info] > git for-each-ref --format=%(refname)%00%(upstream:short)%00%(objectname)%00%(upstream:track)%00%(upstream:remotename)%00%(upstream:remoteref) refs/heads/master refs/remotes/master [1ms]
2023-04-08 09:07:37.326 [info] > git status -z -uall [4ms]
2023-04-08 09:09:57.849 [info] > git config --get commit.template [0ms]
2023-04-08 09:09:57.858 [info] > git for-each-ref --format=%(refname)%00%(upstream:short)%00%(objectname)%00%(upstream:track)%00%(upstream:remotename)%00%(upstream:remoteref) refs/heads/master refs/remotes/master [2ms]
2023-04-08 09:09:57.867 [info] > git status -z -uall [4ms]
2023-04-08 09:10:14.921 [info] > git config --get commit.template [8ms]
2023-04-08 09:10:14.922 [info] > git for-each-ref --format=%(refname)%00%(upstream:short)%00%(objectname)%00%(upstream:track)%00%(upstream:remotename)%00%(upstream:remoteref) refs/heads/master refs/remotes/master [2ms]
2023-04-08 09:10:14.933 [info] > git status -z -uall [5ms]
2023-04-08 09:10:55.257 [info] > git config --get commit.template [1ms]
2023-04-08 09:10:55.265 [info] > git for-each-ref --format=%(refname)%00%(upstream:short)%00%(objectname)%00%(upstream:track)%00%(upstream:remotename)%00%(upstream:remoteref) refs/heads/master refs/remotes/master [1ms]
2023-04-08 09:10:55.275 [info] > git status -z -uall [4ms]
2023-04-08 09:11:44.218 [info] > git config --get commit.template [6ms]
2023-04-08 09:11:44.218 [info] > git for-each-ref --format=%(refname)%00%(upstream:short)%00%(objectname)%00%(upstream:track)%00%(upstream:remotename)%00%(upstream:remoteref) refs/heads/master refs/remotes/master [1ms]
2023-04-08 09:11:44.226 [info] > git status -z -uall [3ms]
2023-04-08 09:12:49.279 [info] > git config --get commit.template [7ms]
2023-04-08 09:12:49.280 [info] > git for-each-ref --format=%(refname)%00%(upstream:short)%00%(objectname)%00%(upstream:track)%00%(upstream:remotename)%00%(upstream:remoteref) refs/heads/master refs/remotes/master [2ms]
2023-04-08 09:12:49.291 [info] > git status -z -uall [5ms]
2023-04-08 09:14:10.978 [info] > git config --get commit.template [5ms]
2023-04-08 09:14:10.978 [info] > git for-each-ref --format=%(refname)%00%(upstream:short)%00%(objectname)%00%(upstream:track)%00%(upstream:remotename)%00%(upstream:remoteref) refs/heads/master refs/remotes/master [1ms]
2023-04-08 09:14:10.986 [info] > git status -z -uall [3ms]
2023-04-08 09:15:00.604 [info] > git check-ignore -v -z --stdin [1ms]
2023-04-08 09:15:01.111 [info] > git config --get commit.template [6ms]
2023-04-08 09:15:01.111 [info] > git for-each-ref --format=%(refname)%00%(upstream:short)%00%(objectname)%00%(upstream:track)%00%(upstream:remotename)%00%(upstream:remoteref) refs/heads/master refs/remotes/master [1ms]
2023-04-08 09:15:01.120 [info] > git status -z -uall [4ms]
2023-04-08 10:13:50.364 [info] > git config --get commit.template [2ms]
2023-04-08 10:13:50.372 [info] > git for-each-ref --format=%(refname)%00%(upstream:short)%00%(objectname)%00%(upstream:track)%00%(upstream:remotename)%00%(upstream:remoteref) refs/heads/master refs/remotes/master [1ms]
2023-04-08 10:13:50.383 [info] > git status -z -uall [4ms]
2023-04-08 10:15:56.722 [info] > git config --get commit.template [6ms]
2023-04-08 10:15:56.722 [info] > git for-each-ref --format=%(refname)%00%(upstream:short)%00%(objectname)%00%(upstream:track)%00%(upstream:remotename)%00%(upstream:remoteref) refs/heads/master refs/remotes/master [1ms]
2023-04-08 10:15:56.730 [info] > git status -z -uall [3ms]
2023-04-08 10:29:09.675 [info] > git config --get commit.template [6ms]
2023-04-08 10:29:09.676 [info] > git for-each-ref --format=%(refname)%00%(upstream:short)%00%(objectname)%00%(upstream:track)%00%(upstream:remotename)%00%(upstream:remoteref) refs/heads/master refs/remotes/master [1ms]
2023-04-08 10:29:09.684 [info] > git status -z -uall [3ms]
2023-04-08 10:29:31.584 [info] > git config --get commit.template [2ms]
2023-04-08 10:29:31.590 [info] > git for-each-ref --format=%(refname)%00%(upstream:short)%00%(objectname)%00%(upstream:track)%00%(upstream:remotename)%00%(upstream:remoteref) refs/heads/master refs/remotes/master [2ms]
2023-04-08 10:29:31.599 [info] > git status -z -uall [4ms]
2023-04-08 10:31:25.647 [info] > git config --get commit.template [8ms]
2023-04-08 10:31:25.648 [info] > git for-each-ref --format=%(refname)%00%(upstream:short)%00%(objectname)%00%(upstream:track)%00%(upstream:remotename)%00%(upstream:remoteref) refs/heads/master refs/remotes/master [1ms]
2023-04-08 10:31:25.657 [info] > git status -z -uall [5ms]
2023-04-08 11:15:09.502 [info] > git config --get commit.template [7ms]
2023-04-08 11:15:09.502 [info] > git for-each-ref --format=%(refname)%00%(upstream:short)%00%(objectname)%00%(upstream:track)%00%(upstream:remotename)%00%(upstream:remoteref) refs/heads/master refs/remotes/master [1ms]
2023-04-08 11:15:09.512 [info] > git status -z -uall [3ms]
2023-04-08 11:35:33.840 [info] > git config --get commit.template [6ms]
2023-04-08 11:35:33.841 [info] > git for-each-ref --format=%(refname)%00%(upstream:short)%00%(objectname)%00%(upstream:track)%00%(upstream:remotename)%00%(upstream:remoteref) refs/heads/master refs/remotes/master [2ms]
2023-04-08 11:35:33.850 [info] > git status -z -uall [5ms]
2023-04-08 11:35:35.027 [info] > git show --textconv :server/src/server.ts [33ms]
2023-04-08 11:35:35.033 [info] > git ls-files --stage -- /root/GenXIoT/server/src/server.ts [7ms]
2023-04-08 11:35:35.064 [info] > git cat-file -s f253bb67c9051da7a9965aed930bcf70219854e9 [6ms]
2023-04-08 11:35:35.354 [info] > git check-ignore -v -z --stdin [11ms]
2023-04-08 11:35:54.434 [info] > git config --get commit.template [8ms]
2023-04-08 11:35:54.434 [info] > git for-each-ref --format=%(refname)%00%(upstream:short)%00%(objectname)%00%(upstream:track)%00%(upstream:remotename)%00%(upstream:remoteref) refs/heads/master refs/remotes/master [2ms]
2023-04-08 11:35:54.443 [info] > git status -z -uall [4ms]
2023-04-08 11:36:04.446 [info] > git config --get commit.template [2ms]
2023-04-08 11:36:04.454 [info] > git for-each-ref --format=%(refname)%00%(upstream:short)%00%(objectname)%00%(upstream:track)%00%(upstream:remotename)%00%(upstream:remoteref) refs/heads/master refs/remotes/master [1ms]
2023-04-08 11:36:04.463 [info] > git status -z -uall [3ms]
2023-04-08 11:36:19.444 [info] > git config --get commit.template [6ms]
2023-04-08 11:36:19.447 [info] > git for-each-ref --format=%(refname)%00%(upstream:short)%00%(objectname)%00%(upstream:track)%00%(upstream:remotename)%00%(upstream:remoteref) refs/heads/master refs/remotes/master [3ms]
2023-04-08 11:36:19.456 [info] > git status -z -uall [4ms]
2023-04-08 11:36:24.480 [info] > git config --get commit.template [8ms]
2023-04-08 11:36:24.489 [info] > git for-each-ref --format=%(refname)%00%(upstream:short)%00%(objectname)%00%(upstream:track)%00%(upstream:remotename)%00%(upstream:remoteref) refs/heads/master refs/remotes/master [11ms]
2023-04-08 11:36:24.505 [info] > git status -z -uall [5ms]
2023-04-08 11:36:29.518 [info] > git config --get commit.template [1ms]
2023-04-08 11:36:29.533 [info] > git for-each-ref --format=%(refname)%00%(upstream:short)%00%(objectname)%00%(upstream:track)%00%(upstream:remotename)%00%(upstream:remoteref) refs/heads/master refs/remotes/master [2ms]
2023-04-08 11:36:29.548 [info] > git status -z -uall [10ms]
2023-04-08 11:39:39.705 [info] > git config --get commit.template [8ms]
2023-04-08 11:39:39.706 [info] > git for-each-ref --format=%(refname)%00%(upstream:short)%00%(objectname)%00%(upstream:track)%00%(upstream:remotename)%00%(upstream:remoteref) refs/heads/master refs/remotes/master [2ms]
2023-04-08 11:39:39.717 [info] > git status -z -uall [5ms]
2023-04-08 11:40:19.918 [info] > git show --textconv :server/package.json [12ms]
2023-04-08 11:40:19.921 [info] > git ls-files --stage -- /root/GenXIoT/server/package.json [8ms]
2023-04-08 11:40:19.929 [info] > git cat-file -s 22144bb183999e370d0eef3da450a404f00fd24a [3ms]
2023-04-08 11:41:15.236 [info] > git config --get commit.template [10ms]
2023-04-08 11:41:15.238 [info] > git for-each-ref --format=%(refname)%00%(upstream:short)%00%(objectname)%00%(upstream:track)%00%(upstream:remotename)%00%(upstream:remoteref) refs/heads/master refs/remotes/master [3ms]
2023-04-08 11:41:15.250 [info] > git status -z -uall [6ms]
2023-04-08 11:41:20.264 [info] > git config --get commit.template [0ms]
2023-04-08 11:41:20.272 [info] > git for-each-ref --format=%(refname)%00%(upstream:short)%00%(objectname)%00%(upstream:track)%00%(upstream:remotename)%00%(upstream:remoteref) refs/heads/master refs/remotes/master [2ms]
2023-04-08 11:41:20.281 [info] > git status -z -uall [4ms]
2023-04-08 11:43:07.597 [info] > git config --get commit.template [2ms]
2023-04-08 11:43:07.606 [info] > git for-each-ref --format=%(refname)%00%(upstream:short)%00%(objectname)%00%(upstream:track)%00%(upstream:remotename)%00%(upstream:remoteref) refs/heads/master refs/remotes/master [2ms]
2023-04-08 11:43:07.617 [info] > git status -z -uall [4ms]
2023-04-08 11:45:36.334 [info] > git config --get commit.template [11ms]
2023-04-08 11:45:36.337 [info] > git for-each-ref --format=%(refname)%00%(upstream:short)%00%(objectname)%00%(upstream:track)%00%(upstream:remotename)%00%(upstream:remoteref) refs/heads/master refs/remotes/master [3ms]
2023-04-08 11:45:36.352 [info] > git status -z -uall [7ms]
2023-04-08 11:46:20.673 [info] > git config --get commit.template [13ms]
2023-04-08 11:46:20.675 [info] > git for-each-ref --format=%(refname)%00%(upstream:short)%00%(objectname)%00%(upstream:track)%00%(upstream:remotename)%00%(upstream:remoteref) refs/heads/master refs/remotes/master [3ms]
2023-04-08 11:46:20.694 [info] > git status -z -uall [12ms]
2023-04-08 11:46:25.714 [info] > git config --get commit.template [7ms]
2023-04-08 11:46:25.714 [info] > git for-each-ref --format=%(refname)%00%(upstream:short)%00%(objectname)%00%(upstream:track)%00%(upstream:remotename)%00%(upstream:remoteref) refs/heads/master refs/remotes/master [1ms]
2023-04-08 11:46:25.727 [info] > git status -z -uall [5ms]
2023-04-08 11:46:37.626 [info] > git config --get commit.template [9ms]
2023-04-08 11:46:37.628 [info] > git for-each-ref --format=%(refname)%00%(upstream:short)%00%(objectname)%00%(upstream:track)%00%(upstream:remotename)%00%(upstream:remoteref) refs/heads/master refs/remotes/master [3ms]
2023-04-08 11:46:37.640 [info] > git status -z -uall [5ms]
2023-04-08 11:46:42.664 [info] > git for-each-ref --format=%(refname)%00%(upstream:short)%00%(objectname)%00%(upstream:track)%00%(upstream:remotename)%00%(upstream:remoteref) refs/heads/master refs/remotes/master [1ms]
2023-04-08 11:46:42.664 [info] > git config --get commit.template [11ms]
2023-04-08 11:46:42.680 [info] > git status -z -uall [5ms]
2023-04-08 11:46:47.702 [info] > git config --get commit.template [8ms]
2023-04-08 11:46:47.704 [info] > git for-each-ref --format=%(refname)%00%(upstream:short)%00%(objectname)%00%(upstream:track)%00%(upstream:remotename)%00%(upstream:remoteref) refs/heads/master refs/remotes/master [3ms]
2023-04-08 11:46:47.714 [info] > git status -z -uall [4ms]
2023-04-08 11:46:57.912 [info] > git config --get commit.template [8ms]
2023-04-08 11:46:57.913 [info] > git for-each-ref --format=%(refname)%00%(upstream:short)%00%(objectname)%00%(upstream:track)%00%(upstream:remotename)%00%(upstream:remoteref) refs/heads/master refs/remotes/master [2ms]
2023-04-08 11:46:57.923 [info] > git status -z -uall [4ms]
2023-04-08 12:03:53.538 [info] > git config --get commit.template [7ms]
2023-04-08 12:03:53.538 [info] > git for-each-ref --format=%(refname)%00%(upstream:short)%00%(objectname)%00%(upstream:track)%00%(upstream:remotename)%00%(upstream:remoteref) refs/heads/master refs/remotes/master [1ms]
2023-04-08 12:03:53.548 [info] > git status -z -uall [4ms]
2023-04-08 13:03:33.661 [info] > git config --get commit.template [1ms]
2023-04-08 13:03:33.669 [info] > git for-each-ref --format=%(refname)%00%(upstream:short)%00%(objectname)%00%(upstream:track)%00%(upstream:remotename)%00%(upstream:remoteref) refs/heads/master refs/remotes/master [2ms]
2023-04-08 13:03:33.680 [info] > git status -z -uall [4ms]
2023-04-08 13:03:38.707 [info] > git for-each-ref --format=%(refname)%00%(upstream:short)%00%(objectname)%00%(upstream:track)%00%(upstream:remotename)%00%(upstream:remoteref) refs/heads/master refs/remotes/master [1ms]
2023-04-08 13:03:38.707 [info] > git config --get commit.template [11ms]
2023-04-08 13:03:38.722 [info] > git status -z -uall [5ms]
2023-04-08 13:03:43.742 [info] > git config --get commit.template [8ms]
2023-04-08 13:03:43.743 [info] > git for-each-ref --format=%(refname)%00%(upstream:short)%00%(objectname)%00%(upstream:track)%00%(upstream:remotename)%00%(upstream:remoteref) refs/heads/master refs/remotes/master [1ms]
2023-04-08 13:03:43.753 [info] > git status -z -uall [5ms]
2023-04-08 16:24:53.535 [info] > git config --get commit.template [7ms]
2023-04-08 16:24:53.537 [info] > git for-each-ref --format=%(refname)%00%(upstream:short)%00%(objectname)%00%(upstream:track)%00%(upstream:remotename)%00%(upstream:remoteref) refs/heads/master refs/remotes/master [2ms]
2023-04-08 16:24:53.554 [info] > git status -z -uall [8ms]
2023-04-08 16:24:58.575 [info] > git config --get commit.template [7ms]
2023-04-08 16:24:58.578 [info] > git for-each-ref --format=%(refname)%00%(upstream:short)%00%(objectname)%00%(upstream:track)%00%(upstream:remotename)%00%(upstream:remoteref) refs/heads/master refs/remotes/master [4ms]
2023-04-08 16:24:58.587 [info] > git status -z -uall [4ms]
2023-04-08 16:25:03.611 [info] > git config --get commit.template [10ms]
2023-04-08 16:25:03.611 [info] > git for-each-ref --format=%(refname)%00%(upstream:short)%00%(objectname)%00%(upstream:track)%00%(upstream:remotename)%00%(upstream:remoteref) refs/heads/master refs/remotes/master [1ms]
2023-04-08 16:25:03.625 [info] > git status -z -uall [5ms]
2023-04-08 16:43:39.491 [info] > git config --get commit.template [8ms]
2023-04-08 16:43:39.491 [info] > git for-each-ref --format=%(refname)%00%(upstream:short)%00%(objectname)%00%(upstream:track)%00%(upstream:remotename)%00%(upstream:remoteref) refs/heads/master refs/remotes/master [2ms]
2023-04-08 16:43:39.501 [info] > git status -z -uall [4ms]
2023-04-08 16:43:59.581 [info] > git config --get commit.template [8ms]
2023-04-08 16:43:59.582 [info] > git for-each-ref --format=%(refname)%00%(upstream:short)%00%(objectname)%00%(upstream:track)%00%(upstream:remotename)%00%(upstream:remoteref) refs/heads/master refs/remotes/master [2ms]
2023-04-08 16:43:59.591 [info] > git status -z -uall [3ms]
2023-04-08 16:44:04.606 [info] > git config --get commit.template [1ms]
2023-04-08 16:44:04.613 [info] > git for-each-ref --format=%(refname)%00%(upstream:short)%00%(objectname)%00%(upstream:track)%00%(upstream:remotename)%00%(upstream:remoteref) refs/heads/master refs/remotes/master [2ms]
2023-04-08 16:44:04.622 [info] > git status -z -uall [4ms]
2023-04-08 16:44:14.490 [info] > git config --get commit.template [8ms]
2023-04-08 16:44:14.490 [info] > git for-each-ref --format=%(refname)%00%(upstream:short)%00%(objectname)%00%(upstream:track)%00%(upstream:remotename)%00%(upstream:remoteref) refs/heads/master refs/remotes/master [1ms]
2023-04-08 16:44:14.499 [info] > git status -z -uall [4ms]
2023-04-08 16:44:43.840 [info] > git config --get commit.template [7ms]
2023-04-08 16:44:43.841 [info] > git for-each-ref --format=%(refname)%00%(upstream:short)%00%(objectname)%00%(upstream:track)%00%(upstream:remotename)%00%(upstream:remoteref) refs/heads/master refs/remotes/master [2ms]
2023-04-08 16:44:43.851 [info] > git status -z -uall [3ms]
