2023-04-07 04:33:54.392 [info] Log level: Info
2023-04-07 04:33:54.392 [info] Validating found git in: "git"
2023-04-07 04:33:54.392 [info] Using git "2.25.1" from "git"
2023-04-07 04:33:54.392 [info] > git rev-parse --show-toplevel [32ms]
2023-04-07 04:33:54.392 [info] > git rev-parse --git-dir --git-common-dir [2ms]
2023-04-07 04:33:54.392 [info] Open repository: /root/GenXIoT
2023-04-07 04:33:54.392 [info] > git rev-parse --show-toplevel [9ms]
2023-04-07 04:33:54.392 [info] > git config --get commit.template [17ms]
2023-04-07 04:33:54.392 [info] > git rev-parse --show-toplevel [10ms]
2023-04-07 04:33:54.392 [info] > git for-each-ref --format=%(refname)%00%(upstream:short)%00%(objectname)%00%(upstream:track)%00%(upstream:remotename)%00%(upstream:remoteref) refs/heads/master refs/remotes/master [7ms]
2023-04-07 04:33:54.392 [info] > git rev-parse --show-toplevel [8ms]
2023-04-07 04:33:54.392 [info] > git status -z -uall [8ms]
2023-04-07 04:33:54.392 [info] > git rev-parse --show-toplevel [18ms]
2023-04-07 04:33:54.392 [info] > git config --get commit.template [7ms]
2023-04-07 04:33:54.392 [info] > git rev-parse --show-toplevel [1ms]
2023-04-07 04:33:54.392 [info] > git for-each-ref --format=%(refname)%00%(upstream:short)%00%(objectname)%00%(upstream:track)%00%(upstream:remotename)%00%(upstream:remoteref) refs/heads/master refs/remotes/master [37ms]
2023-04-07 04:33:54.392 [info] > git rev-parse --show-toplevel [50ms]
2023-04-07 04:33:54.392 [info] > git status -z -uall [8ms]
2023-04-07 04:33:54.392 [info] > git rev-parse --show-toplevel [6ms]
2023-04-07 04:33:54.392 [info] > git rev-parse --show-toplevel [1ms]
2023-04-07 04:33:54.392 [info] > git rev-parse --show-toplevel [2ms]
2023-04-07 04:33:54.392 [info] > git rev-parse --show-toplevel [1ms]
2023-04-07 04:33:54.392 [info] > git show --textconv :docker-compose.yml [6ms]
2023-04-07 04:33:54.392 [info] > git ls-files --stage -- /root/GenXIoT/docker-compose.yml [2ms]
2023-04-07 04:33:54.392 [info] > git cat-file -s 840ea51beafaa458caf35f67d4eec32a0013580b [1ms]
2023-04-07 04:33:54.392 [info] > git check-ignore -v -z --stdin [2ms]
2023-04-07 04:37:42.211 [info] > git config --get commit.template [2ms]
2023-04-07 04:37:42.217 [info] > git for-each-ref --format=%(refname)%00%(upstream:short)%00%(objectname)%00%(upstream:track)%00%(upstream:remotename)%00%(upstream:remoteref) refs/heads/master refs/remotes/master [1ms]
2023-04-07 04:37:42.225 [info] > git status -z -uall [3ms]
2023-04-07 04:38:41.972 [info] > git config --get commit.template [1ms]
2023-04-07 04:38:41.978 [info] > git for-each-ref --format=%(refname)%00%(upstream:short)%00%(objectname)%00%(upstream:track)%00%(upstream:remotename)%00%(upstream:remoteref) refs/heads/master refs/remotes/master [2ms]
2023-04-07 04:38:41.986 [info] > git status -z -uall [4ms]
2023-04-07 04:39:16.708 [info] > git config --get commit.template [26ms]
2023-04-07 04:39:16.712 [info] > git for-each-ref --format=%(refname)%00%(upstream:short)%00%(objectname)%00%(upstream:track)%00%(upstream:remotename)%00%(upstream:remoteref) refs/heads/master refs/remotes/master [7ms]
2023-04-07 04:39:16.736 [info] > git status -z -uall [8ms]
2023-04-07 04:39:21.758 [info] > git config --get commit.template [2ms]
2023-04-07 04:39:21.765 [info] > git for-each-ref --format=%(refname)%00%(upstream:short)%00%(objectname)%00%(upstream:track)%00%(upstream:remotename)%00%(upstream:remoteref) refs/heads/master refs/remotes/master [1ms]
2023-04-07 04:39:21.778 [info] > git status -z -uall [5ms]
2023-04-07 04:39:32.172 [info] > git config --get commit.template [7ms]
2023-04-07 04:39:32.172 [info] > git for-each-ref --format=%(refname)%00%(upstream:short)%00%(objectname)%00%(upstream:track)%00%(upstream:remotename)%00%(upstream:remoteref) refs/heads/master refs/remotes/master [1ms]
2023-04-07 04:39:32.182 [info] > git status -z -uall [3ms]
2023-04-07 04:40:16.198 [info] > git check-ignore -v -z --stdin [2ms]
2023-04-07 04:40:18.431 [info] > git show --textconv :deploy/default.conf [6ms]
2023-04-07 04:40:18.432 [info] > git ls-files --stage -- /root/GenXIoT/deploy/default.conf [2ms]
2023-04-07 04:40:18.445 [info] > git cat-file -s 52bd0b803a67f292c1231e7cfab37aa398b6d0ad [9ms]
2023-04-07 05:00:23.678 [info] > git show --textconv :deploy/Dockerfile [7ms]
2023-04-07 05:00:23.679 [info] > git ls-files --stage -- /root/GenXIoT/deploy/Dockerfile [2ms]
2023-04-07 05:00:23.685 [info] > git cat-file -s ad8775104ac210f634df0a9db2438f27b40929b7 [1ms]
2023-04-07 05:02:04.114 [info] > git check-ignore -v -z --stdin [1ms]
2023-04-07 05:02:07.918 [info] > git show --textconv :client/Dockerfile [6ms]
2023-04-07 05:02:07.919 [info] > git ls-files --stage -- /root/GenXIoT/client/Dockerfile [2ms]
2023-04-07 05:02:07.924 [info] > git cat-file -s c14947ff7c8741c7dfa9b1593cfd991bb52e32c9 [1ms]
2023-04-07 05:02:26.820 [info] > git show --textconv :deploy/Dockerfile [6ms]
2023-04-07 05:02:26.821 [info] > git ls-files --stage -- /root/GenXIoT/deploy/Dockerfile [2ms]
2023-04-07 05:02:26.826 [info] > git cat-file -s ad8775104ac210f634df0a9db2438f27b40929b7 [1ms]
2023-04-07 05:04:46.349 [info] > git config --get commit.template [6ms]
2023-04-07 05:04:46.349 [info] > git for-each-ref --format=%(refname)%00%(upstream:short)%00%(objectname)%00%(upstream:track)%00%(upstream:remotename)%00%(upstream:remoteref) refs/heads/master refs/remotes/master [1ms]
2023-04-07 05:04:46.357 [info] > git status -z -uall [3ms]
2023-04-07 05:04:53.300 [info] > git config --get commit.template [6ms]
2023-04-07 05:04:53.300 [info] > git for-each-ref --format=%(refname)%00%(upstream:short)%00%(objectname)%00%(upstream:track)%00%(upstream:remotename)%00%(upstream:remoteref) refs/heads/master refs/remotes/master [1ms]
2023-04-07 05:04:53.310 [info] > git status -z -uall [3ms]
2023-04-07 05:06:31.912 [info] > git config --get commit.template [7ms]
2023-04-07 05:06:31.914 [info] > git for-each-ref --format=%(refname)%00%(upstream:short)%00%(objectname)%00%(upstream:track)%00%(upstream:remotename)%00%(upstream:remoteref) refs/heads/master refs/remotes/master [2ms]
2023-04-07 05:06:31.922 [info] > git status -z -uall [4ms]
2023-04-07 05:06:36.937 [info] > git config --get commit.template [5ms]
2023-04-07 05:06:36.938 [info] > git for-each-ref --format=%(refname)%00%(upstream:short)%00%(objectname)%00%(upstream:track)%00%(upstream:remotename)%00%(upstream:remoteref) refs/heads/master refs/remotes/master [1ms]
2023-04-07 05:06:36.947 [info] > git status -z -uall [3ms]
2023-04-07 05:06:47.089 [info] > git config --get commit.template [6ms]
2023-04-07 05:06:47.090 [info] > git for-each-ref --format=%(refname)%00%(upstream:short)%00%(objectname)%00%(upstream:track)%00%(upstream:remotename)%00%(upstream:remoteref) refs/heads/master refs/remotes/master [2ms]
2023-04-07 05:06:47.100 [info] > git status -z -uall [4ms]
2023-04-07 05:16:18.982 [info] > git config --get commit.template [7ms]
2023-04-07 05:16:18.983 [info] > git for-each-ref --format=%(refname)%00%(upstream:short)%00%(objectname)%00%(upstream:track)%00%(upstream:remotename)%00%(upstream:remoteref) refs/heads/master refs/remotes/master [2ms]
2023-04-07 05:16:18.992 [info] > git status -z -uall [4ms]
2023-04-07 05:16:30.530 [info] > git config --get commit.template [6ms]
2023-04-07 05:16:30.530 [info] > git for-each-ref --format=%(refname)%00%(upstream:short)%00%(objectname)%00%(upstream:track)%00%(upstream:remotename)%00%(upstream:remoteref) refs/heads/master refs/remotes/master [1ms]
2023-04-07 05:16:30.538 [info] > git status -z -uall [3ms]
2023-04-07 05:37:58.919 [info] > git config --get commit.template [7ms]
2023-04-07 05:37:58.919 [info] > git for-each-ref --format=%(refname)%00%(upstream:short)%00%(objectname)%00%(upstream:track)%00%(upstream:remotename)%00%(upstream:remoteref) refs/heads/master refs/remotes/master [2ms]
2023-04-07 05:37:58.931 [info] > git status -z -uall [4ms]
2023-04-07 05:41:21.566 [info] > git rev-parse --show-toplevel [1ms]
2023-04-07 05:41:21.566 [info] fatal: not a git repository (or any of the parent directories): .git
2023-04-07 05:58:29.535 [info] > git config --get commit.template [1ms]
2023-04-07 05:58:29.542 [info] > git for-each-ref --format=%(refname)%00%(upstream:short)%00%(objectname)%00%(upstream:track)%00%(upstream:remotename)%00%(upstream:remoteref) refs/heads/master refs/remotes/master [1ms]
2023-04-07 05:58:29.551 [info] > git status -z -uall [3ms]
2023-04-07 05:58:29.705 [info] > git check-ignore -v -z --stdin [1ms]
2023-04-07 05:58:51.517 [info] > git check-ignore -v -z --stdin [1ms]
2023-04-07 05:58:54.321 [info] > git check-ignore -v -z --stdin [1ms]
2023-04-07 05:58:54.878 [info] > git config --get commit.template [6ms]
2023-04-07 05:58:54.879 [info] > git for-each-ref --format=%(refname)%00%(upstream:short)%00%(objectname)%00%(upstream:track)%00%(upstream:remotename)%00%(upstream:remoteref) refs/heads/master refs/remotes/master [2ms]
2023-04-07 05:58:54.887 [info] > git status -z -uall [3ms]
2023-04-07 05:59:14.393 [info] > git check-ignore -v -z --stdin [2ms]
2023-04-07 05:59:14.906 [info] > git config --get commit.template [4ms]
2023-04-07 05:59:14.907 [info] > git for-each-ref --format=%(refname)%00%(upstream:short)%00%(objectname)%00%(upstream:track)%00%(upstream:remotename)%00%(upstream:remoteref) refs/heads/master refs/remotes/master [1ms]
2023-04-07 05:59:14.914 [info] > git status -z -uall [2ms]
2023-04-07 06:01:23.712 [info] > git config --get commit.template [7ms]
2023-04-07 06:01:23.713 [info] > git for-each-ref --format=%(refname)%00%(upstream:short)%00%(objectname)%00%(upstream:track)%00%(upstream:remotename)%00%(upstream:remoteref) refs/heads/master refs/remotes/master [2ms]
2023-04-07 06:01:23.723 [info] > git status -z -uall [3ms]
2023-04-07 06:02:35.653 [info] > git config --get commit.template [7ms]
2023-04-07 06:02:35.654 [info] > git for-each-ref --format=%(refname)%00%(upstream:short)%00%(objectname)%00%(upstream:track)%00%(upstream:remotename)%00%(upstream:remoteref) refs/heads/master refs/remotes/master [2ms]
2023-04-07 06:02:35.664 [info] > git status -z -uall [3ms]
2023-04-07 06:03:11.975 [info] > git check-ignore -v -z --stdin [2ms]
2023-04-07 06:03:12.314 [info] > git config --get commit.template [8ms]
2023-04-07 06:03:12.315 [info] > git for-each-ref --format=%(refname)%00%(upstream:short)%00%(objectname)%00%(upstream:track)%00%(upstream:remotename)%00%(upstream:remoteref) refs/heads/master refs/remotes/master [1ms]
2023-04-07 06:03:12.324 [info] > git status -z -uall [4ms]
2023-04-07 06:03:21.188 [info] > git check-ignore -v -z --stdin [2ms]
2023-04-07 06:03:21.706 [info] > git config --get commit.template [6ms]
2023-04-07 06:03:21.707 [info] > git for-each-ref --format=%(refname)%00%(upstream:short)%00%(objectname)%00%(upstream:track)%00%(upstream:remotename)%00%(upstream:remoteref) refs/heads/master refs/remotes/master [1ms]
2023-04-07 06:03:21.717 [info] > git status -z -uall [4ms]
2023-04-07 06:03:26.742 [info] > git check-ignore -v -z --stdin [1ms]
2023-04-07 06:03:27.255 [info] > git config --get commit.template [8ms]
2023-04-07 06:03:27.256 [info] > git for-each-ref --format=%(refname)%00%(upstream:short)%00%(objectname)%00%(upstream:track)%00%(upstream:remotename)%00%(upstream:remoteref) refs/heads/master refs/remotes/master [2ms]
2023-04-07 06:03:27.265 [info] > git status -z -uall [4ms]
2023-04-07 06:03:34.629 [info] > git check-ignore -v -z --stdin [1ms]
2023-04-07 06:03:35.124 [info] > git config --get commit.template [5ms]
2023-04-07 06:03:35.124 [info] > git for-each-ref --format=%(refname)%00%(upstream:short)%00%(objectname)%00%(upstream:track)%00%(upstream:remotename)%00%(upstream:remoteref) refs/heads/master refs/remotes/master [1ms]
2023-04-07 06:03:35.132 [info] > git status -z -uall [4ms]
2023-04-07 06:04:18.223 [info] > git config --get commit.template [7ms]
2023-04-07 06:04:18.224 [info] > git for-each-ref --format=%(refname)%00%(upstream:short)%00%(objectname)%00%(upstream:track)%00%(upstream:remotename)%00%(upstream:remoteref) refs/heads/master refs/remotes/master [1ms]
2023-04-07 06:04:18.232 [info] > git status -z -uall [4ms]
2023-04-07 06:07:00.464 [info] > git config --get commit.template [8ms]
2023-04-07 06:07:00.464 [info] > git for-each-ref --format=%(refname)%00%(upstream:short)%00%(objectname)%00%(upstream:track)%00%(upstream:remotename)%00%(upstream:remoteref) refs/heads/master refs/remotes/master [1ms]
2023-04-07 06:07:00.476 [info] > git status -z -uall [4ms]
2023-04-07 06:07:14.891 [info] > git config --get commit.template [5ms]
2023-04-07 06:07:14.892 [info] > git for-each-ref --format=%(refname)%00%(upstream:short)%00%(objectname)%00%(upstream:track)%00%(upstream:remotename)%00%(upstream:remoteref) refs/heads/master refs/remotes/master [1ms]
2023-04-07 06:07:14.899 [info] > git status -z -uall [3ms]
2023-04-07 06:07:20.299 [info] > git config --get commit.template [8ms]
2023-04-07 06:07:20.304 [info] > git for-each-ref --format=%(refname)%00%(upstream:short)%00%(objectname)%00%(upstream:track)%00%(upstream:remotename)%00%(upstream:remoteref) refs/heads/master refs/remotes/master [6ms]
2023-04-07 06:07:20.317 [info] > git status -z -uall [4ms]
2023-04-07 06:07:25.329 [info] > git config --get commit.template [2ms]
2023-04-07 06:07:25.337 [info] > git for-each-ref --format=%(refname)%00%(upstream:short)%00%(objectname)%00%(upstream:track)%00%(upstream:remotename)%00%(upstream:remoteref) refs/heads/master refs/remotes/master [1ms]
2023-04-07 06:07:25.346 [info] > git status -z -uall [4ms]
2023-04-07 06:07:35.031 [info] > git config --get commit.template [5ms]
2023-04-07 06:07:35.032 [info] > git for-each-ref --format=%(refname)%00%(upstream:short)%00%(objectname)%00%(upstream:track)%00%(upstream:remotename)%00%(upstream:remoteref) refs/heads/master refs/remotes/master [1ms]
2023-04-07 06:07:35.042 [info] > git status -z -uall [4ms]
2023-04-07 06:10:28.775 [info] > git config --get commit.template [5ms]
2023-04-07 06:10:28.776 [info] > git for-each-ref --format=%(refname)%00%(upstream:short)%00%(objectname)%00%(upstream:track)%00%(upstream:remotename)%00%(upstream:remoteref) refs/heads/master refs/remotes/master [1ms]
2023-04-07 06:10:28.785 [info] > git status -z -uall [3ms]
2023-04-07 06:12:01.788 [info] > git rev-parse --show-toplevel [2ms]
2023-04-07 06:12:01.788 [info] fatal: not a git repository (or any of the parent directories): .git
2023-04-07 06:16:04.220 [info] > git config --get commit.template [7ms]
2023-04-07 06:16:04.221 [info] > git for-each-ref --format=%(refname)%00%(upstream:short)%00%(objectname)%00%(upstream:track)%00%(upstream:remotename)%00%(upstream:remoteref) refs/heads/master refs/remotes/master [1ms]
2023-04-07 06:16:04.232 [info] > git status -z -uall [4ms]
2023-04-07 06:17:09.437 [info] > git config --get commit.template [8ms]
2023-04-07 06:17:09.438 [info] > git for-each-ref --format=%(refname)%00%(upstream:short)%00%(objectname)%00%(upstream:track)%00%(upstream:remotename)%00%(upstream:remoteref) refs/heads/master refs/remotes/master [1ms]
2023-04-07 06:17:09.447 [info] > git status -z -uall [4ms]
2023-04-07 06:19:45.078 [info] > git show --textconv :.env [10ms]
2023-04-07 06:19:45.078 [info] > git ls-files --stage -- /root/GenXIoT/.env [2ms]
2023-04-07 06:24:25.520 [info] > git config --get commit.template [5ms]
2023-04-07 06:24:25.521 [info] > git for-each-ref --format=%(refname)%00%(upstream:short)%00%(objectname)%00%(upstream:track)%00%(upstream:remotename)%00%(upstream:remoteref) refs/heads/master refs/remotes/master [1ms]
2023-04-07 06:24:25.528 [info] > git status -z -uall [3ms]
2023-04-07 06:24:25.653 [info] > git check-ignore -v -z --stdin [2ms]
2023-04-07 06:24:50.794 [info] > git check-ignore -v -z --stdin [1ms]
2023-04-07 06:24:51.168 [info] > git config --get commit.template [8ms]
2023-04-07 06:24:51.169 [info] > git for-each-ref --format=%(refname)%00%(upstream:short)%00%(objectname)%00%(upstream:track)%00%(upstream:remotename)%00%(upstream:remoteref) refs/heads/master refs/remotes/master [1ms]
2023-04-07 06:24:51.178 [info] > git status -z -uall [3ms]
2023-04-07 06:25:27.892 [info] > git config --get commit.template [2ms]
2023-04-07 06:25:27.902 [info] > git for-each-ref --format=%(refname)%00%(upstream:short)%00%(objectname)%00%(upstream:track)%00%(upstream:remotename)%00%(upstream:remoteref) refs/heads/master refs/remotes/master [2ms]
2023-04-07 06:25:27.914 [info] > git status -z -uall [4ms]
2023-04-07 06:26:21.607 [info] > git check-ignore -v -z --stdin [1ms]
2023-04-07 06:26:22.041 [info] > git config --get commit.template [1ms]
2023-04-07 06:26:22.051 [info] > git for-each-ref --format=%(refname)%00%(upstream:short)%00%(objectname)%00%(upstream:track)%00%(upstream:remotename)%00%(upstream:remoteref) refs/heads/master refs/remotes/master [1ms]
2023-04-07 06:26:22.061 [info] > git status -z -uall [3ms]
2023-04-07 06:29:05.811 [info] > git config --get commit.template [6ms]
2023-04-07 06:29:05.811 [info] > git for-each-ref --format=%(refname)%00%(upstream:short)%00%(objectname)%00%(upstream:track)%00%(upstream:remotename)%00%(upstream:remoteref) refs/heads/master refs/remotes/master [1ms]
2023-04-07 06:29:05.820 [info] > git status -z -uall [3ms]
2023-04-07 06:29:15.708 [info] > git check-ignore -v -z --stdin [1ms]
2023-04-07 06:29:17.922 [info] > git show --textconv :server/Dockerfile [8ms]
2023-04-07 06:29:17.923 [info] > git ls-files --stage -- /root/GenXIoT/server/Dockerfile [2ms]
2023-04-07 06:29:17.932 [info] > git cat-file -s d75665828d9030cba9b05bafb0e39711e6330623 [2ms]
2023-04-07 06:29:30.932 [info] > git check-ignore -v -z --stdin [1ms]
2023-04-07 06:29:32.604 [info] > git check-ignore -v -z --stdin [1ms]
2023-04-07 06:29:54.647 [info] > git check-ignore -v -z --stdin [1ms]
2023-04-07 06:30:33.893 [info] > git config --get commit.template [7ms]
2023-04-07 06:30:33.894 [info] > git for-each-ref --format=%(refname)%00%(upstream:short)%00%(objectname)%00%(upstream:track)%00%(upstream:remotename)%00%(upstream:remoteref) refs/heads/master refs/remotes/master [1ms]
2023-04-07 06:30:33.902 [info] > git status -z -uall [3ms]
2023-04-07 06:31:35.533 [info] > git config --get commit.template [10ms]
2023-04-07 06:31:35.534 [info] > git for-each-ref --format=%(refname)%00%(upstream:short)%00%(objectname)%00%(upstream:track)%00%(upstream:remotename)%00%(upstream:remoteref) refs/heads/master refs/remotes/master [2ms]
2023-04-07 06:31:35.545 [info] > git status -z -uall [3ms]
2023-04-07 06:34:21.622 [info] > git check-ignore -v -z --stdin [1ms]
2023-04-07 06:34:28.899 [info] > git check-ignore -v -z --stdin [2ms]
2023-04-07 06:34:29.354 [info] > git config --get commit.template [10ms]
2023-04-07 06:34:29.355 [info] > git for-each-ref --format=%(refname)%00%(upstream:short)%00%(objectname)%00%(upstream:track)%00%(upstream:remotename)%00%(upstream:remoteref) refs/heads/master refs/remotes/master [2ms]
2023-04-07 06:34:29.369 [info] > git status -z -uall [5ms]
2023-04-07 06:36:12.051 [info] > git config --get commit.template [7ms]
2023-04-07 06:36:12.051 [info] > git for-each-ref --format=%(refname)%00%(upstream:short)%00%(objectname)%00%(upstream:track)%00%(upstream:remotename)%00%(upstream:remoteref) refs/heads/master refs/remotes/master [1ms]
2023-04-07 06:36:12.060 [info] > git status -z -uall [4ms]
2023-04-07 06:36:45.479 [info] > git config --get commit.template [6ms]
2023-04-07 06:36:45.481 [info] > git for-each-ref --format=%(refname)%00%(upstream:short)%00%(objectname)%00%(upstream:track)%00%(upstream:remotename)%00%(upstream:remoteref) refs/heads/master refs/remotes/master [2ms]
2023-04-07 06:36:45.499 [info] > git status -z -uall [10ms]
2023-04-07 06:36:50.515 [info] > git config --get commit.template [6ms]
2023-04-07 06:36:50.516 [info] > git for-each-ref --format=%(refname)%00%(upstream:short)%00%(objectname)%00%(upstream:track)%00%(upstream:remotename)%00%(upstream:remoteref) refs/heads/master refs/remotes/master [1ms]
2023-04-07 06:36:50.525 [info] > git status -z -uall [4ms]
2023-04-07 06:37:00.097 [info] > git config --get commit.template [0ms]
2023-04-07 06:37:00.108 [info] > git for-each-ref --format=%(refname)%00%(upstream:short)%00%(objectname)%00%(upstream:track)%00%(upstream:remotename)%00%(upstream:remoteref) refs/heads/master refs/remotes/master [2ms]
2023-04-07 06:37:00.119 [info] > git status -z -uall [4ms]
2023-04-07 06:37:31.410 [info] > git config --get commit.template [1ms]
2023-04-07 06:37:31.418 [info] > git for-each-ref --format=%(refname)%00%(upstream:short)%00%(objectname)%00%(upstream:track)%00%(upstream:remotename)%00%(upstream:remoteref) refs/heads/master refs/remotes/master [1ms]
2023-04-07 06:37:31.429 [info] > git status -z -uall [4ms]
2023-04-07 06:37:40.030 [info] > git for-each-ref --format=%(refname)%00%(upstream:short)%00%(objectname)%00%(upstream:track)%00%(upstream:remotename)%00%(upstream:remoteref) refs/heads/master refs/remotes/master [2ms]
2023-04-07 06:37:40.031 [info] > git config --get commit.template [11ms]
2023-04-07 06:37:40.043 [info] > git status -z -uall [4ms]
2023-04-07 06:37:58.028 [info] > git config --get commit.template [18ms]
2023-04-07 06:37:58.039 [info] > git for-each-ref --format=%(refname)%00%(upstream:short)%00%(objectname)%00%(upstream:track)%00%(upstream:remotename)%00%(upstream:remoteref) refs/heads/master refs/remotes/master [12ms]
2023-04-07 06:37:58.061 [info] > git status -z -uall [11ms]
2023-04-07 06:38:03.084 [info] > git config --get commit.template [8ms]
2023-04-07 06:38:03.084 [info] > git for-each-ref --format=%(refname)%00%(upstream:short)%00%(objectname)%00%(upstream:track)%00%(upstream:remotename)%00%(upstream:remoteref) refs/heads/master refs/remotes/master [1ms]
2023-04-07 06:38:03.096 [info] > git status -z -uall [5ms]
2023-04-07 06:38:13.354 [info] > git config --get commit.template [5ms]
2023-04-07 06:38:13.354 [info] > git for-each-ref --format=%(refname)%00%(upstream:short)%00%(objectname)%00%(upstream:track)%00%(upstream:remotename)%00%(upstream:remoteref) refs/heads/master refs/remotes/master [2ms]
2023-04-07 06:38:13.363 [info] > git status -z -uall [3ms]
2023-04-07 06:40:48.446 [info] > git config --get commit.template [7ms]
2023-04-07 06:40:48.446 [info] > git for-each-ref --format=%(refname)%00%(upstream:short)%00%(objectname)%00%(upstream:track)%00%(upstream:remotename)%00%(upstream:remoteref) refs/heads/master refs/remotes/master [1ms]
2023-04-07 06:40:48.457 [info] > git status -z -uall [5ms]
2023-04-07 06:47:18.913 [info] > git config --get commit.template [7ms]
2023-04-07 06:47:18.914 [info] > git for-each-ref --format=%(refname)%00%(upstream:short)%00%(objectname)%00%(upstream:track)%00%(upstream:remotename)%00%(upstream:remoteref) refs/heads/master refs/remotes/master [2ms]
2023-04-07 06:47:18.923 [info] > git status -z -uall [3ms]
2023-04-07 06:47:32.296 [info] > git for-each-ref --format=%(refname)%00%(upstream:short)%00%(objectname)%00%(upstream:track)%00%(upstream:remotename)%00%(upstream:remoteref) refs/heads/master refs/remotes/master [0ms]
2023-04-07 06:47:32.296 [info] > git config --get commit.template [18ms]
2023-04-07 06:47:32.381 [info] > git status -z -uall [72ms]
2023-04-07 06:47:37.397 [info] > git config --get commit.template [1ms]
2023-04-07 06:47:37.405 [info] > git for-each-ref --format=%(refname)%00%(upstream:short)%00%(objectname)%00%(upstream:track)%00%(upstream:remotename)%00%(upstream:remoteref) refs/heads/master refs/remotes/master [2ms]
2023-04-07 06:47:37.413 [info] > git status -z -uall [3ms]
2023-04-07 06:47:47.821 [info] > git config --get commit.template [6ms]
2023-04-07 06:47:47.822 [info] > git for-each-ref --format=%(refname)%00%(upstream:short)%00%(objectname)%00%(upstream:track)%00%(upstream:remotename)%00%(upstream:remoteref) refs/heads/master refs/remotes/master [1ms]
2023-04-07 06:47:47.834 [info] > git status -z -uall [4ms]
2023-04-07 06:48:11.494 [info] > git config --get commit.template [9ms]
2023-04-07 06:48:11.495 [info] > git for-each-ref --format=%(refname)%00%(upstream:short)%00%(objectname)%00%(upstream:track)%00%(upstream:remotename)%00%(upstream:remoteref) refs/heads/master refs/remotes/master [2ms]
2023-04-07 06:48:11.505 [info] > git status -z -uall [4ms]
2023-04-07 06:49:28.969 [info] > git config --get commit.template [6ms]
2023-04-07 06:49:28.969 [info] > git for-each-ref --format=%(refname)%00%(upstream:short)%00%(objectname)%00%(upstream:track)%00%(upstream:remotename)%00%(upstream:remoteref) refs/heads/master refs/remotes/master [1ms]
2023-04-07 06:49:28.980 [info] > git status -z -uall [4ms]
2023-04-07 06:50:08.882 [info] > git config --get commit.template [7ms]
2023-04-07 06:50:08.882 [info] > git for-each-ref --format=%(refname)%00%(upstream:short)%00%(objectname)%00%(upstream:track)%00%(upstream:remotename)%00%(upstream:remoteref) refs/heads/master refs/remotes/master [1ms]
2023-04-07 06:50:08.891 [info] > git status -z -uall [3ms]
2023-04-07 06:54:21.484 [info] > git config --get commit.template [8ms]
2023-04-07 06:54:21.484 [info] > git for-each-ref --format=%(refname)%00%(upstream:short)%00%(objectname)%00%(upstream:track)%00%(upstream:remotename)%00%(upstream:remoteref) refs/heads/master refs/remotes/master [1ms]
2023-04-07 06:54:21.495 [info] > git status -z -uall [4ms]
2023-04-07 06:59:42.999 [info] > git config --get commit.template [10ms]
2023-04-07 06:59:42.999 [info] > git for-each-ref --format=%(refname)%00%(upstream:short)%00%(objectname)%00%(upstream:track)%00%(upstream:remotename)%00%(upstream:remoteref) refs/heads/master refs/remotes/master [1ms]
2023-04-07 06:59:43.009 [info] > git status -z -uall [4ms]
2023-04-07 07:01:05.088 [info] > git show --textconv :server/.dockerignore [7ms]
2023-04-07 07:01:05.089 [info] > git ls-files --stage -- /root/GenXIoT/server/.dockerignore [1ms]
2023-04-07 07:01:05.097 [info] > git cat-file -s cbd3fdd9b6b927e6bac9c0ea5e8b0d3785d8afdb [2ms]
