2023-04-04 06:08:18.577 [info] Log level: Info
2023-04-04 06:08:18.577 [info] Validating found git in: "git"
2023-04-04 06:08:18.577 [info] Using git "2.25.1" from "git"
2023-04-04 06:08:18.577 [info] > git rev-parse --show-toplevel [54ms]
2023-04-04 06:08:18.577 [info] > git rev-parse --git-dir --git-common-dir [1ms]
2023-04-04 06:08:18.577 [info] Open repository: /root/GenXIoT
2023-04-04 06:08:18.577 [info] > git config --get commit.template [10ms]
2023-04-04 06:08:18.577 [info] > git rev-parse --show-toplevel [20ms]
2023-04-04 06:08:18.577 [info] > git for-each-ref --format=%(refname)%00%(upstream:short)%00%(objectname)%00%(upstream:track)%00%(upstream:remotename)%00%(upstream:remoteref) refs/heads/master refs/remotes/master [2ms]
2023-04-04 06:08:18.577 [info] > git rev-parse --show-toplevel [21ms]
2023-04-04 06:08:18.577 [info] > git status -z -uall [9ms]
2023-04-04 06:08:18.577 [info] > git rev-parse --show-toplevel [17ms]
2023-04-04 06:08:18.577 [info] > git rev-parse --show-toplevel [23ms]
2023-04-04 06:08:18.577 [info] > git config --get commit.template [33ms]
2023-04-04 06:08:18.577 [info] > git rev-parse --show-toplevel [1ms]
2023-04-04 06:08:18.577 [info] > git rev-parse --show-toplevel [9ms]
2023-04-04 06:08:18.577 [info] > git rev-parse --show-toplevel [5ms]
2023-04-04 06:08:18.577 [info] > git for-each-ref --format=%(refname)%00%(upstream:short)%00%(objectname)%00%(upstream:track)%00%(upstream:remotename)%00%(upstream:remoteref) refs/heads/master refs/remotes/master [18ms]
2023-04-04 06:08:18.577 [info] > git rev-parse --show-toplevel [9ms]
2023-04-04 06:08:18.577 [info] > git status -z -uall [11ms]
2023-04-04 06:08:18.577 [info] > git rev-parse --show-toplevel [3ms]
2023-04-04 06:08:18.577 [info] > git rev-parse --show-toplevel [5ms]
2023-04-04 06:08:18.773 [info] > git show --textconv :server/package.json [10ms]
2023-04-04 06:08:18.777 [info] > git ls-files --stage -- /root/GenXIoT/server/package.json [4ms]
2023-04-04 06:08:18.785 [info] > git cat-file -s 22144bb183999e370d0eef3da450a404f00fd24a [2ms]
2023-04-04 06:08:18.982 [info] > git check-ignore -v -z --stdin [6ms]
2023-04-04 06:09:32.986 [info] > git config --get commit.template [10ms]
2023-04-04 06:09:32.986 [info] > git for-each-ref --format=%(refname)%00%(upstream:short)%00%(objectname)%00%(upstream:track)%00%(upstream:remotename)%00%(upstream:remoteref) refs/heads/master refs/remotes/master [2ms]
2023-04-04 06:09:32.999 [info] > git status -z -uall [4ms]
2023-04-04 06:10:14.196 [info] > git config --get commit.template [10ms]
2023-04-04 06:10:14.198 [info] > git for-each-ref --format=%(refname)%00%(upstream:short)%00%(objectname)%00%(upstream:track)%00%(upstream:remotename)%00%(upstream:remoteref) refs/heads/master refs/remotes/master [5ms]
2023-04-04 06:10:14.215 [info] > git status -z -uall [8ms]
2023-04-04 06:10:33.451 [info] > git config --get commit.template [1ms]
2023-04-04 06:10:33.458 [info] > git for-each-ref --format=%(refname)%00%(upstream:short)%00%(objectname)%00%(upstream:track)%00%(upstream:remotename)%00%(upstream:remoteref) refs/heads/master refs/remotes/master [1ms]
2023-04-04 06:10:33.468 [info] > git status -z -uall [3ms]
2023-04-04 06:16:06.593 [info] > git config --get commit.template [1ms]
2023-04-04 06:16:06.601 [info] > git for-each-ref --format=%(refname)%00%(upstream:short)%00%(objectname)%00%(upstream:track)%00%(upstream:remotename)%00%(upstream:remoteref) refs/heads/master refs/remotes/master [1ms]
2023-04-04 06:16:06.613 [info] > git status -z -uall [4ms]
2023-04-04 06:17:54.962 [info] > git config --get commit.template [10ms]
2023-04-04 06:17:54.962 [info] > git for-each-ref --format=%(refname)%00%(upstream:short)%00%(objectname)%00%(upstream:track)%00%(upstream:remotename)%00%(upstream:remoteref) refs/heads/master refs/remotes/master [2ms]
2023-04-04 06:17:54.975 [info] > git status -z -uall [4ms]
2023-04-04 06:18:39.708 [info] > git config --get commit.template [17ms]
2023-04-04 06:18:39.713 [info] > git for-each-ref --format=%(refname)%00%(upstream:short)%00%(objectname)%00%(upstream:track)%00%(upstream:remotename)%00%(upstream:remoteref) refs/heads/master refs/remotes/master [6ms]
2023-04-04 06:18:39.737 [info] > git status -z -uall [8ms]
2023-04-04 06:20:27.019 [info] > git config --get commit.template [10ms]
2023-04-04 06:20:27.021 [info] > git for-each-ref --format=%(refname)%00%(upstream:short)%00%(objectname)%00%(upstream:track)%00%(upstream:remotename)%00%(upstream:remoteref) refs/heads/master refs/remotes/master [4ms]
2023-04-04 06:20:27.036 [info] > git status -z -uall [7ms]
2023-04-04 06:20:40.431 [info] > git config --get commit.template [9ms]
2023-04-04 06:20:40.431 [info] > git for-each-ref --format=%(refname)%00%(upstream:short)%00%(objectname)%00%(upstream:track)%00%(upstream:remotename)%00%(upstream:remoteref) refs/heads/master refs/remotes/master [2ms]
2023-04-04 06:20:40.444 [info] > git status -z -uall [4ms]
2023-04-04 06:28:11.919 [info] > git config --get commit.template [10ms]
2023-04-04 06:28:11.920 [info] > git for-each-ref --format=%(refname)%00%(upstream:short)%00%(objectname)%00%(upstream:track)%00%(upstream:remotename)%00%(upstream:remoteref) refs/heads/master refs/remotes/master [2ms]
2023-04-04 06:28:11.934 [info] > git status -z -uall [5ms]
2023-04-04 07:55:33.343 [info] > git config --get commit.template [2ms]
2023-04-04 07:55:33.353 [info] > git for-each-ref --format=%(refname)%00%(upstream:short)%00%(objectname)%00%(upstream:track)%00%(upstream:remotename)%00%(upstream:remoteref) refs/heads/master refs/remotes/master [1ms]
2023-04-04 07:55:33.366 [info] > git status -z -uall [4ms]
2023-04-04 07:55:50.548 [info] > git config --get commit.template [8ms]
2023-04-04 07:55:50.548 [info] > git for-each-ref --format=%(refname)%00%(upstream:short)%00%(objectname)%00%(upstream:track)%00%(upstream:remotename)%00%(upstream:remoteref) refs/heads/master refs/remotes/master [1ms]
2023-04-04 07:55:50.559 [info] > git status -z -uall [3ms]
2023-04-04 07:56:00.431 [info] > git config --get commit.template [10ms]
2023-04-04 07:56:00.432 [info] > git for-each-ref --format=%(refname)%00%(upstream:short)%00%(objectname)%00%(upstream:track)%00%(upstream:remotename)%00%(upstream:remoteref) refs/heads/master refs/remotes/master [2ms]
2023-04-04 07:56:00.443 [info] > git status -z -uall [3ms]
2023-04-04 11:01:58.777 [info] > git config --get commit.template [1ms]
2023-04-04 11:01:58.786 [info] > git for-each-ref --format=%(refname)%00%(upstream:short)%00%(objectname)%00%(upstream:track)%00%(upstream:remotename)%00%(upstream:remoteref) refs/heads/master refs/remotes/master [2ms]
2023-04-04 11:01:58.798 [info] > git status -z -uall [4ms]
2023-04-04 11:02:03.812 [info] > git config --get commit.template [1ms]
2023-04-04 11:02:03.823 [info] > git for-each-ref --format=%(refname)%00%(upstream:short)%00%(objectname)%00%(upstream:track)%00%(upstream:remotename)%00%(upstream:remoteref) refs/heads/master refs/remotes/master [1ms]
2023-04-04 11:02:03.836 [info] > git status -z -uall [4ms]
