2023-04-10 07:09:20.583 [info] Log level: Info
2023-04-10 07:09:20.583 [info] Validating found git in: "git"
2023-04-10 07:09:20.583 [info] Using git "2.25.1" from "git"
2023-04-10 07:09:20.583 [info] > git rev-parse --show-toplevel [117ms]
2023-04-10 07:09:20.583 [info] fatal: not a git repository (or any of the parent directories): .git
2023-04-10 07:09:20.583 [info] > git rev-parse --show-toplevel [20ms]
2023-04-10 07:09:20.583 [info] > git rev-parse --git-dir --git-common-dir [6ms]
2023-04-10 07:09:20.583 [info] Open repository: /root/GenXIoT
2023-04-10 07:09:20.583 [info] > git rev-parse --show-toplevel [83ms]
2023-04-10 07:09:20.583 [info] fatal: not a git repository (or any of the parent directories): .git
2023-04-10 07:09:20.583 [info] > git rev-parse --show-toplevel [2ms]
2023-04-10 07:09:20.583 [info] fatal: not a git repository (or any of the parent directories): .git
2023-04-10 07:09:20.583 [info] > git config --get commit.template [41ms]
2023-04-10 07:09:20.583 [info] > git rev-parse --show-toplevel [15ms]
2023-04-10 07:09:20.583 [info] fatal: not a git repository (or any of the parent directories): .git
2023-04-10 07:09:20.583 [info] > git for-each-ref --format=%(refname)%00%(upstream:short)%00%(objectname)%00%(upstream:track)%00%(upstream:remotename)%00%(upstream:remoteref) refs/heads/master refs/remotes/master [42ms]
2023-04-10 07:09:20.583 [info] > git rev-parse --show-toplevel [31ms]
2023-04-10 07:09:20.583 [info] fatal: not a git repository (or any of the parent directories): .git
2023-04-10 07:09:20.583 [info] > git status -z -uall [38ms]
2023-04-10 07:09:20.583 [info] > git rev-parse --show-toplevel [67ms]
2023-04-10 07:09:20.583 [info] > git config --get commit.template [14ms]
2023-04-10 07:09:20.583 [info] > git rev-parse --git-dir --git-common-dir [4ms]
2023-04-10 07:09:20.583 [info] Open repository: /root/.nvm
2023-04-10 07:09:20.583 [info] > git rev-parse --show-toplevel [149ms]
2023-04-10 07:09:20.583 [info] fatal: not a git repository (or any of the parent directories): .git
2023-04-10 07:09:20.583 [info] > git rev-parse --show-toplevel [23ms]
2023-04-10 07:09:20.583 [info] fatal: not a git repository (or any of the parent directories): .git
2023-04-10 07:09:20.583 [info] > git config --get commit.template [51ms]
2023-04-10 07:09:20.583 [info] > git for-each-ref --format=%(refname)%00%(upstream:short)%00%(objectname)%00%(upstream:track)%00%(upstream:remotename)%00%(upstream:remoteref) refs/heads/master refs/remotes/master [14ms]
2023-04-10 07:09:20.583 [info] > git status -z -uall [19ms]
2023-04-10 07:09:20.583 [info] > git rev-parse --show-toplevel [44ms]
2023-04-10 07:09:20.583 [info] fatal: not a git repository (or any of the parent directories): .git
2023-04-10 07:09:20.583 [info] > git rev-parse --show-toplevel [38ms]
2023-04-10 07:09:20.583 [info] fatal: not a git repository (or any of the parent directories): .git
2023-04-10 07:09:20.583 [info] > git for-each-ref --format %(refname) %(objectname) %(*objectname) refs/tags [69ms]
2023-04-10 07:09:20.583 [info] > git rev-parse --show-toplevel [65ms]
2023-04-10 07:09:20.583 [info] fatal: not a git repository (or any of the parent directories): .git
2023-04-10 07:09:20.583 [info] > git status -z -uall [183ms]
2023-04-10 07:09:20.583 [info] > git check-ignore -v -z --stdin [147ms]
2023-04-10 07:09:20.757 [info] > git show --textconv :server/src/socket.ts [30ms]
2023-04-10 07:09:20.800 [info] > git ls-files --stage -- /root/GenXIoT/server/src/socket.ts [44ms]
2023-04-10 07:09:20.829 [info] > git cat-file -s 7499ed6bdc971165f6c6ef858390314ad8429a15 [4ms]
2023-04-10 07:09:21.147 [info] > git check-ignore -v -z --stdin [13ms]
2023-04-10 07:13:05.639 [info] > git show --textconv :server/src/server.ts [5ms]
2023-04-10 07:13:05.640 [info] > git ls-files --stage -- /root/GenXIoT/server/src/server.ts [1ms]
2023-04-10 07:13:05.646 [info] > git cat-file -s f253bb67c9051da7a9965aed930bcf70219854e9 [1ms]
2023-04-10 07:15:25.272 [info] > git config --get commit.template [6ms]
2023-04-10 07:15:25.272 [info] > git for-each-ref --format=%(refname)%00%(upstream:short)%00%(objectname)%00%(upstream:track)%00%(upstream:remotename)%00%(upstream:remoteref) refs/heads/master refs/remotes/master [2ms]
2023-04-10 07:15:25.281 [info] > git status -z -uall [4ms]
2023-04-10 07:24:36.669 [info] > git check-ignore -v -z --stdin [1ms]
2023-04-10 07:24:57.126 [info] > git check-ignore -v -z --stdin [1ms]
2023-04-10 07:24:58.004 [info] > git check-ignore -v -z --stdin [2ms]
2023-04-10 07:25:00.347 [info] > git check-ignore -v -z --stdin [1ms]
2023-04-10 07:25:04.635 [info] > git check-ignore -v -z --stdin [2ms]
2023-04-10 07:25:05.937 [info] > git check-ignore -v -z --stdin [2ms]
2023-04-10 07:25:21.527 [info] > git show --textconv :client/src/components/Header/Header.tsx [14ms]
2023-04-10 07:25:21.528 [info] > git ls-files --stage -- /root/GenXIoT/client/src/components/Header/Header.tsx [2ms]
2023-04-10 07:25:21.587 [info] > git check-ignore -v -z --stdin [3ms]
2023-04-10 07:25:22.095 [info] > git config --get commit.template [6ms]
2023-04-10 07:25:22.097 [info] > git for-each-ref --format=%(refname)%00%(upstream:short)%00%(objectname)%00%(upstream:track)%00%(upstream:remotename)%00%(upstream:remoteref) refs/heads/master refs/remotes/master [3ms]
2023-04-10 07:25:22.105 [info] > git status -z -uall [4ms]
2023-04-10 07:26:21.288 [info] > git config --get commit.template [8ms]
2023-04-10 07:26:21.289 [info] > git for-each-ref --format=%(refname)%00%(upstream:short)%00%(objectname)%00%(upstream:track)%00%(upstream:remotename)%00%(upstream:remoteref) refs/heads/master refs/remotes/master [2ms]
2023-04-10 07:26:21.298 [info] > git status -z -uall [4ms]
2023-04-10 07:27:01.325 [info] > git config --get commit.template [6ms]
2023-04-10 07:27:01.325 [info] > git for-each-ref --format=%(refname)%00%(upstream:short)%00%(objectname)%00%(upstream:track)%00%(upstream:remotename)%00%(upstream:remoteref) refs/heads/master refs/remotes/master [2ms]
2023-04-10 07:27:01.335 [info] > git status -z -uall [4ms]
2023-04-10 07:27:16.814 [info] > git check-ignore -v -z --stdin [1ms]
2023-04-10 07:27:17.988 [info] > git config --get commit.template [8ms]
2023-04-10 07:27:17.989 [info] > git for-each-ref --format=%(refname)%00%(upstream:short)%00%(objectname)%00%(upstream:track)%00%(upstream:remotename)%00%(upstream:remoteref) refs/heads/master refs/remotes/master [2ms]
2023-04-10 07:27:17.998 [info] > git status -z -uall [4ms]
2023-04-10 07:27:23.657 [info] > git show --textconv :client/src/components/header/Header.tsx [11ms]
2023-04-10 07:27:23.662 [info] > git ls-files --stage -- /root/GenXIoT/client/src/components/header/Header.tsx [8ms]
2023-04-10 07:27:23.857 [info] > git check-ignore -v -z --stdin [2ms]
2023-04-10 07:27:24.375 [info] > git config --get commit.template [17ms]
2023-04-10 07:27:24.378 [info] > git for-each-ref --format=%(refname)%00%(upstream:short)%00%(objectname)%00%(upstream:track)%00%(upstream:remotename)%00%(upstream:remoteref) refs/heads/master refs/remotes/master [3ms]
2023-04-10 07:27:24.388 [info] > git status -z -uall [5ms]
2023-04-10 07:27:35.490 [info] > git show --textconv :client/src/components/footer/Footer.tsx [7ms]
2023-04-10 07:27:35.491 [info] > git ls-files --stage -- /root/GenXIoT/client/src/components/footer/Footer.tsx [2ms]
2023-04-10 07:27:35.677 [info] > git check-ignore -v -z --stdin [1ms]
2023-04-10 07:28:35.294 [info] > git show --textconv :client/src/App.tsx [6ms]
2023-04-10 07:28:35.295 [info] > git ls-files --stage -- /root/GenXIoT/client/src/App.tsx [2ms]
2023-04-10 07:28:35.301 [info] > git cat-file -s 15ae739decd507b4c876674e709e98eb038cebbc [1ms]
2023-04-10 07:29:52.553 [info] > git show --textconv :client/src/components/Devices.tsx [8ms]
2023-04-10 07:29:52.554 [info] > git ls-files --stage -- /root/GenXIoT/client/src/components/Devices.tsx [2ms]
2023-04-10 07:29:52.561 [info] > git cat-file -s 795ef4f0cc709898281693749ec191bf331204ef [1ms]
2023-04-10 07:30:11.105 [info] > git check-ignore -v -z --stdin [1ms]
2023-04-10 07:30:12.833 [info] > git check-ignore -v -z --stdin [1ms]
2023-04-10 07:30:13.759 [info] > git show --textconv :client/src/pages/DeviceData/index.tsx [7ms]
2023-04-10 07:30:13.760 [info] > git ls-files --stage -- /root/GenXIoT/client/src/pages/DeviceData/index.tsx [1ms]
2023-04-10 07:30:13.767 [info] > git cat-file -s d3f6134247c18b1b337d7c48276598db40fe1af9 [1ms]
2023-04-10 07:30:38.018 [info] > git check-ignore -v -z --stdin [1ms]
2023-04-10 07:30:38.820 [info] > git show --textconv :client/src/pages/Devices/index.tsx [5ms]
2023-04-10 07:30:38.821 [info] > git ls-files --stage -- /root/GenXIoT/client/src/pages/Devices/index.tsx [1ms]
2023-04-10 07:30:38.827 [info] > git cat-file -s 53267ca1c61e09250da0260802d696c90825e5ed [1ms]
2023-04-10 07:30:59.484 [info] > git check-ignore -v -z --stdin [1ms]
2023-04-10 07:31:02.457 [info] > git show --textconv :client/src/pages/DeviceList/index.tsx [7ms]
2023-04-10 07:31:02.458 [info] > git ls-files --stage -- /root/GenXIoT/client/src/pages/DeviceList/index.tsx [2ms]
2023-04-10 07:31:02.466 [info] > git cat-file -s a60171e7168828f866eca7b4479ad3bd71bfc3ef [2ms]
2023-04-10 07:34:41.580 [info] > git config --get commit.template [7ms]
2023-04-10 07:34:41.581 [info] > git for-each-ref --format=%(refname)%00%(upstream:short)%00%(objectname)%00%(upstream:track)%00%(upstream:remotename)%00%(upstream:remoteref) refs/heads/master refs/remotes/master [3ms]
2023-04-10 07:34:41.590 [info] > git status -z -uall [4ms]
2023-04-10 07:36:13.576 [info] > git config --get commit.template [6ms]
2023-04-10 07:36:13.577 [info] > git for-each-ref --format=%(refname)%00%(upstream:short)%00%(objectname)%00%(upstream:track)%00%(upstream:remotename)%00%(upstream:remoteref) refs/heads/master refs/remotes/master [1ms]
2023-04-10 07:36:13.587 [info] > git status -z -uall [5ms]
2023-04-10 07:38:51.151 [info] > git check-ignore -v -z --stdin [1ms]
2023-04-10 07:39:07.604 [info] > git config --get commit.template [11ms]
2023-04-10 07:39:07.604 [info] > git for-each-ref --format=%(refname)%00%(upstream:short)%00%(objectname)%00%(upstream:track)%00%(upstream:remotename)%00%(upstream:remoteref) refs/heads/master refs/remotes/master [1ms]
2023-04-10 07:39:07.615 [info] > git status -z -uall [5ms]
2023-04-10 07:39:12.651 [info] > git config --get commit.template [8ms]
2023-04-10 07:39:12.652 [info] > git for-each-ref --format=%(refname)%00%(upstream:short)%00%(objectname)%00%(upstream:track)%00%(upstream:remotename)%00%(upstream:remoteref) refs/heads/master refs/remotes/master [2ms]
2023-04-10 07:39:12.666 [info] > git status -z -uall [5ms]
2023-04-10 07:39:22.936 [info] > git config --get commit.template [1ms]
2023-04-10 07:39:22.942 [info] > git for-each-ref --format=%(refname)%00%(upstream:short)%00%(objectname)%00%(upstream:track)%00%(upstream:remotename)%00%(upstream:remoteref) refs/heads/master refs/remotes/master [1ms]
2023-04-10 07:39:22.951 [info] > git status -z -uall [4ms]
2023-04-10 07:40:04.074 [info] > git check-ignore -v -z --stdin [1ms]
2023-04-10 07:40:05.325 [info] > git show --textconv :client/public/index.html [11ms]
2023-04-10 07:40:05.329 [info] > git ls-files --stage -- /root/GenXIoT/client/public/index.html [5ms]
2023-04-10 07:40:05.339 [info] > git cat-file -s aa069f27cbd9d53394428171c3989fd03db73c76 [3ms]
2023-04-10 07:40:30.154 [info] > git show --textconv :client/package.json [11ms]
2023-04-10 07:40:30.160 [info] > git ls-files --stage -- /root/GenXIoT/client/package.json [7ms]
2023-04-10 07:40:30.169 [info] > git cat-file -s a07c23052241d3163ab7baba78b56c1214fef986 [2ms]
2023-04-10 07:40:44.529 [info] > git show --textconv :client/src/index.tsx [8ms]
2023-04-10 07:40:44.530 [info] > git ls-files --stage -- /root/GenXIoT/client/src/index.tsx [1ms]
2023-04-10 07:40:44.540 [info] > git cat-file -s aca79d10ccd4d5b508a89886c99ed68a00419862 [3ms]
2023-04-10 07:40:50.384 [info] > git show --textconv :client/src/index.css [9ms]
2023-04-10 07:40:50.387 [info] > git ls-files --stage -- /root/GenXIoT/client/src/index.css [3ms]
2023-04-10 07:40:50.396 [info] > git cat-file -s ec2585e8c0bb8188184ed1e0703c4c8f2a8419b0 [2ms]
2023-04-10 07:41:54.855 [info] > git config --get commit.template [14ms]
2023-04-10 07:41:54.859 [info] > git for-each-ref --format=%(refname)%00%(upstream:short)%00%(objectname)%00%(upstream:track)%00%(upstream:remotename)%00%(upstream:remoteref) refs/heads/master refs/remotes/master [5ms]
2023-04-10 07:41:54.888 [info] > git status -z -uall [13ms]
2023-04-10 07:41:59.963 [info] > git config --get commit.template [15ms]
2023-04-10 07:41:59.974 [info] > git for-each-ref --format=%(refname)%00%(upstream:short)%00%(objectname)%00%(upstream:track)%00%(upstream:remotename)%00%(upstream:remoteref) refs/heads/master refs/remotes/master [12ms]
2023-04-10 07:42:00.020 [info] > git status -z -uall [16ms]
2023-04-10 07:43:19.126 [info] > git show --textconv :client/src/pages/DeviceData/index.tsx [6ms]
2023-04-10 07:43:19.128 [info] > git ls-files --stage -- /root/GenXIoT/client/src/pages/DeviceData/index.tsx [3ms]
2023-04-10 07:43:19.135 [info] > git cat-file -s d3f6134247c18b1b337d7c48276598db40fe1af9 [1ms]
2023-04-10 07:44:44.337 [info] > git show --textconv :client/src/pages/DeviceList/DeviceList.tsx [12ms]
2023-04-10 07:44:44.341 [info] > git ls-files --stage -- /root/GenXIoT/client/src/pages/DeviceList/DeviceList.tsx [5ms]
2023-04-10 07:44:44.350 [info] > git cat-file -s 58ac6da10faaf2f3d4691c02c122900b59474b43 [3ms]
2023-04-10 07:44:50.960 [info] > git show --textconv :client/src/pages/DeviceList/DeviceCard.tsx [6ms]
2023-04-10 07:44:50.961 [info] > git ls-files --stage -- /root/GenXIoT/client/src/pages/DeviceList/DeviceCard.tsx [2ms]
2023-04-10 07:44:50.968 [info] > git cat-file -s ef22eee65ee93a0af9cf5f6b97462fc61abf3dc7 [2ms]
2023-04-10 07:45:42.578 [info] > git check-ignore -v -z --stdin [1ms]
2023-04-10 07:45:46.725 [info] > git check-ignore -v -z --stdin [1ms]
2023-04-10 07:45:55.010 [info] > git check-ignore -v -z --stdin [1ms]
2023-04-10 07:46:05.325 [info] > git show --textconv :client/src/components/GetDevice.tsx [9ms]
2023-04-10 07:46:05.326 [info] > git ls-files --stage -- /root/GenXIoT/client/src/components/GetDevice.tsx [2ms]
2023-04-10 07:46:05.333 [info] > git cat-file -s 2bd1516590da8b22297382bc2e5766a1b31a5a5e [2ms]
2023-04-10 07:46:17.713 [info] > git show --textconv :client/src/components/GetDevices.tsx [7ms]
2023-04-10 07:46:17.714 [info] > git ls-files --stage -- /root/GenXIoT/client/src/components/GetDevices.tsx [2ms]
2023-04-10 07:46:17.723 [info] > git cat-file -s 844d14247d4b4cffbeedd980664cea8562128536 [2ms]
2023-04-10 07:49:20.115 [info] > git config --get commit.template [10ms]
2023-04-10 07:49:20.115 [info] > git for-each-ref --format=%(refname)%00%(upstream:short)%00%(objectname)%00%(upstream:track)%00%(upstream:remotename)%00%(upstream:remoteref) refs/heads/master refs/remotes/master [2ms]
2023-04-10 07:49:20.127 [info] > git status -z -uall [6ms]
2023-04-10 07:52:12.341 [info] > git config --get commit.template [6ms]
2023-04-10 07:52:12.341 [info] > git for-each-ref --format=%(refname)%00%(upstream:short)%00%(objectname)%00%(upstream:track)%00%(upstream:remotename)%00%(upstream:remoteref) refs/heads/master refs/remotes/master [2ms]
2023-04-10 07:52:12.350 [info] > git status -z -uall [3ms]
2023-04-10 07:54:10.630 [info] > git config --get commit.template [9ms]
2023-04-10 07:54:10.630 [info] > git for-each-ref --format=%(refname)%00%(upstream:short)%00%(objectname)%00%(upstream:track)%00%(upstream:remotename)%00%(upstream:remoteref) refs/heads/master refs/remotes/master [1ms]
2023-04-10 07:54:10.641 [info] > git status -z -uall [3ms]
2023-04-10 07:56:38.172 [info] > git config --get commit.template [9ms]
2023-04-10 07:56:38.174 [info] > git for-each-ref --format=%(refname)%00%(upstream:short)%00%(objectname)%00%(upstream:track)%00%(upstream:remotename)%00%(upstream:remoteref) refs/heads/master refs/remotes/master [4ms]
2023-04-10 07:56:38.187 [info] > git status -z -uall [6ms]
2023-04-10 07:56:55.979 [info] > git config --get commit.template [24ms]
2023-04-10 07:56:55.989 [info] > git for-each-ref --format=%(refname)%00%(upstream:short)%00%(objectname)%00%(upstream:track)%00%(upstream:remotename)%00%(upstream:remoteref) refs/heads/master refs/remotes/master [11ms]
2023-04-10 07:56:56.025 [info] > git status -z -uall [18ms]
2023-04-10 07:57:57.497 [info] > git ls-files --stage -- /root/GenXIoT/client/src/components/Device/AnalogParamOld.tsx [3ms]
2023-04-10 07:57:57.507 [info] > git show --textconv :client/src/components/Device/AnalogParamOld.tsx [21ms]
2023-04-10 07:57:57.508 [info] > git cat-file -s 63c7a8a1b292aa3eea7f642fd5589356262baa33 [3ms]
2023-04-10 07:58:22.969 [info] > git show --textconv :client/src/components/Device/AnalogParam.tsx [9ms]
2023-04-10 07:58:22.973 [info] > git ls-files --stage -- /root/GenXIoT/client/src/components/Device/AnalogParam.tsx [4ms]
2023-04-10 07:58:23.163 [info] > git check-ignore -v -z --stdin [3ms]
2023-04-10 07:58:23.682 [info] > git config --get commit.template [10ms]
2023-04-10 07:58:23.686 [info] > git for-each-ref --format=%(refname)%00%(upstream:short)%00%(objectname)%00%(upstream:track)%00%(upstream:remotename)%00%(upstream:remoteref) refs/heads/master refs/remotes/master [4ms]
2023-04-10 07:58:23.711 [info] > git status -z -uall [18ms]
2023-04-10 07:58:33.294 [info] > git config --get commit.template [19ms]
2023-04-10 07:58:33.303 [info] > git for-each-ref --format=%(refname)%00%(upstream:short)%00%(objectname)%00%(upstream:track)%00%(upstream:remotename)%00%(upstream:remoteref) refs/heads/master refs/remotes/master [9ms]
2023-04-10 07:58:33.328 [info] > git status -z -uall [6ms]
2023-04-10 07:59:15.289 [info] > git check-ignore -v -z --stdin [1ms]
2023-04-10 07:59:16.671 [info] > git show --textconv :client/src/models/Device.ts [8ms]
2023-04-10 07:59:16.673 [info] > git ls-files --stage -- /root/GenXIoT/client/src/models/Device.ts [1ms]
2023-04-10 07:59:16.680 [info] > git cat-file -s f67f1bfdb1ead0bec7ea0b34415e12d63c491098 [1ms]
2023-04-10 08:01:03.175 [info] > git config --get commit.template [14ms]
2023-04-10 08:01:03.187 [info] > git for-each-ref --format=%(refname)%00%(upstream:short)%00%(objectname)%00%(upstream:track)%00%(upstream:remotename)%00%(upstream:remoteref) refs/heads/master refs/remotes/master [12ms]
2023-04-10 08:01:03.204 [info] > git status -z -uall [7ms]
2023-04-10 08:01:08.227 [info] > git config --get commit.template [9ms]
2023-04-10 08:01:08.229 [info] > git for-each-ref --format=%(refname)%00%(upstream:short)%00%(objectname)%00%(upstream:track)%00%(upstream:remotename)%00%(upstream:remoteref) refs/heads/master refs/remotes/master [3ms]
2023-04-10 08:01:08.241 [info] > git status -z -uall [5ms]
2023-04-10 08:01:51.526 [info] > git config --get commit.template [13ms]
2023-04-10 08:01:51.527 [info] > git for-each-ref --format=%(refname)%00%(upstream:short)%00%(objectname)%00%(upstream:track)%00%(upstream:remotename)%00%(upstream:remoteref) refs/heads/master refs/remotes/master [2ms]
2023-04-10 08:01:51.537 [info] > git status -z -uall [2ms]
2023-04-10 08:02:13.947 [info] > git config --get commit.template [9ms]
2023-04-10 08:02:13.948 [info] > git for-each-ref --format=%(refname)%00%(upstream:short)%00%(objectname)%00%(upstream:track)%00%(upstream:remotename)%00%(upstream:remoteref) refs/heads/master refs/remotes/master [2ms]
2023-04-10 08:02:13.959 [info] > git status -z -uall [3ms]
2023-04-10 08:02:42.155 [info] > git check-ignore -v -z --stdin [1ms]
2023-04-10 08:02:43.415 [info] > git show --textconv :client/deploy/Dockerfile [9ms]
2023-04-10 08:02:43.416 [info] > git ls-files --stage -- /root/GenXIoT/client/deploy/Dockerfile [2ms]
2023-04-10 08:02:43.426 [info] > git cat-file -s ad8775104ac210f634df0a9db2438f27b40929b7 [2ms]
2023-04-10 08:03:05.040 [info] > git show --textconv :client/Dockerfile [9ms]
2023-04-10 08:03:05.040 [info] > git ls-files --stage -- /root/GenXIoT/client/Dockerfile [1ms]
2023-04-10 08:03:05.048 [info] > git cat-file -s c14947ff7c8741c7dfa9b1593cfd991bb52e32c9 [2ms]
2023-04-10 08:03:30.023 [info] > git config --get commit.template [1ms]
2023-04-10 08:03:30.032 [info] > git for-each-ref --format=%(refname)%00%(upstream:short)%00%(objectname)%00%(upstream:track)%00%(upstream:remotename)%00%(upstream:remoteref) refs/heads/master refs/remotes/master [1ms]
2023-04-10 08:03:30.059 [info] > git status -z -uall [8ms]
2023-04-10 08:03:46.434 [info] > git config --get commit.template [9ms]
2023-04-10 08:03:46.434 [info] > git for-each-ref --format=%(refname)%00%(upstream:short)%00%(objectname)%00%(upstream:track)%00%(upstream:remotename)%00%(upstream:remoteref) refs/heads/master refs/remotes/master [1ms]
2023-04-10 08:03:46.444 [info] > git status -z -uall [4ms]
2023-04-10 08:04:03.909 [info] > git config --get commit.template [1ms]
2023-04-10 08:04:03.918 [info] > git for-each-ref --format=%(refname)%00%(upstream:short)%00%(objectname)%00%(upstream:track)%00%(upstream:remotename)%00%(upstream:remoteref) refs/heads/master refs/remotes/master [1ms]
2023-04-10 08:04:03.927 [info] > git status -z -uall [4ms]
2023-04-10 08:06:35.430 [info] > git config --get commit.template [9ms]
2023-04-10 08:06:35.430 [info] > git for-each-ref --format=%(refname)%00%(upstream:short)%00%(objectname)%00%(upstream:track)%00%(upstream:remotename)%00%(upstream:remoteref) refs/heads/master refs/remotes/master [1ms]
2023-04-10 08:06:35.442 [info] > git status -z -uall [4ms]
2023-04-10 08:06:35.907 [info] > git show --textconv :client/tsconfig.json [7ms]
2023-04-10 08:06:35.907 [info] > git ls-files --stage -- /root/GenXIoT/client/tsconfig.json [1ms]
2023-04-10 08:06:35.915 [info] > git cat-file -s b17ec4f2544626b298a7b822aec695ef924d3c75 [2ms]
2023-04-10 08:10:49.635 [info] > git config --get commit.template [8ms]
2023-04-10 08:10:49.635 [info] > git for-each-ref --format=%(refname)%00%(upstream:short)%00%(objectname)%00%(upstream:track)%00%(upstream:remotename)%00%(upstream:remoteref) refs/heads/master refs/remotes/master [1ms]
2023-04-10 08:10:49.647 [info] > git status -z -uall [4ms]
2023-04-10 08:11:08.300 [info] > git config --get commit.template [8ms]
2023-04-10 08:11:08.301 [info] > git for-each-ref --format=%(refname)%00%(upstream:short)%00%(objectname)%00%(upstream:track)%00%(upstream:remotename)%00%(upstream:remoteref) refs/heads/master refs/remotes/master [1ms]
2023-04-10 08:11:08.316 [info] > git status -z -uall [8ms]
2023-04-10 08:11:52.260 [info] > git config --get commit.template [7ms]
2023-04-10 08:11:52.260 [info] > git for-each-ref --format=%(refname)%00%(upstream:short)%00%(objectname)%00%(upstream:track)%00%(upstream:remotename)%00%(upstream:remoteref) refs/heads/master refs/remotes/master [1ms]
2023-04-10 08:11:52.269 [info] > git status -z -uall [4ms]
2023-04-10 08:12:11.152 [info] > git config --get commit.template [9ms]
2023-04-10 08:12:11.153 [info] > git for-each-ref --format=%(refname)%00%(upstream:short)%00%(objectname)%00%(upstream:track)%00%(upstream:remotename)%00%(upstream:remoteref) refs/heads/master refs/remotes/master [1ms]
2023-04-10 08:12:11.163 [info] > git status -z -uall [3ms]
2023-04-10 08:12:16.566 [info] > git config --get commit.template [2ms]
2023-04-10 08:12:16.576 [info] > git for-each-ref --format=%(refname)%00%(upstream:short)%00%(objectname)%00%(upstream:track)%00%(upstream:remotename)%00%(upstream:remoteref) refs/heads/master refs/remotes/master [2ms]
2023-04-10 08:12:16.587 [info] > git status -z -uall [4ms]
2023-04-10 08:12:31.067 [info] > git config --get commit.template [7ms]
2023-04-10 08:12:31.067 [info] > git for-each-ref --format=%(refname)%00%(upstream:short)%00%(objectname)%00%(upstream:track)%00%(upstream:remotename)%00%(upstream:remoteref) refs/heads/master refs/remotes/master [1ms]
2023-04-10 08:12:31.078 [info] > git status -z -uall [5ms]
2023-04-10 08:12:36.101 [info] > git config --get commit.template [9ms]
2023-04-10 08:12:36.104 [info] > git for-each-ref --format=%(refname)%00%(upstream:short)%00%(objectname)%00%(upstream:track)%00%(upstream:remotename)%00%(upstream:remoteref) refs/heads/master refs/remotes/master [3ms]
2023-04-10 08:12:36.121 [info] > git status -z -uall [5ms]
2023-04-10 08:12:41.144 [info] > git config --get commit.template [8ms]
2023-04-10 08:12:41.144 [info] > git for-each-ref --format=%(refname)%00%(upstream:short)%00%(objectname)%00%(upstream:track)%00%(upstream:remotename)%00%(upstream:remoteref) refs/heads/master refs/remotes/master [1ms]
2023-04-10 08:12:41.157 [info] > git status -z -uall [5ms]
2023-04-10 08:12:51.372 [info] > git config --get commit.template [9ms]
2023-04-10 08:12:51.372 [info] > git for-each-ref --format=%(refname)%00%(upstream:short)%00%(objectname)%00%(upstream:track)%00%(upstream:remotename)%00%(upstream:remoteref) refs/heads/master refs/remotes/master [1ms]
2023-04-10 08:12:51.382 [info] > git status -z -uall [4ms]
2023-04-10 08:16:53.093 [info] > git config --get commit.template [14ms]
2023-04-10 08:16:53.095 [info] > git for-each-ref --format=%(refname)%00%(upstream:short)%00%(objectname)%00%(upstream:track)%00%(upstream:remotename)%00%(upstream:remoteref) refs/heads/master refs/remotes/master [4ms]
2023-04-10 08:16:53.108 [info] > git status -z -uall [6ms]
2023-04-10 08:17:01.462 [info] > git config --get commit.template [13ms]
2023-04-10 08:17:01.463 [info] > git for-each-ref --format=%(refname)%00%(upstream:short)%00%(objectname)%00%(upstream:track)%00%(upstream:remotename)%00%(upstream:remoteref) refs/heads/master refs/remotes/master [2ms]
2023-04-10 08:17:01.478 [info] > git status -z -uall [6ms]
2023-04-10 08:17:16.197 [info] > git config --get commit.template [8ms]
2023-04-10 08:17:16.200 [info] > git for-each-ref --format=%(refname)%00%(upstream:short)%00%(objectname)%00%(upstream:track)%00%(upstream:remotename)%00%(upstream:remoteref) refs/heads/master refs/remotes/master [3ms]
2023-04-10 08:17:16.211 [info] > git status -z -uall [5ms]
2023-04-10 08:17:21.232 [info] > git config --get commit.template [8ms]
2023-04-10 08:17:21.234 [info] > git for-each-ref --format=%(refname)%00%(upstream:short)%00%(objectname)%00%(upstream:track)%00%(upstream:remotename)%00%(upstream:remoteref) refs/heads/master refs/remotes/master [2ms]
2023-04-10 08:17:21.249 [info] > git status -z -uall [9ms]
2023-04-10 08:17:37.570 [info] > git config --get commit.template [6ms]
2023-04-10 08:17:37.571 [info] > git for-each-ref --format=%(refname)%00%(upstream:short)%00%(objectname)%00%(upstream:track)%00%(upstream:remotename)%00%(upstream:remoteref) refs/heads/master refs/remotes/master [2ms]
2023-04-10 08:17:37.580 [info] > git status -z -uall [3ms]
2023-04-10 08:19:14.015 [info] > git config --get commit.template [9ms]
2023-04-10 08:19:14.016 [info] > git for-each-ref --format=%(refname)%00%(upstream:short)%00%(objectname)%00%(upstream:track)%00%(upstream:remotename)%00%(upstream:remoteref) refs/heads/master refs/remotes/master [1ms]
2023-04-10 08:19:14.027 [info] > git status -z -uall [4ms]
2023-04-10 08:22:58.834 [info] > git config --get commit.template [9ms]
2023-04-10 08:22:58.835 [info] > git for-each-ref --format=%(refname)%00%(upstream:short)%00%(objectname)%00%(upstream:track)%00%(upstream:remotename)%00%(upstream:remoteref) refs/heads/master refs/remotes/master [2ms]
2023-04-10 08:22:58.846 [info] > git status -z -uall [4ms]
2023-04-10 08:23:10.100 [info] > git config --get commit.template [8ms]
2023-04-10 08:23:10.100 [info] > git for-each-ref --format=%(refname)%00%(upstream:short)%00%(objectname)%00%(upstream:track)%00%(upstream:remotename)%00%(upstream:remoteref) refs/heads/master refs/remotes/master [1ms]
2023-04-10 08:23:10.117 [info] > git status -z -uall [5ms]
2023-04-10 08:23:29.112 [info] > git config --get commit.template [9ms]
2023-04-10 08:23:29.114 [info] > git for-each-ref --format=%(refname)%00%(upstream:short)%00%(objectname)%00%(upstream:track)%00%(upstream:remotename)%00%(upstream:remoteref) refs/heads/master refs/remotes/master [3ms]
2023-04-10 08:23:29.125 [info] > git status -z -uall [4ms]
2023-04-10 08:23:34.143 [info] > git config --get commit.template [6ms]
2023-04-10 08:23:34.147 [info] > git for-each-ref --format=%(refname)%00%(upstream:short)%00%(objectname)%00%(upstream:track)%00%(upstream:remotename)%00%(upstream:remoteref) refs/heads/master refs/remotes/master [5ms]
2023-04-10 08:23:34.161 [info] > git status -z -uall [9ms]
2023-04-10 08:23:39.182 [info] > git config --get commit.template [8ms]
2023-04-10 08:23:39.183 [info] > git for-each-ref --format=%(refname)%00%(upstream:short)%00%(objectname)%00%(upstream:track)%00%(upstream:remotename)%00%(upstream:remoteref) refs/heads/master refs/remotes/master [2ms]
2023-04-10 08:23:39.193 [info] > git status -z -uall [3ms]
2023-04-10 08:23:49.463 [info] > git config --get commit.template [9ms]
2023-04-10 08:23:49.463 [info] > git for-each-ref --format=%(refname)%00%(upstream:short)%00%(objectname)%00%(upstream:track)%00%(upstream:remotename)%00%(upstream:remoteref) refs/heads/master refs/remotes/master [1ms]
2023-04-10 08:23:49.476 [info] > git status -z -uall [4ms]
2023-04-10 08:24:54.573 [info] > git config --get commit.template [9ms]
2023-04-10 08:24:54.573 [info] > git for-each-ref --format=%(refname)%00%(upstream:short)%00%(objectname)%00%(upstream:track)%00%(upstream:remotename)%00%(upstream:remoteref) refs/heads/master refs/remotes/master [1ms]
2023-04-10 08:24:54.586 [info] > git status -z -uall [3ms]
2023-04-10 08:25:12.175 [info] > git config --get commit.template [7ms]
2023-04-10 08:25:12.176 [info] > git for-each-ref --format=%(refname)%00%(upstream:short)%00%(objectname)%00%(upstream:track)%00%(upstream:remotename)%00%(upstream:remoteref) refs/heads/master refs/remotes/master [1ms]
2023-04-10 08:25:12.186 [info] > git status -z -uall [4ms]
2023-04-10 08:25:28.130 [info] > git config --get commit.template [10ms]
2023-04-10 08:25:28.132 [info] > git for-each-ref --format=%(refname)%00%(upstream:short)%00%(objectname)%00%(upstream:track)%00%(upstream:remotename)%00%(upstream:remoteref) refs/heads/master refs/remotes/master [3ms]
2023-04-10 08:25:28.144 [info] > git status -z -uall [5ms]
2023-04-10 08:25:54.593 [info] > git config --get commit.template [1ms]
2023-04-10 08:25:54.603 [info] > git for-each-ref --format=%(refname)%00%(upstream:short)%00%(objectname)%00%(upstream:track)%00%(upstream:remotename)%00%(upstream:remoteref) refs/heads/master refs/remotes/master [1ms]
2023-04-10 08:25:54.618 [info] > git status -z -uall [5ms]
2023-04-10 08:25:59.654 [info] > git config --get commit.template [12ms]
2023-04-10 08:25:59.655 [info] > git for-each-ref --format=%(refname)%00%(upstream:short)%00%(objectname)%00%(upstream:track)%00%(upstream:remotename)%00%(upstream:remoteref) refs/heads/master refs/remotes/master [2ms]
2023-04-10 08:25:59.672 [info] > git status -z -uall [5ms]
2023-04-10 08:55:29.190 [info] > git config --get commit.template [8ms]
2023-04-10 08:55:29.198 [info] > git for-each-ref --format=%(refname)%00%(upstream:short)%00%(objectname)%00%(upstream:track)%00%(upstream:remotename)%00%(upstream:remoteref) refs/heads/master refs/remotes/master [8ms]
2023-04-10 08:55:29.215 [info] > git status -z -uall [4ms]
2023-04-10 09:02:58.087 [info] > git check-ignore -v -z --stdin [1ms]
2023-04-10 09:03:02.749 [info] > git check-ignore -v -z --stdin [1ms]
2023-04-10 09:03:07.384 [info] > git show --textconv :deploy/default.conf [7ms]
2023-04-10 09:03:07.385 [info] > git ls-files --stage -- /root/GenXIoT/deploy/default.conf [2ms]
2023-04-10 09:03:07.394 [info] > git cat-file -s 52bd0b803a67f292c1231e7cfab37aa398b6d0ad [1ms]
2023-04-10 09:03:54.725 [info] > git config --get commit.template [10ms]
2023-04-10 09:03:54.726 [info] > git for-each-ref --format=%(refname)%00%(upstream:short)%00%(objectname)%00%(upstream:track)%00%(upstream:remotename)%00%(upstream:remoteref) refs/heads/master refs/remotes/master [2ms]
2023-04-10 09:03:54.737 [info] > git status -z -uall [4ms]
2023-04-10 09:03:59.758 [info] > git config --get commit.template [9ms]
2023-04-10 09:03:59.758 [info] > git for-each-ref --format=%(refname)%00%(upstream:short)%00%(objectname)%00%(upstream:track)%00%(upstream:remotename)%00%(upstream:remoteref) refs/heads/master refs/remotes/master [1ms]
2023-04-10 09:03:59.769 [info] > git status -z -uall [3ms]
2023-04-10 09:04:19.002 [info] > git config --get commit.template [8ms]
2023-04-10 09:04:19.004 [info] > git for-each-ref --format=%(refname)%00%(upstream:short)%00%(objectname)%00%(upstream:track)%00%(upstream:remotename)%00%(upstream:remoteref) refs/heads/master refs/remotes/master [2ms]
2023-04-10 09:04:19.015 [info] > git status -z -uall [6ms]
2023-04-10 09:04:24.049 [info] > git config --get commit.template [10ms]
2023-04-10 09:04:24.049 [info] > git for-each-ref --format=%(refname)%00%(upstream:short)%00%(objectname)%00%(upstream:track)%00%(upstream:remotename)%00%(upstream:remoteref) refs/heads/master refs/remotes/master [1ms]
2023-04-10 09:04:24.064 [info] > git status -z -uall [5ms]
2023-04-10 09:04:37.023 [info] > git config --get commit.template [12ms]
2023-04-10 09:04:37.024 [info] > git for-each-ref --format=%(refname)%00%(upstream:short)%00%(objectname)%00%(upstream:track)%00%(upstream:remotename)%00%(upstream:remoteref) refs/heads/master refs/remotes/master [2ms]
2023-04-10 09:04:37.038 [info] > git status -z -uall [5ms]
2023-04-10 09:04:47.878 [info] > git for-each-ref --format=%(refname)%00%(upstream:short)%00%(objectname)%00%(upstream:track)%00%(upstream:remotename)%00%(upstream:remoteref) refs/heads/master refs/remotes/master [2ms]
2023-04-10 09:04:47.878 [info] > git config --get commit.template [11ms]
2023-04-10 09:04:47.888 [info] > git status -z -uall [4ms]
2023-04-10 09:04:52.907 [info] > git config --get commit.template [7ms]
2023-04-10 09:04:52.908 [info] > git for-each-ref --format=%(refname)%00%(upstream:short)%00%(objectname)%00%(upstream:track)%00%(upstream:remotename)%00%(upstream:remoteref) refs/heads/master refs/remotes/master [2ms]
2023-04-10 09:04:52.923 [info] > git status -z -uall [6ms]
2023-04-10 09:04:57.942 [info] > git config --get commit.template [9ms]
2023-04-10 09:04:57.947 [info] > git for-each-ref --format=%(refname)%00%(upstream:short)%00%(objectname)%00%(upstream:track)%00%(upstream:remotename)%00%(upstream:remoteref) refs/heads/master refs/remotes/master [5ms]
2023-04-10 09:04:57.959 [info] > git status -z -uall [5ms]
2023-04-10 09:05:03.010 [info] > git for-each-ref --format=%(refname)%00%(upstream:short)%00%(objectname)%00%(upstream:track)%00%(upstream:remotename)%00%(upstream:remoteref) refs/heads/master refs/remotes/master [4ms]
2023-04-10 09:05:03.011 [info] > git config --get commit.template [33ms]
2023-04-10 09:05:03.059 [info] > git status -z -uall [24ms]
2023-04-10 09:05:15.014 [info] > git config --get commit.template [12ms]
2023-04-10 09:05:15.016 [info] > git for-each-ref --format=%(refname)%00%(upstream:short)%00%(objectname)%00%(upstream:track)%00%(upstream:remotename)%00%(upstream:remoteref) refs/heads/master refs/remotes/master [3ms]
2023-04-10 09:05:15.027 [info] > git status -z -uall [5ms]
2023-04-10 09:06:34.365 [info] > git config --get commit.template [1ms]
2023-04-10 09:06:34.375 [info] > git for-each-ref --format=%(refname)%00%(upstream:short)%00%(objectname)%00%(upstream:track)%00%(upstream:remotename)%00%(upstream:remoteref) refs/heads/master refs/remotes/master [2ms]
2023-04-10 09:06:34.387 [info] > git status -z -uall [4ms]
2023-04-10 09:06:39.421 [info] > git config --get commit.template [20ms]
2023-04-10 09:06:39.423 [info] > git for-each-ref --format=%(refname)%00%(upstream:short)%00%(objectname)%00%(upstream:track)%00%(upstream:remotename)%00%(upstream:remoteref) refs/heads/master refs/remotes/master [2ms]
2023-04-10 09:06:39.458 [info] > git status -z -uall [12ms]
2023-04-10 09:06:52.911 [info] > git config --get commit.template [1ms]
2023-04-10 09:06:52.919 [info] > git for-each-ref --format=%(refname)%00%(upstream:short)%00%(objectname)%00%(upstream:track)%00%(upstream:remotename)%00%(upstream:remoteref) refs/heads/master refs/remotes/master [1ms]
2023-04-10 09:06:52.929 [info] > git status -z -uall [4ms]
2023-04-10 09:06:57.951 [info] > git config --get commit.template [9ms]
2023-04-10 09:06:57.952 [info] > git for-each-ref --format=%(refname)%00%(upstream:short)%00%(objectname)%00%(upstream:track)%00%(upstream:remotename)%00%(upstream:remoteref) refs/heads/master refs/remotes/master [2ms]
2023-04-10 09:06:57.964 [info] > git status -z -uall [4ms]
2023-04-10 09:07:08.474 [info] > git config --get commit.template [1ms]
2023-04-10 09:07:08.481 [info] > git for-each-ref --format=%(refname)%00%(upstream:short)%00%(objectname)%00%(upstream:track)%00%(upstream:remotename)%00%(upstream:remoteref) refs/heads/master refs/remotes/master [1ms]
2023-04-10 09:07:08.492 [info] > git status -z -uall [4ms]
2023-04-10 09:11:00.332 [info] > git config --get commit.template [3ms]
2023-04-10 09:11:00.342 [info] > git for-each-ref --format=%(refname)%00%(upstream:short)%00%(objectname)%00%(upstream:track)%00%(upstream:remotename)%00%(upstream:remoteref) refs/heads/master refs/remotes/master [1ms]
2023-04-10 09:11:00.355 [info] > git status -z -uall [4ms]
2023-04-10 09:11:05.377 [info] > git config --get commit.template [9ms]
2023-04-10 09:11:05.377 [info] > git for-each-ref --format=%(refname)%00%(upstream:short)%00%(objectname)%00%(upstream:track)%00%(upstream:remotename)%00%(upstream:remoteref) refs/heads/master refs/remotes/master [2ms]
2023-04-10 09:11:05.388 [info] > git status -z -uall [4ms]
2023-04-10 09:11:20.054 [info] > git config --get commit.template [8ms]
2023-04-10 09:11:20.055 [info] > git for-each-ref --format=%(refname)%00%(upstream:short)%00%(objectname)%00%(upstream:track)%00%(upstream:remotename)%00%(upstream:remoteref) refs/heads/master refs/remotes/master [1ms]
2023-04-10 09:11:20.067 [info] > git status -z -uall [5ms]
2023-04-10 09:14:26.941 [info] > git config --get commit.template [11ms]
2023-04-10 09:14:26.941 [info] > git for-each-ref --format=%(refname)%00%(upstream:short)%00%(objectname)%00%(upstream:track)%00%(upstream:remotename)%00%(upstream:remoteref) refs/heads/master refs/remotes/master [1ms]
2023-04-10 09:14:26.956 [info] > git status -z -uall [5ms]
2023-04-10 09:14:31.978 [info] > git config --get commit.template [9ms]
2023-04-10 09:14:31.979 [info] > git for-each-ref --format=%(refname)%00%(upstream:short)%00%(objectname)%00%(upstream:track)%00%(upstream:remotename)%00%(upstream:remoteref) refs/heads/master refs/remotes/master [2ms]
2023-04-10 09:14:31.992 [info] > git status -z -uall [4ms]
2023-04-10 09:15:40.174 [info] > git config --get commit.template [7ms]
2023-04-10 09:15:40.175 [info] > git for-each-ref --format=%(refname)%00%(upstream:short)%00%(objectname)%00%(upstream:track)%00%(upstream:remotename)%00%(upstream:remoteref) refs/heads/master refs/remotes/master [1ms]
2023-04-10 09:15:40.184 [info] > git status -z -uall [4ms]
2023-04-10 09:15:45.617 [info] > git config --get commit.template [9ms]
2023-04-10 09:15:45.617 [info] > git for-each-ref --format=%(refname)%00%(upstream:short)%00%(objectname)%00%(upstream:track)%00%(upstream:remotename)%00%(upstream:remoteref) refs/heads/master refs/remotes/master [1ms]
2023-04-10 09:15:45.631 [info] > git status -z -uall [5ms]
2023-04-10 09:16:07.376 [info] > git config --get commit.template [1ms]
2023-04-10 09:16:07.387 [info] > git for-each-ref --format=%(refname)%00%(upstream:short)%00%(objectname)%00%(upstream:track)%00%(upstream:remotename)%00%(upstream:remoteref) refs/heads/master refs/remotes/master [2ms]
2023-04-10 09:16:07.405 [info] > git status -z -uall [5ms]
2023-04-10 09:16:12.436 [info] > git config --get commit.template [11ms]
2023-04-10 09:16:12.439 [info] > git for-each-ref --format=%(refname)%00%(upstream:short)%00%(objectname)%00%(upstream:track)%00%(upstream:remotename)%00%(upstream:remoteref) refs/heads/master refs/remotes/master [4ms]
2023-04-10 09:16:12.455 [info] > git status -z -uall [6ms]
2023-04-10 09:16:22.848 [info] > git config --get commit.template [10ms]
2023-04-10 09:16:22.849 [info] > git for-each-ref --format=%(refname)%00%(upstream:short)%00%(objectname)%00%(upstream:track)%00%(upstream:remotename)%00%(upstream:remoteref) refs/heads/master refs/remotes/master [1ms]
2023-04-10 09:16:22.862 [info] > git status -z -uall [5ms]
2023-04-10 09:17:45.573 [info] > git config --get commit.template [10ms]
2023-04-10 09:17:45.574 [info] > git for-each-ref --format=%(refname)%00%(upstream:short)%00%(objectname)%00%(upstream:track)%00%(upstream:remotename)%00%(upstream:remoteref) refs/heads/master refs/remotes/master [1ms]
2023-04-10 09:17:45.586 [info] > git status -z -uall [4ms]
2023-04-10 09:17:50.601 [info] > git config --get commit.template [5ms]
2023-04-10 09:17:50.602 [info] > git for-each-ref --format=%(refname)%00%(upstream:short)%00%(objectname)%00%(upstream:track)%00%(upstream:remotename)%00%(upstream:remoteref) refs/heads/master refs/remotes/master [1ms]
2023-04-10 09:17:50.610 [info] > git status -z -uall [4ms]
2023-04-10 09:18:30.508 [info] > git config --get commit.template [9ms]
2023-04-10 09:18:30.510 [info] > git for-each-ref --format=%(refname)%00%(upstream:short)%00%(objectname)%00%(upstream:track)%00%(upstream:remotename)%00%(upstream:remoteref) refs/heads/master refs/remotes/master [3ms]
2023-04-10 09:18:30.523 [info] > git status -z -uall [5ms]
2023-04-10 09:18:43.656 [info] > git config --get commit.template [1ms]
2023-04-10 09:18:43.664 [info] > git for-each-ref --format=%(refname)%00%(upstream:short)%00%(objectname)%00%(upstream:track)%00%(upstream:remotename)%00%(upstream:remoteref) refs/heads/master refs/remotes/master [2ms]
2023-04-10 09:18:43.674 [info] > git status -z -uall [3ms]
2023-04-10 09:21:18.517 [info] > git show --textconv :docker-compose.yml [10ms]
2023-04-10 09:21:18.518 [info] > git ls-files --stage -- /root/GenXIoT/docker-compose.yml [2ms]
2023-04-10 09:21:18.527 [info] > git cat-file -s 840ea51beafaa458caf35f67d4eec32a0013580b [1ms]
2023-04-10 09:23:34.294 [info] > git config --get commit.template [9ms]
2023-04-10 09:23:34.295 [info] > git for-each-ref --format=%(refname)%00%(upstream:short)%00%(objectname)%00%(upstream:track)%00%(upstream:remotename)%00%(upstream:remoteref) refs/heads/master refs/remotes/master [2ms]
2023-04-10 09:23:34.307 [info] > git status -z -uall [4ms]
2023-04-10 09:23:44.166 [info] > git config --get commit.template [10ms]
2023-04-10 09:23:44.167 [info] > git for-each-ref --format=%(refname)%00%(upstream:short)%00%(objectname)%00%(upstream:track)%00%(upstream:remotename)%00%(upstream:remoteref) refs/heads/master refs/remotes/master [2ms]
2023-04-10 09:23:44.179 [info] > git status -z -uall [4ms]
2023-04-10 09:24:14.463 [info] > git config --get commit.template [9ms]
2023-04-10 09:24:14.465 [info] > git for-each-ref --format=%(refname)%00%(upstream:short)%00%(objectname)%00%(upstream:track)%00%(upstream:remotename)%00%(upstream:remoteref) refs/heads/master refs/remotes/master [3ms]
2023-04-10 09:24:14.478 [info] > git status -z -uall [6ms]
2023-04-10 09:24:19.496 [info] > git config --get commit.template [7ms]
2023-04-10 09:24:19.499 [info] > git for-each-ref --format=%(refname)%00%(upstream:short)%00%(objectname)%00%(upstream:track)%00%(upstream:remotename)%00%(upstream:remoteref) refs/heads/master refs/remotes/master [2ms]
2023-04-10 09:24:19.563 [info] > git status -z -uall [57ms]
2023-04-10 09:24:24.586 [info] > git config --get commit.template [10ms]
2023-04-10 09:24:24.587 [info] > git for-each-ref --format=%(refname)%00%(upstream:short)%00%(objectname)%00%(upstream:track)%00%(upstream:remotename)%00%(upstream:remoteref) refs/heads/master refs/remotes/master [2ms]
2023-04-10 09:24:24.599 [info] > git status -z -uall [4ms]
2023-04-10 09:24:34.684 [info] > git config --get commit.template [2ms]
2023-04-10 09:24:34.694 [info] > git for-each-ref --format=%(refname)%00%(upstream:short)%00%(objectname)%00%(upstream:track)%00%(upstream:remotename)%00%(upstream:remoteref) refs/heads/master refs/remotes/master [1ms]
2023-04-10 09:24:34.706 [info] > git status -z -uall [4ms]
2023-04-10 09:37:55.842 [info] > git show --textconv :server/package.json [11ms]
2023-04-10 09:37:55.844 [info] > git ls-files --stage -- /root/GenXIoT/server/package.json [2ms]
2023-04-10 09:37:55.859 [info] > git cat-file -s 22144bb183999e370d0eef3da450a404f00fd24a [5ms]
2023-04-10 09:39:22.586 [info] > git config --get commit.template [10ms]
2023-04-10 09:39:22.586 [info] > git for-each-ref --format=%(refname)%00%(upstream:short)%00%(objectname)%00%(upstream:track)%00%(upstream:remotename)%00%(upstream:remoteref) refs/heads/master refs/remotes/master [1ms]
2023-04-10 09:39:22.598 [info] > git status -z -uall [4ms]
2023-04-10 09:39:27.616 [info] > git config --get commit.template [1ms]
2023-04-10 09:39:27.628 [info] > git for-each-ref --format=%(refname)%00%(upstream:short)%00%(objectname)%00%(upstream:track)%00%(upstream:remotename)%00%(upstream:remoteref) refs/heads/master refs/remotes/master [3ms]
2023-04-10 09:39:27.648 [info] > git status -z -uall [1ms]
2023-04-10 09:39:44.149 [info] > git config --get commit.template [10ms]
2023-04-10 09:39:44.149 [info] > git for-each-ref --format=%(refname)%00%(upstream:short)%00%(objectname)%00%(upstream:track)%00%(upstream:remotename)%00%(upstream:remoteref) refs/heads/master refs/remotes/master [1ms]
2023-04-10 09:39:44.161 [info] > git status -z -uall [4ms]
2023-04-10 09:40:16.968 [info] > git config --get commit.template [12ms]
2023-04-10 09:40:16.971 [info] > git for-each-ref --format=%(refname)%00%(upstream:short)%00%(objectname)%00%(upstream:track)%00%(upstream:remotename)%00%(upstream:remoteref) refs/heads/master refs/remotes/master [3ms]
2023-04-10 09:40:16.992 [info] > git status -z -uall [7ms]
2023-04-10 09:40:22.010 [info] > git config --get commit.template [1ms]
2023-04-10 09:40:22.021 [info] > git for-each-ref --format=%(refname)%00%(upstream:short)%00%(objectname)%00%(upstream:track)%00%(upstream:remotename)%00%(upstream:remoteref) refs/heads/master refs/remotes/master [3ms]
2023-04-10 09:40:22.033 [info] > git status -z -uall [1ms]
2023-04-10 09:40:31.398 [info] > git config --get commit.template [9ms]
2023-04-10 09:40:31.398 [info] > git for-each-ref --format=%(refname)%00%(upstream:short)%00%(objectname)%00%(upstream:track)%00%(upstream:remotename)%00%(upstream:remoteref) refs/heads/master refs/remotes/master [1ms]
2023-04-10 09:40:31.410 [info] > git status -z -uall [4ms]
2023-04-10 09:41:16.179 [info] > git config --get commit.template [7ms]
2023-04-10 09:41:16.180 [info] > git for-each-ref --format=%(refname)%00%(upstream:short)%00%(objectname)%00%(upstream:track)%00%(upstream:remotename)%00%(upstream:remoteref) refs/heads/master refs/remotes/master [2ms]
2023-04-10 09:41:16.190 [info] > git status -z -uall [4ms]
2023-04-10 09:42:05.954 [info] > git config --get commit.template [8ms]
2023-04-10 09:42:05.954 [info] > git for-each-ref --format=%(refname)%00%(upstream:short)%00%(objectname)%00%(upstream:track)%00%(upstream:remotename)%00%(upstream:remoteref) refs/heads/master refs/remotes/master [1ms]
2023-04-10 09:42:05.969 [info] > git status -z -uall [6ms]
2023-04-10 09:42:11.008 [info] > git config --get commit.template [21ms]
2023-04-10 09:42:11.009 [info] > git for-each-ref --format=%(refname)%00%(upstream:short)%00%(objectname)%00%(upstream:track)%00%(upstream:remotename)%00%(upstream:remoteref) refs/heads/master refs/remotes/master [5ms]
2023-04-10 09:42:11.033 [info] > git status -z -uall [11ms]
2023-04-10 09:42:23.354 [info] > git for-each-ref --format=%(refname)%00%(upstream:short)%00%(objectname)%00%(upstream:track)%00%(upstream:remotename)%00%(upstream:remoteref) refs/heads/master refs/remotes/master [1ms]
2023-04-10 09:42:23.354 [info] > git config --get commit.template [15ms]
2023-04-10 09:42:23.367 [info] > git status -z -uall [5ms]
2023-04-10 09:42:28.393 [info] > git for-each-ref --format=%(refname)%00%(upstream:short)%00%(objectname)%00%(upstream:track)%00%(upstream:remotename)%00%(upstream:remoteref) refs/heads/master refs/remotes/master [0ms]
2023-04-10 09:42:28.393 [info] > git config --get commit.template [14ms]
2023-04-10 09:42:28.406 [info] > git status -z -uall [5ms]
2023-04-10 09:42:45.293 [info] > git config --get commit.template [9ms]
2023-04-10 09:42:45.293 [info] > git for-each-ref --format=%(refname)%00%(upstream:short)%00%(objectname)%00%(upstream:track)%00%(upstream:remotename)%00%(upstream:remoteref) refs/heads/master refs/remotes/master [1ms]
2023-04-10 09:42:45.304 [info] > git status -z -uall [3ms]
2023-04-10 09:43:30.296 [info] > git config --get commit.template [9ms]
2023-04-10 09:43:30.296 [info] > git for-each-ref --format=%(refname)%00%(upstream:short)%00%(objectname)%00%(upstream:track)%00%(upstream:remotename)%00%(upstream:remoteref) refs/heads/master refs/remotes/master [1ms]
2023-04-10 09:43:30.307 [info] > git status -z -uall [4ms]
2023-04-10 09:47:16.091 [info] > git show --textconv :server/src/socket.ts [11ms]
2023-04-10 09:47:16.092 [info] > git ls-files --stage -- /root/GenXIoT/server/src/socket.ts [2ms]
2023-04-10 09:47:16.101 [info] > git cat-file -s 7499ed6bdc971165f6c6ef858390314ad8429a15 [2ms]
2023-04-10 09:48:01.055 [info] > git check-ignore -v -z --stdin [1ms]
2023-04-10 09:48:12.920 [info] > git check-ignore -v -z --stdin [1ms]
2023-04-10 09:48:17.765 [info] > git show --textconv :deploy/Dockerfile [10ms]
2023-04-10 09:48:17.765 [info] > git ls-files --stage -- /root/GenXIoT/deploy/Dockerfile [2ms]
2023-04-10 09:48:17.775 [info] > git cat-file -s ad8775104ac210f634df0a9db2438f27b40929b7 [1ms]
2023-04-10 09:50:14.921 [info] > git show --textconv :client/src/pages/DeviceData/index.tsx [9ms]
2023-04-10 09:50:14.922 [info] > git ls-files --stage -- /root/GenXIoT/client/src/pages/DeviceData/index.tsx [1ms]
2023-04-10 09:50:14.931 [info] > git cat-file -s d3f6134247c18b1b337d7c48276598db40fe1af9 [1ms]
2023-04-10 09:50:22.858 [info] > git config --get commit.template [10ms]
2023-04-10 09:50:22.860 [info] > git for-each-ref --format=%(refname)%00%(upstream:short)%00%(objectname)%00%(upstream:track)%00%(upstream:remotename)%00%(upstream:remoteref) refs/heads/master refs/remotes/master [2ms]
2023-04-10 09:50:22.874 [info] > git status -z -uall [5ms]
2023-04-10 09:50:27.450 [info] > git show --textconv HEAD:docker-compose.yml [8ms]
2023-04-10 09:50:27.450 [info] > git ls-tree -l HEAD -- /root/GenXIoT/docker-compose.yml [1ms]
2023-04-10 09:52:00.631 [info] > git show --textconv :deploy/default_1.conf [9ms]
2023-04-10 09:52:00.632 [info] > git ls-files --stage -- /root/GenXIoT/deploy/default_1.conf [2ms]
2023-04-10 09:52:00.801 [info] > git check-ignore -v -z --stdin [1ms]
2023-04-10 09:52:01.316 [info] > git config --get commit.template [9ms]
2023-04-10 09:52:01.317 [info] > git for-each-ref --format=%(refname)%00%(upstream:short)%00%(objectname)%00%(upstream:track)%00%(upstream:remotename)%00%(upstream:remoteref) refs/heads/master refs/remotes/master [2ms]
2023-04-10 09:52:01.331 [info] > git status -z -uall [5ms]
2023-04-10 09:52:20.591 [info] > git show --textconv :deploy/default.conf [8ms]
2023-04-10 09:52:20.592 [info] > git ls-files --stage -- /root/GenXIoT/deploy/default.conf [2ms]
2023-04-10 09:52:20.599 [info] > git cat-file -s 52bd0b803a67f292c1231e7cfab37aa398b6d0ad [1ms]
2023-04-10 09:52:21.250 [info] > git config --get commit.template [1ms]
2023-04-10 09:52:21.258 [info] > git for-each-ref --format=%(refname)%00%(upstream:short)%00%(objectname)%00%(upstream:track)%00%(upstream:remotename)%00%(upstream:remoteref) refs/heads/master refs/remotes/master [1ms]
2023-04-10 09:52:21.271 [info] > git status -z -uall [4ms]
2023-04-10 09:53:25.374 [info] > git config --get commit.template [9ms]
2023-04-10 09:53:25.374 [info] > git for-each-ref --format=%(refname)%00%(upstream:short)%00%(objectname)%00%(upstream:track)%00%(upstream:remotename)%00%(upstream:remoteref) refs/heads/master refs/remotes/master [2ms]
2023-04-10 09:53:25.387 [info] > git status -z -uall [4ms]
2023-04-10 09:53:46.011 [info] > git show --textconv :deploy/nginx.conf [6ms]
2023-04-10 09:53:46.012 [info] > git ls-files --stage -- /root/GenXIoT/deploy/nginx.conf [1ms]
2023-04-10 09:53:46.131 [info] > git check-ignore -v -z --stdin [2ms]
2023-04-10 09:53:46.665 [info] > git config --get commit.template [8ms]
2023-04-10 09:53:46.665 [info] > git for-each-ref --format=%(refname)%00%(upstream:short)%00%(objectname)%00%(upstream:track)%00%(upstream:remotename)%00%(upstream:remoteref) refs/heads/master refs/remotes/master [1ms]
2023-04-10 09:53:46.676 [info] > git status -z -uall [3ms]
2023-04-10 09:55:52.831 [info] > git config --get commit.template [8ms]
2023-04-10 09:55:52.832 [info] > git for-each-ref --format=%(refname)%00%(upstream:short)%00%(objectname)%00%(upstream:track)%00%(upstream:remotename)%00%(upstream:remoteref) refs/heads/master refs/remotes/master [2ms]
2023-04-10 09:55:52.842 [info] > git status -z -uall [4ms]
2023-04-10 09:56:20.605 [info] > git check-ignore -v -z --stdin [1ms]
2023-04-10 09:56:24.545 [info] > git show --textconv :nginx/default.conf [7ms]
2023-04-10 09:56:24.545 [info] > git ls-files --stage -- /root/GenXIoT/nginx/default.conf [1ms]
2023-04-10 09:56:24.552 [info] > git cat-file -s 851542ccf5aff856c4116b458e7c69556c48ef6a [1ms]
2023-04-10 09:58:02.251 [info] > git config --get commit.template [1ms]
2023-04-10 09:58:02.265 [info] > git for-each-ref --format=%(refname)%00%(upstream:short)%00%(objectname)%00%(upstream:track)%00%(upstream:remotename)%00%(upstream:remoteref) refs/heads/master refs/remotes/master [2ms]
2023-04-10 09:58:02.281 [info] > git status -z -uall [5ms]
2023-04-10 09:58:13.949 [info] > git config --get commit.template [7ms]
2023-04-10 09:58:13.949 [info] > git for-each-ref --format=%(refname)%00%(upstream:short)%00%(objectname)%00%(upstream:track)%00%(upstream:remotename)%00%(upstream:remoteref) refs/heads/master refs/remotes/master [1ms]
2023-04-10 09:58:13.962 [info] > git status -z -uall [4ms]
2023-04-10 09:58:20.060 [info] > git config --get commit.template [6ms]
2023-04-10 09:58:20.061 [info] > git for-each-ref --format=%(refname)%00%(upstream:short)%00%(objectname)%00%(upstream:track)%00%(upstream:remotename)%00%(upstream:remoteref) refs/heads/master refs/remotes/master [1ms]
2023-04-10 09:58:20.072 [info] > git status -z -uall [4ms]
2023-04-10 09:58:44.777 [info] > git config --get commit.template [7ms]
2023-04-10 09:58:44.779 [info] > git for-each-ref --format=%(refname)%00%(upstream:short)%00%(objectname)%00%(upstream:track)%00%(upstream:remotename)%00%(upstream:remoteref) refs/heads/master refs/remotes/master [2ms]
2023-04-10 09:58:44.806 [info] > git status -z -uall [5ms]
2023-04-10 09:58:49.826 [info] > git config --get commit.template [7ms]
2023-04-10 09:58:49.829 [info] > git for-each-ref --format=%(refname)%00%(upstream:short)%00%(objectname)%00%(upstream:track)%00%(upstream:remotename)%00%(upstream:remoteref) refs/heads/master refs/remotes/master [3ms]
2023-04-10 09:58:49.840 [info] > git status -z -uall [3ms]
2023-04-10 09:58:59.160 [info] > git config --get commit.template [1ms]
2023-04-10 09:58:59.169 [info] > git for-each-ref --format=%(refname)%00%(upstream:short)%00%(objectname)%00%(upstream:track)%00%(upstream:remotename)%00%(upstream:remoteref) refs/heads/master refs/remotes/master [2ms]
2023-04-10 09:58:59.181 [info] > git status -z -uall [3ms]
2023-04-10 10:00:42.499 [info] > git config --get commit.template [8ms]
2023-04-10 10:00:42.501 [info] > git for-each-ref --format=%(refname)%00%(upstream:short)%00%(objectname)%00%(upstream:track)%00%(upstream:remotename)%00%(upstream:remoteref) refs/heads/master refs/remotes/master [3ms]
2023-04-10 10:00:42.514 [info] > git status -z -uall [4ms]
2023-04-10 10:01:25.299 [info] > git config --get commit.template [13ms]
2023-04-10 10:01:25.301 [info] > git for-each-ref --format=%(refname)%00%(upstream:short)%00%(objectname)%00%(upstream:track)%00%(upstream:remotename)%00%(upstream:remoteref) refs/heads/master refs/remotes/master [3ms]
2023-04-10 10:01:25.312 [info] > git status -z -uall [5ms]
2023-04-10 10:03:00.510 [info] > git config --get commit.template [51ms]
2023-04-10 10:03:00.524 [info] > git for-each-ref --format=%(refname)%00%(upstream:short)%00%(objectname)%00%(upstream:track)%00%(upstream:remotename)%00%(upstream:remoteref) refs/heads/master refs/remotes/master [15ms]
2023-04-10 10:03:00.545 [info] > git status -z -uall [7ms]
2023-04-10 10:03:05.570 [info] > git config --get commit.template [7ms]
2023-04-10 10:03:05.571 [info] > git for-each-ref --format=%(refname)%00%(upstream:short)%00%(objectname)%00%(upstream:track)%00%(upstream:remotename)%00%(upstream:remoteref) refs/heads/master refs/remotes/master [1ms]
2023-04-10 10:03:05.582 [info] > git status -z -uall [4ms]
2023-04-10 10:03:15.063 [info] > git config --get commit.template [9ms]
2023-04-10 10:03:15.064 [info] > git for-each-ref --format=%(refname)%00%(upstream:short)%00%(objectname)%00%(upstream:track)%00%(upstream:remotename)%00%(upstream:remoteref) refs/heads/master refs/remotes/master [2ms]
2023-04-10 10:03:15.075 [info] > git status -z -uall [4ms]
2023-04-10 10:07:23.621 [info] > git show --textconv :deploy/default_2.conf [9ms]
2023-04-10 10:07:23.622 [info] > git ls-files --stage -- /root/GenXIoT/deploy/default_2.conf [3ms]
2023-04-10 10:07:23.829 [info] > git check-ignore -v -z --stdin [1ms]
2023-04-10 10:07:24.335 [info] > git config --get commit.template [1ms]
2023-04-10 10:07:24.347 [info] > git for-each-ref --format=%(refname)%00%(upstream:short)%00%(objectname)%00%(upstream:track)%00%(upstream:remotename)%00%(upstream:remoteref) refs/heads/master refs/remotes/master [2ms]
2023-04-10 10:07:24.363 [info] > git status -z -uall [6ms]
2023-04-10 10:07:34.549 [info] > git config --get commit.template [10ms]
2023-04-10 10:07:34.550 [info] > git for-each-ref --format=%(refname)%00%(upstream:short)%00%(objectname)%00%(upstream:track)%00%(upstream:remotename)%00%(upstream:remoteref) refs/heads/master refs/remotes/master [2ms]
2023-04-10 10:07:34.562 [info] > git status -z -uall [3ms]
2023-04-10 10:07:38.011 [info] > git show --textconv :deploy/default.conf [9ms]
2023-04-10 10:07:38.012 [info] > git ls-files --stage -- /root/GenXIoT/deploy/default.conf [1ms]
2023-04-10 10:07:38.022 [info] > git cat-file -s 52bd0b803a67f292c1231e7cfab37aa398b6d0ad [2ms]
2023-04-10 10:07:41.216 [info] > git config --get commit.template [9ms]
2023-04-10 10:07:41.217 [info] > git for-each-ref --format=%(refname)%00%(upstream:short)%00%(objectname)%00%(upstream:track)%00%(upstream:remotename)%00%(upstream:remoteref) refs/heads/master refs/remotes/master [2ms]
2023-04-10 10:07:41.229 [info] > git status -z -uall [4ms]
2023-04-10 10:07:46.247 [info] > git config --get commit.template [6ms]
2023-04-10 10:07:46.248 [info] > git for-each-ref --format=%(refname)%00%(upstream:short)%00%(objectname)%00%(upstream:track)%00%(upstream:remotename)%00%(upstream:remoteref) refs/heads/master refs/remotes/master [1ms]
2023-04-10 10:07:46.259 [info] > git status -z -uall [5ms]
2023-04-10 10:07:59.774 [info] > git config --get commit.template [12ms]
2023-04-10 10:07:59.776 [info] > git for-each-ref --format=%(refname)%00%(upstream:short)%00%(objectname)%00%(upstream:track)%00%(upstream:remotename)%00%(upstream:remoteref) refs/heads/master refs/remotes/master [3ms]
2023-04-10 10:07:59.791 [info] > git status -z -uall [7ms]
2023-04-10 10:08:04.805 [info] > git config --get commit.template [2ms]
2023-04-10 10:08:04.816 [info] > git for-each-ref --format=%(refname)%00%(upstream:short)%00%(objectname)%00%(upstream:track)%00%(upstream:remotename)%00%(upstream:remoteref) refs/heads/master refs/remotes/master [1ms]
2023-04-10 10:08:04.827 [info] > git status -z -uall [4ms]
2023-04-10 10:08:14.770 [info] > git config --get commit.template [10ms]
2023-04-10 10:08:14.770 [info] > git for-each-ref --format=%(refname)%00%(upstream:short)%00%(objectname)%00%(upstream:track)%00%(upstream:remotename)%00%(upstream:remoteref) refs/heads/master refs/remotes/master [1ms]
2023-04-10 10:08:14.785 [info] > git status -z -uall [5ms]
2023-04-10 10:08:38.178 [info] > git config --get commit.template [1ms]
2023-04-10 10:08:38.187 [info] > git for-each-ref --format=%(refname)%00%(upstream:short)%00%(objectname)%00%(upstream:track)%00%(upstream:remotename)%00%(upstream:remoteref) refs/heads/master refs/remotes/master [1ms]
2023-04-10 10:08:38.198 [info] > git status -z -uall [4ms]
2023-04-10 10:08:43.219 [info] > git config --get commit.template [8ms]
2023-04-10 10:08:43.220 [info] > git for-each-ref --format=%(refname)%00%(upstream:short)%00%(objectname)%00%(upstream:track)%00%(upstream:remotename)%00%(upstream:remoteref) refs/heads/master refs/remotes/master [2ms]
2023-04-10 10:08:43.230 [info] > git status -z -uall [4ms]
2023-04-10 10:08:59.146 [info] > git config --get commit.template [14ms]
2023-04-10 10:08:59.155 [info] > git for-each-ref --format=%(refname)%00%(upstream:short)%00%(objectname)%00%(upstream:track)%00%(upstream:remotename)%00%(upstream:remoteref) refs/heads/master refs/remotes/master [10ms]
2023-04-10 10:08:59.165 [info] > git status -z -uall [4ms]
2023-04-10 10:09:04.194 [info] > git config --get commit.template [8ms]
2023-04-10 10:09:04.196 [info] > git for-each-ref --format=%(refname)%00%(upstream:short)%00%(objectname)%00%(upstream:track)%00%(upstream:remotename)%00%(upstream:remoteref) refs/heads/master refs/remotes/master [3ms]
2023-04-10 10:09:04.208 [info] > git status -z -uall [4ms]
2023-04-10 10:09:13.981 [info] > git config --get commit.template [11ms]
2023-04-10 10:09:13.981 [info] > git for-each-ref --format=%(refname)%00%(upstream:short)%00%(objectname)%00%(upstream:track)%00%(upstream:remotename)%00%(upstream:remoteref) refs/heads/master refs/remotes/master [1ms]
2023-04-10 10:09:13.994 [info] > git status -z -uall [4ms]
2023-04-10 10:10:27.834 [info] > git show --textconv :server/package.json [11ms]
2023-04-10 10:10:27.839 [info] > git ls-files --stage -- /root/GenXIoT/server/package.json [6ms]
2023-04-10 10:10:27.859 [info] > git cat-file -s 22144bb183999e370d0eef3da450a404f00fd24a [5ms]
2023-04-10 10:13:06.908 [info] > git config --get commit.template [11ms]
2023-04-10 10:13:06.909 [info] > git for-each-ref --format=%(refname)%00%(upstream:short)%00%(objectname)%00%(upstream:track)%00%(upstream:remotename)%00%(upstream:remoteref) refs/heads/master refs/remotes/master [3ms]
2023-04-10 10:13:06.920 [info] > git status -z -uall [4ms]
2023-04-10 10:13:13.658 [info] > git config --get commit.template [24ms]
2023-04-10 10:13:13.660 [info] > git for-each-ref --format=%(refname)%00%(upstream:short)%00%(objectname)%00%(upstream:track)%00%(upstream:remotename)%00%(upstream:remoteref) refs/heads/master refs/remotes/master [9ms]
2023-04-10 10:13:13.699 [info] > git status -z -uall [14ms]
2023-04-10 10:13:28.189 [info] > git config --get commit.template [69ms]
2023-04-10 10:13:28.189 [info] > git for-each-ref --format=%(refname)%00%(upstream:short)%00%(objectname)%00%(upstream:track)%00%(upstream:remotename)%00%(upstream:remoteref) refs/heads/master refs/remotes/master [31ms]
2023-04-10 10:13:28.203 [info] > git status -z -uall [7ms]
2023-04-10 10:13:33.216 [info] > git config --get commit.template [0ms]
2023-04-10 10:13:33.230 [info] > git for-each-ref --format=%(refname)%00%(upstream:short)%00%(objectname)%00%(upstream:track)%00%(upstream:remotename)%00%(upstream:remoteref) refs/heads/master refs/remotes/master [2ms]
2023-04-10 10:13:33.242 [info] > git status -z -uall [3ms]
2023-04-10 10:13:38.266 [info] > git config --get commit.template [10ms]
2023-04-10 10:13:38.267 [info] > git for-each-ref --format=%(refname)%00%(upstream:short)%00%(objectname)%00%(upstream:track)%00%(upstream:remotename)%00%(upstream:remoteref) refs/heads/master refs/remotes/master [1ms]
2023-04-10 10:13:38.283 [info] > git status -z -uall [5ms]
2023-04-10 10:13:48.582 [info] > git config --get commit.template [8ms]
2023-04-10 10:13:48.583 [info] > git for-each-ref --format=%(refname)%00%(upstream:short)%00%(objectname)%00%(upstream:track)%00%(upstream:remotename)%00%(upstream:remoteref) refs/heads/master refs/remotes/master [2ms]
2023-04-10 10:13:48.592 [info] > git status -z -uall [3ms]
2023-04-10 10:28:33.973 [info] > git config --get commit.template [10ms]
2023-04-10 10:28:33.974 [info] > git for-each-ref --format=%(refname)%00%(upstream:short)%00%(objectname)%00%(upstream:track)%00%(upstream:remotename)%00%(upstream:remoteref) refs/heads/master refs/remotes/master [1ms]
2023-04-10 10:28:33.986 [info] > git status -z -uall [4ms]
2023-04-10 10:28:39.538 [info] > git config --get commit.template [9ms]
2023-04-10 10:28:39.538 [info] > git for-each-ref --format=%(refname)%00%(upstream:short)%00%(objectname)%00%(upstream:track)%00%(upstream:remotename)%00%(upstream:remoteref) refs/heads/master refs/remotes/master [1ms]
2023-04-10 10:28:39.549 [info] > git status -z -uall [3ms]
2023-04-10 10:28:54.685 [info] > git config --get commit.template [9ms]
2023-04-10 10:28:54.687 [info] > git for-each-ref --format=%(refname)%00%(upstream:short)%00%(objectname)%00%(upstream:track)%00%(upstream:remotename)%00%(upstream:remoteref) refs/heads/master refs/remotes/master [2ms]
2023-04-10 10:28:54.705 [info] > git status -z -uall [9ms]
2023-04-10 10:28:59.724 [info] > git config --get commit.template [7ms]
2023-04-10 10:28:59.726 [info] > git for-each-ref --format=%(refname)%00%(upstream:short)%00%(objectname)%00%(upstream:track)%00%(upstream:remotename)%00%(upstream:remoteref) refs/heads/master refs/remotes/master [2ms]
2023-04-10 10:28:59.736 [info] > git status -z -uall [4ms]
2023-04-10 10:29:09.268 [info] > git config --get commit.template [11ms]
2023-04-10 10:29:09.269 [info] > git for-each-ref --format=%(refname)%00%(upstream:short)%00%(objectname)%00%(upstream:track)%00%(upstream:remotename)%00%(upstream:remoteref) refs/heads/master refs/remotes/master [2ms]
2023-04-10 10:29:09.283 [info] > git status -z -uall [5ms]
2023-04-10 10:34:56.939 [info] > git config --get commit.template [11ms]
2023-04-10 10:34:56.940 [info] > git for-each-ref --format=%(refname)%00%(upstream:short)%00%(objectname)%00%(upstream:track)%00%(upstream:remotename)%00%(upstream:remoteref) refs/heads/master refs/remotes/master [2ms]
2023-04-10 10:34:56.953 [info] > git status -z -uall [4ms]
2023-04-10 10:35:11.317 [info] > git config --get commit.template [21ms]
2023-04-10 10:35:11.317 [info] > git for-each-ref --format=%(refname)%00%(upstream:short)%00%(objectname)%00%(upstream:track)%00%(upstream:remotename)%00%(upstream:remoteref) refs/heads/master refs/remotes/master [1ms]
2023-04-10 10:35:11.335 [info] > git status -z -uall [8ms]
2023-04-10 10:35:16.363 [info] > git config --get commit.template [7ms]
2023-04-10 10:35:16.364 [info] > git for-each-ref --format=%(refname)%00%(upstream:short)%00%(objectname)%00%(upstream:track)%00%(upstream:remotename)%00%(upstream:remoteref) refs/heads/master refs/remotes/master [1ms]
2023-04-10 10:35:16.376 [info] > git status -z -uall [4ms]
2023-04-10 10:35:26.517 [info] > git config --get commit.template [9ms]
2023-04-10 10:35:26.517 [info] > git for-each-ref --format=%(refname)%00%(upstream:short)%00%(objectname)%00%(upstream:track)%00%(upstream:remotename)%00%(upstream:remoteref) refs/heads/master refs/remotes/master [1ms]
2023-04-10 10:35:26.531 [info] > git status -z -uall [5ms]
2023-04-10 10:51:36.366 [info] > git config --get commit.template [10ms]
2023-04-10 10:51:36.367 [info] > git for-each-ref --format=%(refname)%00%(upstream:short)%00%(objectname)%00%(upstream:track)%00%(upstream:remotename)%00%(upstream:remoteref) refs/heads/master refs/remotes/master [2ms]
2023-04-10 10:51:36.380 [info] > git status -z -uall [5ms]
2023-04-10 10:53:54.840 [info] > git show --textconv :deploy/default_1.conf [8ms]
2023-04-10 10:53:54.841 [info] > git ls-files --stage -- /root/GenXIoT/deploy/default_1.conf [2ms]
2023-04-10 10:53:55.517 [info] > git config --get commit.template [2ms]
2023-04-10 10:53:55.526 [info] > git for-each-ref --format=%(refname)%00%(upstream:short)%00%(objectname)%00%(upstream:track)%00%(upstream:remotename)%00%(upstream:remoteref) refs/heads/master refs/remotes/master [1ms]
2023-04-10 10:53:55.539 [info] > git status -z -uall [4ms]
2023-04-10 10:54:05.394 [info] > git show --textconv :deploy/default.conf [9ms]
2023-04-10 10:54:05.395 [info] > git ls-files --stage -- /root/GenXIoT/deploy/default.conf [1ms]
2023-04-10 10:54:05.404 [info] > git cat-file -s 52bd0b803a67f292c1231e7cfab37aa398b6d0ad [2ms]
2023-04-10 10:54:05.926 [info] > git config --get commit.template [7ms]
2023-04-10 10:54:05.927 [info] > git for-each-ref --format=%(refname)%00%(upstream:short)%00%(objectname)%00%(upstream:track)%00%(upstream:remotename)%00%(upstream:remoteref) refs/heads/master refs/remotes/master [1ms]
2023-04-10 10:54:05.937 [info] > git status -z -uall [4ms]
2023-04-10 10:58:16.333 [info] > git config --get commit.template [11ms]
2023-04-10 10:58:16.333 [info] > git for-each-ref --format=%(refname)%00%(upstream:short)%00%(objectname)%00%(upstream:track)%00%(upstream:remotename)%00%(upstream:remoteref) refs/heads/master refs/remotes/master [2ms]
2023-04-10 10:58:16.346 [info] > git status -z -uall [4ms]
2023-04-10 10:58:29.576 [info] > git show --textconv :deploy/default_2.conf [11ms]
2023-04-10 10:58:29.583 [info] > git ls-files --stage -- /root/GenXIoT/deploy/default_2.conf [8ms]
2023-04-10 10:58:30.225 [info] > git config --get commit.template [8ms]
2023-04-10 10:58:30.225 [info] > git for-each-ref --format=%(refname)%00%(upstream:short)%00%(objectname)%00%(upstream:track)%00%(upstream:remotename)%00%(upstream:remoteref) refs/heads/master refs/remotes/master [1ms]
2023-04-10 10:58:30.235 [info] > git status -z -uall [3ms]
2023-04-10 10:58:37.023 [info] > git show --textconv :deploy/default.conf [9ms]
2023-04-10 10:58:37.024 [info] > git ls-files --stage -- /root/GenXIoT/deploy/default.conf [1ms]
2023-04-10 10:58:37.033 [info] > git cat-file -s 52bd0b803a67f292c1231e7cfab37aa398b6d0ad [2ms]
2023-04-10 10:58:37.755 [info] > git config --get commit.template [7ms]
2023-04-10 10:58:37.755 [info] > git for-each-ref --format=%(refname)%00%(upstream:short)%00%(objectname)%00%(upstream:track)%00%(upstream:remotename)%00%(upstream:remoteref) refs/heads/master refs/remotes/master [1ms]
2023-04-10 10:58:37.766 [info] > git status -z -uall [4ms]
2023-04-10 10:58:42.786 [info] > git config --get commit.template [8ms]
2023-04-10 10:58:42.787 [info] > git for-each-ref --format=%(refname)%00%(upstream:short)%00%(objectname)%00%(upstream:track)%00%(upstream:remotename)%00%(upstream:remoteref) refs/heads/master refs/remotes/master [1ms]
2023-04-10 10:58:42.797 [info] > git status -z -uall [4ms]
2023-04-10 10:58:53.741 [info] > git for-each-ref --format=%(refname)%00%(upstream:short)%00%(objectname)%00%(upstream:track)%00%(upstream:remotename)%00%(upstream:remoteref) refs/heads/master refs/remotes/master [1ms]
2023-04-10 10:58:53.745 [info] > git config --get commit.template [14ms]
2023-04-10 10:58:53.764 [info] > git status -z -uall [10ms]
2023-04-10 10:58:58.779 [info] > git config --get commit.template [2ms]
2023-04-10 10:58:58.787 [info] > git for-each-ref --format=%(refname)%00%(upstream:short)%00%(objectname)%00%(upstream:track)%00%(upstream:remotename)%00%(upstream:remoteref) refs/heads/master refs/remotes/master [1ms]
2023-04-10 10:58:58.798 [info] > git status -z -uall [4ms]
2023-04-10 10:59:08.401 [info] > git config --get commit.template [10ms]
2023-04-10 10:59:08.401 [info] > git for-each-ref --format=%(refname)%00%(upstream:short)%00%(objectname)%00%(upstream:track)%00%(upstream:remotename)%00%(upstream:remoteref) refs/heads/master refs/remotes/master [1ms]
2023-04-10 10:59:08.412 [info] > git status -z -uall [4ms]
