2023-04-05 03:51:01.911 [info] Log level: Info
2023-04-05 03:51:01.911 [info] Validating found git in: "git"
2023-04-05 03:51:01.911 [info] Using git "2.25.1" from "git"
2023-04-05 03:51:01.911 [info] > git rev-parse --show-toplevel [82ms]
2023-04-05 03:51:01.911 [info] > git rev-parse --git-dir --git-common-dir [5ms]
2023-04-05 03:51:01.911 [info] Open repository: /root/GenXIoT
2023-04-05 03:51:01.911 [info] > git rev-parse --show-toplevel [8ms]
2023-04-05 03:51:01.911 [info] > git config --get commit.template [7ms]
2023-04-05 03:51:01.911 [info] > git rev-parse --show-toplevel [3ms]
2023-04-05 03:51:01.911 [info] > git rev-parse --show-toplevel [8ms]
2023-04-05 03:51:01.911 [info] > git for-each-ref --format=%(refname)%00%(upstream:short)%00%(objectname)%00%(upstream:track)%00%(upstream:remotename)%00%(upstream:remoteref) refs/heads/master refs/remotes/master [11ms]
2023-04-05 03:51:01.911 [info] > git rev-parse --show-toplevel [12ms]
2023-04-05 03:51:01.911 [info] > git status -z -uall [10ms]
2023-04-05 03:51:01.911 [info] > git rev-parse --show-toplevel [22ms]
2023-04-05 03:51:01.911 [info] > git rev-parse --show-toplevel [26ms]
2023-04-05 03:51:01.911 [info] > git config --get commit.template [41ms]
2023-04-05 03:51:01.911 [info] > git rev-parse --show-toplevel [3ms]
2023-04-05 03:51:01.911 [info] > git rev-parse --show-toplevel [9ms]
2023-04-05 03:51:01.911 [info] > git for-each-ref --format=%(refname)%00%(upstream:short)%00%(objectname)%00%(upstream:track)%00%(upstream:remotename)%00%(upstream:remoteref) refs/heads/master refs/remotes/master [10ms]
2023-04-05 03:51:01.911 [info] > git rev-parse --show-toplevel [9ms]
2023-04-05 03:51:01.911 [info] > git status -z -uall [9ms]
2023-04-05 03:51:01.911 [info] > git rev-parse --show-toplevel [4ms]
2023-04-05 03:51:01.911 [info] > git check-ignore -v -z --stdin [8ms]
2023-04-05 03:51:01.911 [info] > git show --textconv :server/package.json [10ms]
2023-04-05 03:51:01.911 [info] > git ls-files --stage -- /root/GenXIoT/server/package.json [3ms]
2023-04-05 03:51:01.911 [info] > git cat-file -s 22144bb183999e370d0eef3da450a404f00fd24a [5ms]
2023-04-05 03:52:05.167 [info] > git check-ignore -v -z --stdin [1ms]
2023-04-05 03:52:07.115 [info] > git config --get commit.template [10ms]
2023-04-05 03:52:07.116 [info] > git for-each-ref --format=%(refname)%00%(upstream:short)%00%(objectname)%00%(upstream:track)%00%(upstream:remotename)%00%(upstream:remoteref) refs/heads/master refs/remotes/master [3ms]
2023-04-05 03:52:07.125 [info] > git status -z -uall [3ms]
2023-04-05 03:52:14.161 [info] > git check-ignore -v -z --stdin [1ms]
2023-04-05 03:52:21.789 [info] > git show --textconv :mongo/docker-compose.yml [7ms]
2023-04-05 03:52:21.790 [info] > git ls-files --stage -- /root/GenXIoT/mongo/docker-compose.yml [2ms]
2023-04-05 03:52:21.797 [info] > git cat-file -s edac6b5c7e75bf868f335ce4d4bda26fa21154fa [1ms]
2023-04-05 03:54:28.836 [info] > git show --textconv :mongo/Dockerfile.yml [7ms]
2023-04-05 03:54:28.836 [info] > git ls-files --stage -- /root/GenXIoT/mongo/Dockerfile.yml [1ms]
2023-04-05 03:54:28.979 [info] > git check-ignore -v -z --stdin [1ms]
2023-04-05 03:54:29.503 [info] > git config --get commit.template [8ms]
2023-04-05 03:54:29.503 [info] > git for-each-ref --format=%(refname)%00%(upstream:short)%00%(objectname)%00%(upstream:track)%00%(upstream:remotename)%00%(upstream:remoteref) refs/heads/master refs/remotes/master [2ms]
2023-04-05 03:54:29.511 [info] > git status -z -uall [3ms]
2023-04-05 03:55:17.218 [info] > git show --textconv :mongo/mongod.conf [6ms]
2023-04-05 03:55:17.219 [info] > git ls-files --stage -- /root/GenXIoT/mongo/mongod.conf [1ms]
2023-04-05 03:55:17.374 [info] > git check-ignore -v -z --stdin [1ms]
2023-04-05 03:55:17.874 [info] > git config --get commit.template [7ms]
2023-04-05 03:55:17.874 [info] > git for-each-ref --format=%(refname)%00%(upstream:short)%00%(objectname)%00%(upstream:track)%00%(upstream:remotename)%00%(upstream:remoteref) refs/heads/master refs/remotes/master [1ms]
2023-04-05 03:55:17.883 [info] > git status -z -uall [3ms]
2023-04-05 03:55:43.276 [info] > git show --textconv :docker-compose.yml [8ms]
2023-04-05 03:55:43.277 [info] > git ls-files --stage -- /root/GenXIoT/docker-compose.yml [2ms]
2023-04-05 03:55:43.283 [info] > git cat-file -s 840ea51beafaa458caf35f67d4eec32a0013580b [1ms]
2023-04-05 03:57:42.759 [info] > git config --get commit.template [2ms]
2023-04-05 03:57:42.769 [info] > git for-each-ref --format=%(refname)%00%(upstream:short)%00%(objectname)%00%(upstream:track)%00%(upstream:remotename)%00%(upstream:remoteref) refs/heads/master refs/remotes/master [1ms]
2023-04-05 03:57:42.782 [info] > git status -z -uall [4ms]
2023-04-05 03:57:49.485 [info] > git config --get commit.template [7ms]
2023-04-05 03:57:49.485 [info] > git for-each-ref --format=%(refname)%00%(upstream:short)%00%(objectname)%00%(upstream:track)%00%(upstream:remotename)%00%(upstream:remoteref) refs/heads/master refs/remotes/master [1ms]
2023-04-05 03:57:49.496 [info] > git status -z -uall [3ms]
2023-04-05 03:57:54.722 [info] > git config --get commit.template [1ms]
2023-04-05 03:57:54.731 [info] > git for-each-ref --format=%(refname)%00%(upstream:short)%00%(objectname)%00%(upstream:track)%00%(upstream:remotename)%00%(upstream:remoteref) refs/heads/master refs/remotes/master [1ms]
2023-04-05 03:57:54.743 [info] > git status -z -uall [3ms]
2023-04-05 03:58:32.538 [info] > git check-ignore -v -z --stdin [1ms]
2023-04-05 03:58:39.693 [info] > git show --textconv :server/src/server.ts [20ms]
2023-04-05 03:58:39.696 [info] > git ls-files --stage -- /root/GenXIoT/server/src/server.ts [4ms]
2023-04-05 03:58:39.713 [info] > git cat-file -s f253bb67c9051da7a9965aed930bcf70219854e9 [4ms]
2023-04-05 04:01:38.882 [info] > git check-ignore -v -z --stdin [3ms]
2023-04-05 04:01:39.137 [info] > git show --textconv :client/src/pages/DeviceData/index.tsx [9ms]
2023-04-05 04:01:39.139 [info] > git ls-files --stage -- /root/GenXIoT/client/src/pages/DeviceData/index.tsx [3ms]
2023-04-05 04:01:39.150 [info] > git cat-file -s d3f6134247c18b1b337d7c48276598db40fe1af9 [1ms]
2023-04-05 04:01:40.061 [info] > git check-ignore -v -z --stdin [1ms]
2023-04-05 04:02:54.760 [info] > git config --get commit.template [1ms]
2023-04-05 04:02:54.767 [info] > git for-each-ref --format=%(refname)%00%(upstream:short)%00%(objectname)%00%(upstream:track)%00%(upstream:remotename)%00%(upstream:remoteref) refs/heads/master refs/remotes/master [2ms]
2023-04-05 04:02:54.776 [info] > git status -z -uall [3ms]
2023-04-05 04:03:04.160 [info] > git config --get commit.template [6ms]
2023-04-05 04:03:04.160 [info] > git for-each-ref --format=%(refname)%00%(upstream:short)%00%(objectname)%00%(upstream:track)%00%(upstream:remotename)%00%(upstream:remoteref) refs/heads/master refs/remotes/master [2ms]
2023-04-05 04:03:04.168 [info] > git status -z -uall [3ms]
2023-04-05 04:04:24.750 [info] > git config --get commit.template [9ms]
2023-04-05 04:04:24.750 [info] > git for-each-ref --format=%(refname)%00%(upstream:short)%00%(objectname)%00%(upstream:track)%00%(upstream:remotename)%00%(upstream:remoteref) refs/heads/master refs/remotes/master [1ms]
2023-04-05 04:04:24.761 [info] > git status -z -uall [3ms]
2023-04-05 04:06:42.295 [info] > git check-ignore -v -z --stdin [1ms]
2023-04-05 04:07:39.135 [info] > git check-ignore -v -z --stdin [1ms]
2023-04-05 04:09:03.525 [info] > git show --textconv :mongo/docker-compose.yml [9ms]
2023-04-05 04:09:03.526 [info] > git ls-files --stage -- /root/GenXIoT/mongo/docker-compose.yml [1ms]
2023-04-05 04:09:03.536 [info] > git cat-file -s edac6b5c7e75bf868f335ce4d4bda26fa21154fa [1ms]
2023-04-05 04:13:13.775 [info] > git config --get commit.template [2ms]
2023-04-05 04:13:13.783 [info] > git for-each-ref --format=%(refname)%00%(upstream:short)%00%(objectname)%00%(upstream:track)%00%(upstream:remotename)%00%(upstream:remoteref) refs/heads/master refs/remotes/master [1ms]
2023-04-05 04:13:13.791 [info] > git status -z -uall [3ms]
2023-04-05 04:14:18.936 [info] > git config --get commit.template [7ms]
2023-04-05 04:14:18.937 [info] > git for-each-ref --format=%(refname)%00%(upstream:short)%00%(objectname)%00%(upstream:track)%00%(upstream:remotename)%00%(upstream:remoteref) refs/heads/master refs/remotes/master [1ms]
2023-04-05 04:14:18.948 [info] > git status -z -uall [5ms]
2023-04-05 04:14:45.636 [info] > git config --get commit.template [1ms]
2023-04-05 04:14:45.644 [info] > git for-each-ref --format=%(refname)%00%(upstream:short)%00%(objectname)%00%(upstream:track)%00%(upstream:remotename)%00%(upstream:remoteref) refs/heads/master refs/remotes/master [1ms]
2023-04-05 04:14:45.664 [info] > git status -z -uall [1ms]
2023-04-05 04:15:05.637 [info] > git show --textconv :mongo/Dockerfile.yml [9ms]
2023-04-05 04:15:05.638 [info] > git ls-files --stage -- /root/GenXIoT/mongo/Dockerfile.yml [2ms]
2023-04-05 04:15:11.208 [info] > git check-ignore -v -z --stdin [1ms]
2023-04-05 04:15:11.722 [info] > git config --get commit.template [9ms]
2023-04-05 04:15:11.722 [info] > git for-each-ref --format=%(refname)%00%(upstream:short)%00%(objectname)%00%(upstream:track)%00%(upstream:remotename)%00%(upstream:remoteref) refs/heads/master refs/remotes/master [1ms]
2023-04-05 04:15:11.734 [info] > git status -z -uall [4ms]
2023-04-05 04:15:21.183 [info] > git config --get commit.template [21ms]
2023-04-05 04:15:21.184 [info] > git for-each-ref --format=%(refname)%00%(upstream:short)%00%(objectname)%00%(upstream:track)%00%(upstream:remotename)%00%(upstream:remoteref) refs/heads/master refs/remotes/master [1ms]
2023-04-05 04:15:21.194 [info] > git status -z -uall [3ms]
2023-04-05 04:17:58.592 [info] > git show --textconv :mongo/Dockerfile [9ms]
2023-04-05 04:17:58.592 [info] > git ls-files --stage -- /root/GenXIoT/mongo/Dockerfile [2ms]
2023-04-05 04:17:58.787 [info] > git check-ignore -v -z --stdin [2ms]
2023-04-05 04:17:59.303 [info] > git config --get commit.template [9ms]
2023-04-05 04:17:59.305 [info] > git for-each-ref --format=%(refname)%00%(upstream:short)%00%(objectname)%00%(upstream:track)%00%(upstream:remotename)%00%(upstream:remoteref) refs/heads/master refs/remotes/master [2ms]
2023-04-05 04:17:59.319 [info] > git status -z -uall [7ms]
2023-04-05 04:18:09.753 [info] > git config --get commit.template [1ms]
2023-04-05 04:18:09.761 [info] > git for-each-ref --format=%(refname)%00%(upstream:short)%00%(objectname)%00%(upstream:track)%00%(upstream:remotename)%00%(upstream:remoteref) refs/heads/master refs/remotes/master [2ms]
2023-04-05 04:18:09.770 [info] > git status -z -uall [3ms]
2023-04-05 04:18:18.008 [info] > git config --get commit.template [14ms]
2023-04-05 04:18:18.010 [info] > git for-each-ref --format=%(refname)%00%(upstream:short)%00%(objectname)%00%(upstream:track)%00%(upstream:remotename)%00%(upstream:remoteref) refs/heads/master refs/remotes/master [3ms]
2023-04-05 04:18:18.031 [info] > git status -z -uall [9ms]
2023-04-05 04:18:18.049 [info] > git check-ignore -v -z --stdin [3ms]
2023-04-05 04:18:23.056 [info] > git config --get commit.template [9ms]
2023-04-05 04:18:23.058 [info] > git for-each-ref --format=%(refname)%00%(upstream:short)%00%(objectname)%00%(upstream:track)%00%(upstream:remotename)%00%(upstream:remoteref) refs/heads/master refs/remotes/master [2ms]
2023-04-05 04:18:23.073 [info] > git status -z -uall [5ms]
2023-04-05 04:18:28.794 [info] > git config --get commit.template [8ms]
2023-04-05 04:18:28.797 [info] > git for-each-ref --format=%(refname)%00%(upstream:short)%00%(objectname)%00%(upstream:track)%00%(upstream:remotename)%00%(upstream:remoteref) refs/heads/master refs/remotes/master [3ms]
2023-04-05 04:18:28.814 [info] > git status -z -uall [6ms]
2023-04-05 04:18:38.227 [info] > git show --textconv :Dockerfile.yml [7ms]
2023-04-05 04:18:38.228 [info] > git ls-files --stage -- /root/GenXIoT/Dockerfile.yml [1ms]
2023-04-05 04:18:49.146 [info] > git config --get commit.template [1ms]
2023-04-05 04:18:49.157 [info] > git for-each-ref --format=%(refname)%00%(upstream:short)%00%(objectname)%00%(upstream:track)%00%(upstream:remotename)%00%(upstream:remoteref) refs/heads/master refs/remotes/master [1ms]
2023-04-05 04:18:49.171 [info] > git status -z -uall [4ms]
2023-04-05 04:19:21.163 [info] > git config --get commit.template [7ms]
2023-04-05 04:19:21.163 [info] > git for-each-ref --format=%(refname)%00%(upstream:short)%00%(objectname)%00%(upstream:track)%00%(upstream:remotename)%00%(upstream:remoteref) refs/heads/master refs/remotes/master [2ms]
2023-04-05 04:19:21.173 [info] > git status -z -uall [3ms]
2023-04-05 04:21:00.631 [info] > git config --get commit.template [1ms]
2023-04-05 04:21:00.642 [info] > git for-each-ref --format=%(refname)%00%(upstream:short)%00%(objectname)%00%(upstream:track)%00%(upstream:remotename)%00%(upstream:remoteref) refs/heads/master refs/remotes/master [2ms]
2023-04-05 04:21:00.654 [info] > git status -z -uall [3ms]
2023-04-05 04:21:05.813 [info] > git config --get commit.template [1ms]
2023-04-05 04:21:05.830 [info] > git for-each-ref --format=%(refname)%00%(upstream:short)%00%(objectname)%00%(upstream:track)%00%(upstream:remotename)%00%(upstream:remoteref) refs/heads/master refs/remotes/master [7ms]
2023-04-05 04:21:05.843 [info] > git status -z -uall [6ms]
2023-04-05 04:21:10.862 [info] > git config --get commit.template [1ms]
2023-04-05 04:21:10.896 [info] > git for-each-ref --format=%(refname)%00%(upstream:short)%00%(objectname)%00%(upstream:track)%00%(upstream:remotename)%00%(upstream:remoteref) refs/heads/master refs/remotes/master [14ms]
2023-04-05 04:21:10.920 [info] > git status -z -uall [6ms]
2023-04-05 04:21:15.947 [info] > git config --get commit.template [10ms]
2023-04-05 04:21:15.949 [info] > git for-each-ref --format=%(refname)%00%(upstream:short)%00%(objectname)%00%(upstream:track)%00%(upstream:remotename)%00%(upstream:remoteref) refs/heads/master refs/remotes/master [2ms]
2023-04-05 04:21:15.960 [info] > git status -z -uall [3ms]
2023-04-05 04:27:58.407 [info] > git config --get commit.template [10ms]
2023-04-05 04:27:58.408 [info] > git for-each-ref --format=%(refname)%00%(upstream:short)%00%(objectname)%00%(upstream:track)%00%(upstream:remotename)%00%(upstream:remoteref) refs/heads/master refs/remotes/master [1ms]
2023-04-05 04:27:58.421 [info] > git status -z -uall [3ms]
2023-04-05 04:28:03.441 [info] > git config --get commit.template [10ms]
2023-04-05 04:28:03.441 [info] > git for-each-ref --format=%(refname)%00%(upstream:short)%00%(objectname)%00%(upstream:track)%00%(upstream:remotename)%00%(upstream:remoteref) refs/heads/master refs/remotes/master [2ms]
2023-04-05 04:28:03.452 [info] > git status -z -uall [4ms]
2023-04-05 04:28:08.476 [info] > git config --get commit.template [11ms]
2023-04-05 04:28:08.478 [info] > git for-each-ref --format=%(refname)%00%(upstream:short)%00%(objectname)%00%(upstream:track)%00%(upstream:remotename)%00%(upstream:remoteref) refs/heads/master refs/remotes/master [2ms]
2023-04-05 04:28:08.487 [info] > git status -z -uall [3ms]
2023-04-05 04:28:15.723 [info] > git config --get commit.template [12ms]
2023-04-05 04:28:15.725 [info] > git for-each-ref --format=%(refname)%00%(upstream:short)%00%(objectname)%00%(upstream:track)%00%(upstream:remotename)%00%(upstream:remoteref) refs/heads/master refs/remotes/master [3ms]
2023-04-05 04:28:15.738 [info] > git status -z -uall [5ms]
2023-04-05 04:30:04.931 [info] > git config --get commit.template [1ms]
2023-04-05 04:30:04.940 [info] > git for-each-ref --format=%(refname)%00%(upstream:short)%00%(objectname)%00%(upstream:track)%00%(upstream:remotename)%00%(upstream:remoteref) refs/heads/master refs/remotes/master [1ms]
2023-04-05 04:30:04.951 [info] > git status -z -uall [3ms]
2023-04-05 04:30:10.291 [info] > git config --get commit.template [15ms]
2023-04-05 04:30:10.292 [info] > git for-each-ref --format=%(refname)%00%(upstream:short)%00%(objectname)%00%(upstream:track)%00%(upstream:remotename)%00%(upstream:remoteref) refs/heads/master refs/remotes/master [2ms]
2023-04-05 04:30:10.302 [info] > git status -z -uall [4ms]
2023-04-05 04:30:15.326 [info] > git config --get commit.template [10ms]
2023-04-05 04:30:15.328 [info] > git for-each-ref --format=%(refname)%00%(upstream:short)%00%(objectname)%00%(upstream:track)%00%(upstream:remotename)%00%(upstream:remoteref) refs/heads/master refs/remotes/master [2ms]
2023-04-05 04:30:15.350 [info] > git status -z -uall [8ms]
2023-04-05 04:30:20.363 [info] > git config --get commit.template [1ms]
2023-04-05 04:30:20.377 [info] > git for-each-ref --format=%(refname)%00%(upstream:short)%00%(objectname)%00%(upstream:track)%00%(upstream:remotename)%00%(upstream:remoteref) refs/heads/master refs/remotes/master [3ms]
2023-04-05 04:30:20.387 [info] > git status -z -uall [5ms]
2023-04-05 04:30:25.410 [info] > git config --get commit.template [9ms]
2023-04-05 04:30:25.411 [info] > git for-each-ref --format=%(refname)%00%(upstream:short)%00%(objectname)%00%(upstream:track)%00%(upstream:remotename)%00%(upstream:remoteref) refs/heads/master refs/remotes/master [2ms]
2023-04-05 04:30:25.424 [info] > git status -z -uall [3ms]
2023-04-05 04:33:58.272 [info] > git config --get commit.template [4ms]
2023-04-05 04:33:58.283 [info] > git for-each-ref --format=%(refname)%00%(upstream:short)%00%(objectname)%00%(upstream:track)%00%(upstream:remotename)%00%(upstream:remoteref) refs/heads/master refs/remotes/master [1ms]
2023-04-05 04:33:58.292 [info] > git status -z -uall [3ms]
2023-04-05 04:34:10.207 [info] > git config --get commit.template [10ms]
2023-04-05 04:34:10.208 [info] > git for-each-ref --format=%(refname)%00%(upstream:short)%00%(objectname)%00%(upstream:track)%00%(upstream:remotename)%00%(upstream:remoteref) refs/heads/master refs/remotes/master [2ms]
2023-04-05 04:34:10.218 [info] > git status -z -uall [3ms]
2023-04-05 04:34:15.238 [info] > git config --get commit.template [10ms]
2023-04-05 04:34:15.240 [info] > git for-each-ref --format=%(refname)%00%(upstream:short)%00%(objectname)%00%(upstream:track)%00%(upstream:remotename)%00%(upstream:remoteref) refs/heads/master refs/remotes/master [3ms]
2023-04-05 04:34:15.250 [info] > git status -z -uall [4ms]
2023-04-05 04:34:20.264 [info] > git config --get commit.template [1ms]
2023-04-05 04:34:20.273 [info] > git for-each-ref --format=%(refname)%00%(upstream:short)%00%(objectname)%00%(upstream:track)%00%(upstream:remotename)%00%(upstream:remoteref) refs/heads/master refs/remotes/master [1ms]
2023-04-05 04:34:20.282 [info] > git status -z -uall [3ms]
2023-04-05 04:34:25.296 [info] > git config --get commit.template [1ms]
2023-04-05 04:34:25.307 [info] > git for-each-ref --format=%(refname)%00%(upstream:short)%00%(objectname)%00%(upstream:track)%00%(upstream:remotename)%00%(upstream:remoteref) refs/heads/master refs/remotes/master [1ms]
2023-04-05 04:34:25.317 [info] > git status -z -uall [4ms]
2023-04-05 04:34:30.344 [info] > git config --get commit.template [14ms]
2023-04-05 04:34:30.387 [info] > git for-each-ref --format=%(refname)%00%(upstream:short)%00%(objectname)%00%(upstream:track)%00%(upstream:remotename)%00%(upstream:remoteref) refs/heads/master refs/remotes/master [18ms]
2023-04-05 04:34:30.399 [info] > git status -z -uall [4ms]
2023-04-05 04:36:07.900 [info] > git config --get commit.template [6ms]
2023-04-05 04:36:07.900 [info] > git for-each-ref --format=%(refname)%00%(upstream:short)%00%(objectname)%00%(upstream:track)%00%(upstream:remotename)%00%(upstream:remoteref) refs/heads/master refs/remotes/master [1ms]
2023-04-05 04:36:07.911 [info] > git status -z -uall [3ms]
2023-04-05 04:36:12.925 [info] > git config --get commit.template [1ms]
2023-04-05 04:36:12.936 [info] > git for-each-ref --format=%(refname)%00%(upstream:short)%00%(objectname)%00%(upstream:track)%00%(upstream:remotename)%00%(upstream:remoteref) refs/heads/master refs/remotes/master [2ms]
2023-04-05 04:36:12.948 [info] > git status -z -uall [3ms]
2023-04-05 04:36:29.975 [info] > git config --get commit.template [1ms]
2023-04-05 04:36:29.985 [info] > git for-each-ref --format=%(refname)%00%(upstream:short)%00%(objectname)%00%(upstream:track)%00%(upstream:remotename)%00%(upstream:remoteref) refs/heads/master refs/remotes/master [2ms]
2023-04-05 04:36:29.995 [info] > git status -z -uall [4ms]
2023-04-05 04:36:35.016 [info] > git config --get commit.template [9ms]
2023-04-05 04:36:35.017 [info] > git for-each-ref --format=%(refname)%00%(upstream:short)%00%(objectname)%00%(upstream:track)%00%(upstream:remotename)%00%(upstream:remoteref) refs/heads/master refs/remotes/master [2ms]
2023-04-05 04:36:35.034 [info] > git status -z -uall [8ms]
2023-04-05 04:36:40.072 [info] > git config --get commit.template [8ms]
2023-04-05 04:36:40.074 [info] > git for-each-ref --format=%(refname)%00%(upstream:short)%00%(objectname)%00%(upstream:track)%00%(upstream:remotename)%00%(upstream:remoteref) refs/heads/master refs/remotes/master [3ms]
2023-04-05 04:36:40.087 [info] > git status -z -uall [4ms]
2023-04-05 04:36:50.854 [info] > git config --get commit.template [1ms]
2023-04-05 04:36:50.865 [info] > git for-each-ref --format=%(refname)%00%(upstream:short)%00%(objectname)%00%(upstream:track)%00%(upstream:remotename)%00%(upstream:remoteref) refs/heads/master refs/remotes/master [1ms]
2023-04-05 04:36:50.879 [info] > git status -z -uall [4ms]
2023-04-05 04:39:11.983 [info] > git config --get commit.template [9ms]
2023-04-05 04:39:11.984 [info] > git for-each-ref --format=%(refname)%00%(upstream:short)%00%(objectname)%00%(upstream:track)%00%(upstream:remotename)%00%(upstream:remoteref) refs/heads/master refs/remotes/master [1ms]
2023-04-05 04:39:11.995 [info] > git status -z -uall [3ms]
2023-04-05 04:39:23.982 [info] > git config --get commit.template [1ms]
2023-04-05 04:39:23.990 [info] > git for-each-ref --format=%(refname)%00%(upstream:short)%00%(objectname)%00%(upstream:track)%00%(upstream:remotename)%00%(upstream:remoteref) refs/heads/master refs/remotes/master [2ms]
2023-04-05 04:39:23.999 [info] > git status -z -uall [3ms]
2023-04-05 04:39:30.302 [info] > git config --get commit.template [18ms]
2023-04-05 04:39:30.304 [info] > git for-each-ref --format=%(refname)%00%(upstream:short)%00%(objectname)%00%(upstream:track)%00%(upstream:remotename)%00%(upstream:remoteref) refs/heads/master refs/remotes/master [3ms]
2023-04-05 04:39:30.315 [info] > git status -z -uall [4ms]
2023-04-05 04:39:35.331 [info] > git config --get commit.template [1ms]
2023-04-05 04:39:35.341 [info] > git for-each-ref --format=%(refname)%00%(upstream:short)%00%(objectname)%00%(upstream:track)%00%(upstream:remotename)%00%(upstream:remoteref) refs/heads/master refs/remotes/master [1ms]
2023-04-05 04:39:35.353 [info] > git status -z -uall [4ms]
2023-04-05 04:39:46.200 [info] > git config --get commit.template [2ms]
2023-04-05 04:39:46.207 [info] > git for-each-ref --format=%(refname)%00%(upstream:short)%00%(objectname)%00%(upstream:track)%00%(upstream:remotename)%00%(upstream:remoteref) refs/heads/master refs/remotes/master [1ms]
2023-04-05 04:39:46.216 [info] > git status -z -uall [3ms]
2023-04-05 04:41:44.892 [info] > git config --get commit.template [7ms]
2023-04-05 04:41:44.892 [info] > git for-each-ref --format=%(refname)%00%(upstream:short)%00%(objectname)%00%(upstream:track)%00%(upstream:remotename)%00%(upstream:remoteref) refs/heads/master refs/remotes/master [1ms]
2023-04-05 04:41:44.905 [info] > git status -z -uall [6ms]
2023-04-05 05:36:02.591 [info] > git config --get commit.template [8ms]
2023-04-05 05:36:02.591 [info] > git for-each-ref --format=%(refname)%00%(upstream:short)%00%(objectname)%00%(upstream:track)%00%(upstream:remotename)%00%(upstream:remoteref) refs/heads/master refs/remotes/master [1ms]
2023-04-05 05:36:02.604 [info] > git status -z -uall [6ms]
2023-04-05 05:36:07.624 [info] > git config --get commit.template [7ms]
2023-04-05 05:36:07.624 [info] > git for-each-ref --format=%(refname)%00%(upstream:short)%00%(objectname)%00%(upstream:track)%00%(upstream:remotename)%00%(upstream:remoteref) refs/heads/master refs/remotes/master [1ms]
2023-04-05 05:36:07.635 [info] > git status -z -uall [3ms]
2023-04-05 12:05:28.282 [info] > git config --get commit.template [8ms]
2023-04-05 12:05:28.283 [info] > git for-each-ref --format=%(refname)%00%(upstream:short)%00%(objectname)%00%(upstream:track)%00%(upstream:remotename)%00%(upstream:remoteref) refs/heads/master refs/remotes/master [2ms]
2023-04-05 12:05:28.295 [info] > git status -z -uall [5ms]
