*
* Visual Studio Code Server
*
* By using the software, you agree to
* the Visual Studio Code Server License Terms (https://aka.ms/vscode-server-license) and
* the Microsoft Privacy Statement (https://privacy.microsoft.com/en-US/privacystatement).
*
Server bound to 127.0.0.1:36905 (IPv4)
Extension host agent listening on 36905

[04:18:21] Extension host agent started.
[04:18:22] [127.0.0.1][b239b746][ManagementConnection] New connection established.
[04:18:23] [127.0.0.1][ff385437][ExtensionHostConnection] New connection established.
[04:18:23] [127.0.0.1][ff385437][ExtensionHostConnection] <351147> Launched Extension Host Process.
[IPC Library: Pty Host]  WARN Shell integration cannot be enabled for executable "/bin/sh" and args [
  '-c',
  'wget --version > /dev/null\n' +
    'if [ $? -eq 0 ]\n' +
    'then\n' +
    "\twget --connect-timeout=7 --tries=1 --dns-timeout=7 -q --header='Metadata:true' -O - http://169.254.169.254/metadata/instance?api-version=2019-03-11\n" +
    'else\n' +
    '\tcurl --version > /dev/null\n' +
    '\tif [ $? -eq 0 ]\n' +
    '\tthen\n' +
    "\t\tcurl --connect-timeout 7 -s --header='Metadata:true' http://169.254.169.254/metadata/instance?api-version=2019-03-11\n" +
    '\tfi\n' +
    'fi\n' +
    'exit 0'
]
[IPC Library: Pty Host]  WARN Shell integration cannot be enabled for executable "/bin/sh" and args [
  '-c',
  'wget --version > /dev/null\n' +
    'if [ $? -eq 0 ]\n' +
    'then\n' +
    '\twget --connect-timeout=7 --tries=1 --dns-timeout=7 -q  -O - http://169.254.169.254/latest/meta-data/instance-id\n' +
    'else\n' +
    '\tcurl --version > /dev/null\n' +
    '\tif [ $? -eq 0 ]\n' +
    '\tthen\n' +
    '\t\tcurl --connect-timeout 7 -s  http://169.254.169.254/latest/meta-data/instance-id\n' +
    '\tfi\n' +
    'fi\n' +
    'exit 0'
]
[IPC Library: Pty Host]  WARN Shell integration cannot be enabled for executable "/bin/sh" and args [
  '-c',
  'wget --version > /dev/null\n' +
    'if [ $? -eq 0 ]\n' +
    'then\n' +
    '\twget --connect-timeout=7 --tries=1 --dns-timeout=7 -q  -O - http://169.254.169.254/metadata/v1/id\n' +
    'else\n' +
    '\tcurl --version > /dev/null\n' +
    '\tif [ $? -eq 0 ]\n' +
    '\tthen\n' +
    '\t\tcurl --connect-timeout 7 -s  http://169.254.169.254/metadata/v1/id\n' +
    '\tfi\n' +
    'fi\n' +
    'exit 0'
]
[IPC Library: Pty Host]  WARN Shell integration cannot be enabled for executable "/bin/sh" and args [
  '-c',
  'wget --version > /dev/null\n' +
    'if [ $? -eq 0 ]\n' +
    'then\n' +
    "\twget --connect-timeout=7 --tries=1 --dns-timeout=7 -q --header='Metadata-Flavor:Google' -O - http://metadata.google.internal/computeMetadata/v1/instance/id\n" +
    'else\n' +
    '\tcurl --version > /dev/null\n' +
    '\tif [ $? -eq 0 ]\n' +
    '\tthen\n' +
    "\t\tcurl --connect-timeout 7 -s --header='Metadata-Flavor:Google' http://metadata.google.internal/computeMetadata/v1/instance/id\n" +
    '\tfi\n' +
    'fi\n' +
    'exit 0'
]
[04:19:24] [127.0.0.1][b239b746][ManagementConnection] The client has disconnected gracefully, so the connection will be disposed.
[04:19:24] [127.0.0.1][ff385437][ExtensionHostConnection] <351147> Extension Host Process exited with code: 0, signal: null.
Last EH closed, waiting before shutting down
[04:19:24] Last EH closed, waiting before shutting down
Got delay-shutdown request while in shutdown timeout, delaying
[04:19:29] Got delay-shutdown request while in shutdown timeout, delaying
Cancelling previous shutdown timeout
[04:19:29] Cancelling previous shutdown timeout
[04:19:30] [127.0.0.1][242bac0b][ManagementConnection] New connection established.
[04:19:30] [127.0.0.1][b9af9794][ExtensionHostConnection] New connection established.
[04:19:30] [127.0.0.1][b9af9794][ExtensionHostConnection] <351373> Launched Extension Host Process.
rejected promise not handled within 1 second: CodeExpectedError: Could not find pty on pty host
stack trace: CodeExpectedError: Could not find pty on pty host,    at a._throwIfNoPty (/root/.vscode-server/bin/d045a5eda657f4d7b676dedbfa7aab8207f8a075/out/vs/platform/terminal/node/ptyHostMain.js:27:7252),    at a.updateTitle (/root/.vscode-server/bin/d045a5eda657f4d7b676dedbfa7aab8207f8a075/out/vs/platform/terminal/node/ptyHostMain.js:27:2984),    at Object.call (/root/.vscode-server/bin/d045a5eda657f4d7b676dedbfa7aab8207f8a075/out/vs/platform/terminal/node/ptyHostMain.js:16:8386),    at c.onPromise (/root/.vscode-server/bin/d045a5eda657f4d7b676dedbfa7aab8207f8a075/out/vs/platform/terminal/node/ptyHostMain.js:15:5833),    at c.onRawMessage (/root/.vscode-server/bin/d045a5eda657f4d7b676dedbfa7aab8207f8a075/out/vs/platform/terminal/node/ptyHostMain.js:15:5216),    at /root/.vscode-server/bin/d045a5eda657f4d7b676dedbfa7aab8207f8a075/out/vs/platform/terminal/node/ptyHostMain.js:15:4502,    at m.invoke (/root/.vscode-server/bin/d045a5eda657f4d7b676dedbfa7aab8207f8a075/out/vs/platform/terminal/node/ptyHostMain.js:11:145),    at D.deliver (/root/.vscode-server/bin/d045a5eda657f4d7b676dedbfa7aab8207f8a075/out/vs/platform/terminal/node/ptyHostMain.js:11:2275),    at O.fire (/root/.vscode-server/bin/d045a5eda657f4d7b676dedbfa7aab8207f8a075/out/vs/platform/terminal/node/ptyHostMain.js:11:1853),    at process.X (/root/.vscode-server/bin/d045a5eda657f4d7b676dedbfa7aab8207f8a075/out/vs/platform/terminal/node/ptyHostMain.js:9:20837),    at process.emit (node:events:526:28),    at emit (node:internal/child_process:938:14),    at processTicksAndRejections (node:internal/process/task_queues:84:21)
[04:19:32] [Error [CodeExpectedError]: Could not find pty on pty host,    at a._throwIfNoPty (/root/.vscode-server/bin/d045a5eda657f4d7b676dedbfa7aab8207f8a075/out/vs/platform/terminal/node/ptyHostMain.js:27:7252),    at a.updateTitle (/root/.vscode-server/bin/d045a5eda657f4d7b676dedbfa7aab8207f8a075/out/vs/platform/terminal/node/ptyHostMain.js:27:2984),    at Object.call (/root/.vscode-server/bin/d045a5eda657f4d7b676dedbfa7aab8207f8a075/out/vs/platform/terminal/node/ptyHostMain.js:16:8386),    at c.onPromise (/root/.vscode-server/bin/d045a5eda657f4d7b676dedbfa7aab8207f8a075/out/vs/platform/terminal/node/ptyHostMain.js:15:5833),    at c.onRawMessage (/root/.vscode-server/bin/d045a5eda657f4d7b676dedbfa7aab8207f8a075/out/vs/platform/terminal/node/ptyHostMain.js:15:5216),    at /root/.vscode-server/bin/d045a5eda657f4d7b676dedbfa7aab8207f8a075/out/vs/platform/terminal/node/ptyHostMain.js:15:4502,    at m.invoke (/root/.vscode-server/bin/d045a5eda657f4d7b676dedbfa7aab8207f8a075/out/vs/platform/terminal/node/ptyHostMain.js:11:145),    at D.deliver (/root/.vscode-server/bin/d045a5eda657f4d7b676dedbfa7aab8207f8a075/out/vs/platform/terminal/node/ptyHostMain.js:11:2275),    at O.fire (/root/.vscode-server/bin/d045a5eda657f4d7b676dedbfa7aab8207f8a075/out/vs/platform/terminal/node/ptyHostMain.js:11:1853),    at process.X (/root/.vscode-server/bin/d045a5eda657f4d7b676dedbfa7aab8207f8a075/out/vs/platform/terminal/node/ptyHostMain.js:9:20837),    at process.emit (node:events:526:28),    at emit (node:internal/child_process:938:14),    at processTicksAndRejections (node:internal/process/task_queues:84:21)]
[IPC Library: Pty Host]  WARN Shell integration cannot be enabled for executable "/bin/sh" and args [
  '-c',
  'wget --version > /dev/null\n' +
    'if [ $? -eq 0 ]\n' +
    'then\n' +
    "\twget --connect-timeout=7 --tries=1 --dns-timeout=7 -q --header='Metadata:true' -O - http://169.254.169.254/metadata/instance?api-version=2019-03-11\n" +
    'else\n' +
    '\tcurl --version > /dev/null\n' +
    '\tif [ $? -eq 0 ]\n' +
    '\tthen\n' +
    "\t\tcurl --connect-timeout 7 -s --header='Metadata:true' http://169.254.169.254/metadata/instance?api-version=2019-03-11\n" +
    '\tfi\n' +
    'fi\n' +
    'exit 0'
]
[IPC Library: Pty Host]  WARN Shell integration cannot be enabled for executable "/bin/sh" and args [
  '-c',
  'wget --version > /dev/null\n' +
    'if [ $? -eq 0 ]\n' +
    'then\n' +
    '\twget --connect-timeout=7 --tries=1 --dns-timeout=7 -q  -O - http://169.254.169.254/latest/meta-data/instance-id\n' +
    'else\n' +
    '\tcurl --version > /dev/null\n' +
    '\tif [ $? -eq 0 ]\n' +
    '\tthen\n' +
    '\t\tcurl --connect-timeout 7 -s  http://169.254.169.254/latest/meta-data/instance-id\n' +
    '\tfi\n' +
    'fi\n' +
    'exit 0'
]
[IPC Library: Pty Host]  WARN Shell integration cannot be enabled for executable "/bin/sh" and args [
  '-c',
  'wget --version > /dev/null\n' +
    'if [ $? -eq 0 ]\n' +
    'then\n' +
    '\twget --connect-timeout=7 --tries=1 --dns-timeout=7 -q  -O - http://169.254.169.254/metadata/v1/id\n' +
    'else\n' +
    '\tcurl --version > /dev/null\n' +
    '\tif [ $? -eq 0 ]\n' +
    '\tthen\n' +
    '\t\tcurl --connect-timeout 7 -s  http://169.254.169.254/metadata/v1/id\n' +
    '\tfi\n' +
    'fi\n' +
    'exit 0'
]
[IPC Library: Pty Host]  WARN Shell integration cannot be enabled for executable "/bin/sh" and args [
  '-c',
  'wget --version > /dev/null\n' +
    'if [ $? -eq 0 ]\n' +
    'then\n' +
    "\twget --connect-timeout=7 --tries=1 --dns-timeout=7 -q --header='Metadata-Flavor:Google' -O - http://metadata.google.internal/computeMetadata/v1/instance/id\n" +
    'else\n' +
    '\tcurl --version > /dev/null\n' +
    '\tif [ $? -eq 0 ]\n' +
    '\tthen\n' +
    "\t\tcurl --connect-timeout 7 -s --header='Metadata-Flavor:Google' http://metadata.google.internal/computeMetadata/v1/instance/id\n" +
    '\tfi\n' +
    'fi\n' +
    'exit 0'
]
New EH opened, aborting shutdown
[04:24:29] New EH opened, aborting shutdown
[06:38:35] [127.0.0.1][704129b3][ManagementConnection] New connection established.
[06:38:35] [127.0.0.1][c1ebeaf1][ExtensionHostConnection] New connection established.
[06:38:35] [127.0.0.1][c1ebeaf1][ExtensionHostConnection] <358791> Launched Extension Host Process.
[IPC Library: Pty Host]  WARN Shell integration cannot be enabled for executable "/bin/sh" and args [
  '-c',
  'wget --version > /dev/null\n' +
    'if [ $? -eq 0 ]\n' +
    'then\n' +
    "\twget --connect-timeout=7 --tries=1 --dns-timeout=7 -q --header='Metadata:true' -O - http://169.254.169.254/metadata/instance?api-version=2019-03-11\n" +
    'else\n' +
    '\tcurl --version > /dev/null\n' +
    '\tif [ $? -eq 0 ]\n' +
    '\tthen\n' +
    "\t\tcurl --connect-timeout 7 -s --header='Metadata:true' http://169.254.169.254/metadata/instance?api-version=2019-03-11\n" +
    '\tfi\n' +
    'fi\n' +
    'exit 0'
]
[IPC Library: Pty Host]  WARN Shell integration cannot be enabled for executable "/bin/sh" and args [
  '-c',
  'wget --version > /dev/null\n' +
    'if [ $? -eq 0 ]\n' +
    'then\n' +
    '\twget --connect-timeout=7 --tries=1 --dns-timeout=7 -q  -O - http://169.254.169.254/latest/meta-data/instance-id\n' +
    'else\n' +
    '\tcurl --version > /dev/null\n' +
    '\tif [ $? -eq 0 ]\n' +
    '\tthen\n' +
    '\t\tcurl --connect-timeout 7 -s  http://169.254.169.254/latest/meta-data/instance-id\n' +
    '\tfi\n' +
    'fi\n' +
    'exit 0'
]
[IPC Library: Pty Host]  WARN Shell integration cannot be enabled for executable "/bin/sh" and args [
  '-c',
  'wget --version > /dev/null\n' +
    'if [ $? -eq 0 ]\n' +
    'then\n' +
    '\twget --connect-timeout=7 --tries=1 --dns-timeout=7 -q  -O - http://169.254.169.254/metadata/v1/id\n' +
    'else\n' +
    '\tcurl --version > /dev/null\n' +
    '\tif [ $? -eq 0 ]\n' +
    '\tthen\n' +
    '\t\tcurl --connect-timeout 7 -s  http://169.254.169.254/metadata/v1/id\n' +
    '\tfi\n' +
    'fi\n' +
    'exit 0'
]
[IPC Library: Pty Host]  WARN Shell integration cannot be enabled for executable "/bin/sh" and args [
  '-c',
  'wget --version > /dev/null\n' +
    'if [ $? -eq 0 ]\n' +
    'then\n' +
    "\twget --connect-timeout=7 --tries=1 --dns-timeout=7 -q --header='Metadata-Flavor:Google' -O - http://metadata.google.internal/computeMetadata/v1/instance/id\n" +
    'else\n' +
    '\tcurl --version > /dev/null\n' +
    '\tif [ $? -eq 0 ]\n' +
    '\tthen\n' +
    "\t\tcurl --connect-timeout 7 -s --header='Metadata-Flavor:Google' http://metadata.google.internal/computeMetadata/v1/instance/id\n" +
    '\tfi\n' +
    'fi\n' +
    'exit 0'
]
[IPC Library: Pty Host]  WARN Persistent process "9": Process had no disconnect runners but was an orphan
[IPC Library: Pty Host]  INFO Persistent process reconnection "9"
[IPC Library: Pty Host]  INFO Persistent process "9": Replaying 5531 chars and 1 size events
[06:43:35] [127.0.0.1][b9af9794][ExtensionHostConnection] <351373> Extension Host Process exited with code: 0, signal: null.
[09:54:41] [127.0.0.1][c1ebeaf1][ExtensionHostConnection] <358791> Extension Host Process exited with code: 0, signal: null.
Last EH closed, waiting before shutting down
[09:54:41] Last EH closed, waiting before shutting down
Last EH closed, shutting down
[09:59:41] Last EH closed, shutting down
